┌ Info: All entries for column Delivery::timestamp are missing, removing
└ @ Main /Users/ksb/repos/lab_repos/echo_analysis/bin/simple_scrub.jl:82
┌ Warning: `delete!(df::AbstractDataFrame, cols::Any)` is deprecated, use `deletecols!(df, cols)` instead.
│   caller = main() at simple_scrub.jl:83
└ @ Main /Users/ksb/repos/lab_repos/echo_analysis/bin/simple_scrub.jl:83
┌ Info: All entries for column Delivery::whyLaborInducedOtherSpecify are missing, removing
└ @ Main /Users/ksb/repos/lab_repos/echo_analysis/bin/simple_scrub.jl:82
┌ Info: All entries for column BreastfeedingDone::timestamp are missing, removing
└ @ Main /Users/ksb/repos/lab_repos/echo_analysis/bin/simple_scrub.jl:82
┌ Info: All entries for column BreastfeedingStill::timestamp are missing, removing
└ @ Main /Users/ksb/repos/lab_repos/echo_analysis/bin/simple_scrub.jl:82
┌ Info: All entries for column BreastfeedingStill::babyHaveSolidFood are missing, removing
└ @ Main /Users/ksb/repos/lab_repos/echo_analysis/bin/simple_scrub.jl:82
┌ Info: All entries for column BreastfeedingStill::babyHaveSolidFoodTimesPerDay are missing, removing
└ @ Main /Users/ksb/repos/lab_repos/echo_analysis/bin/simple_scrub.jl:82
┌ Info: All entries for row 5 are missing, removing
└ @ Main /Users/ksb/repos/lab_repos/echo_analysis/bin/simple_scrub.jl:56
┌ Info: All entries for row 6 are missing, removing
└ @ Main /Users/ksb/repos/lab_repos/echo_analysis/bin/simple_scrub.jl:56
┌ Info: All entries for row 71 are missing, removing
└ @ Main /Users/ksb/repos/lab_repos/echo_analysis/bin/simple_scrub.jl:56
┌ Info: All entries for row 83 are missing, removing
└ @ Main /Users/ksb/repos/lab_repos/echo_analysis/bin/simple_scrub.jl:56
┌ Info: All entries for row 135 are missing, removing
└ @ Main /Users/ksb/repos/lab_repos/echo_analysis/bin/simple_scrub.jl:56
┌ Info: All entries for row 158 are missing, removing
└ @ Main /Users/ksb/repos/lab_repos/echo_analysis/bin/simple_scrub.jl:56
┌ Info: All entries for row 159 are missing, removing
└ @ Main /Users/ksb/repos/lab_repos/echo_analysis/bin/simple_scrub.jl:56
┌ Info: All entries for row 181 are missing, removing
└ @ Main /Users/ksb/repos/lab_repos/echo_analysis/bin/simple_scrub.jl:56
┌ Info: All entries for row 191 are missing, removing
└ @ Main /Users/ksb/repos/lab_repos/echo_analysis/bin/simple_scrub.jl:56
┌ Info: All entries for row 207 are missing, removing
└ @ Main /Users/ksb/repos/lab_repos/echo_analysis/bin/simple_scrub.jl:56
┌ Info: All entries for row 216 are missing, removing
└ @ Main /Users/ksb/repos/lab_repos/echo_analysis/bin/simple_scrub.jl:56
┌ Info: All entries for row 217 are missing, removing
└ @ Main /Users/ksb/repos/lab_repos/echo_analysis/bin/simple_scrub.jl:56
┌ Info: All entries for row 261 are missing, removing
└ @ Main /Users/ksb/repos/lab_repos/echo_analysis/bin/simple_scrub.jl:56
┌ Info: All entries for row 264 are missing, removing
└ @ Main /Users/ksb/repos/lab_repos/echo_analysis/bin/simple_scrub.jl:56
┌ Info: All entries for row 299 are missing, removing
└ @ Main /Users/ksb/repos/lab_repos/echo_analysis/bin/simple_scrub.jl:56
┌ Info: All entries for row 300 are missing, removing
└ @ Main /Users/ksb/repos/lab_repos/echo_analysis/bin/simple_scrub.jl:56
┌ Info: All entries for row 329 are missing, removing
└ @ Main /Users/ksb/repos/lab_repos/echo_analysis/bin/simple_scrub.jl:56
┌ Info: All entries for row 347 are missing, removing
└ @ Main /Users/ksb/repos/lab_repos/echo_analysis/bin/simple_scrub.jl:56
┌ Info: All entries for row 348 are missing, removing
└ @ Main /Users/ksb/repos/lab_repos/echo_analysis/bin/simple_scrub.jl:56
┌ Info: All entries for row 349 are missing, removing
└ @ Main /Users/ksb/repos/lab_repos/echo_analysis/bin/simple_scrub.jl:56
┌ Info: All entries for row 352 are missing, removing
└ @ Main /Users/ksb/repos/lab_repos/echo_analysis/bin/simple_scrub.jl:56
┌ Info: All entries for row 361 are missing, removing
└ @ Main /Users/ksb/repos/lab_repos/echo_analysis/bin/simple_scrub.jl:56
┌ Info: All entries for row 375 are missing, removing
└ @ Main /Users/ksb/repos/lab_repos/echo_analysis/bin/simple_scrub.jl:56
┌ Info: All entries for row 396 are missing, removing
└ @ Main /Users/ksb/repos/lab_repos/echo_analysis/bin/simple_scrub.jl:56
┌ Info: All entries for row 420 are missing, removing
└ @ Main /Users/ksb/repos/lab_repos/echo_analysis/bin/simple_scrub.jl:56
┌ Info: All entries for row 449 are missing, removing
└ @ Main /Users/ksb/repos/lab_repos/echo_analysis/bin/simple_scrub.jl:56
┌ Info: All entries for row 483 are missing, removing
└ @ Main /Users/ksb/repos/lab_repos/echo_analysis/bin/simple_scrub.jl:56
┌ Info: All entries for row 484 are missing, removing
└ @ Main /Users/ksb/repos/lab_repos/echo_analysis/bin/simple_scrub.jl:56
┌ Info: All entries for row 494 are missing, removing
└ @ Main /Users/ksb/repos/lab_repos/echo_analysis/bin/simple_scrub.jl:56
┌ Info: All entries for row 500 are missing, removing
└ @ Main /Users/ksb/repos/lab_repos/echo_analysis/bin/simple_scrub.jl:56
┌ Info: All entries for row 502 are missing, removing
└ @ Main /Users/ksb/repos/lab_repos/echo_analysis/bin/simple_scrub.jl:56
┌ Info: All entries for row 505 are missing, removing
└ @ Main /Users/ksb/repos/lab_repos/echo_analysis/bin/simple_scrub.jl:56
┌ Info: All entries for row 506 are missing, removing
└ @ Main /Users/ksb/repos/lab_repos/echo_analysis/bin/simple_scrub.jl:56
┌ Info: All entries for row 510 are missing, removing
└ @ Main /Users/ksb/repos/lab_repos/echo_analysis/bin/simple_scrub.jl:56
┌ Info: All entries for row 515 are missing, removing
└ @ Main /Users/ksb/repos/lab_repos/echo_analysis/bin/simple_scrub.jl:56
┌ Info: All entries for row 516 are missing, removing
└ @ Main /Users/ksb/repos/lab_repos/echo_analysis/bin/simple_scrub.jl:56
┌ Info: All entries for row 519 are missing, removing
└ @ Main /Users/ksb/repos/lab_repos/echo_analysis/bin/simple_scrub.jl:56
┌ Info: All entries for row 521 are missing, removing
└ @ Main /Users/ksb/repos/lab_repos/echo_analysis/bin/simple_scrub.jl:56
┌ Info: All entries for row 528 are missing, removing
└ @ Main /Users/ksb/repos/lab_repos/echo_analysis/bin/simple_scrub.jl:56
┌ Info: All entries for row 535 are missing, removing
└ @ Main /Users/ksb/repos/lab_repos/echo_analysis/bin/simple_scrub.jl:56
┌ Info: All entries for row 540 are missing, removing
└ @ Main /Users/ksb/repos/lab_repos/echo_analysis/bin/simple_scrub.jl:56
┌ Info: All entries for row 541 are missing, removing
└ @ Main /Users/ksb/repos/lab_repos/echo_analysis/bin/simple_scrub.jl:56
┌ Info: All entries for row 544 are missing, removing
└ @ Main /Users/ksb/repos/lab_repos/echo_analysis/bin/simple_scrub.jl:56
┌ Info: All entries for row 547 are missing, removing
└ @ Main /Users/ksb/repos/lab_repos/echo_analysis/bin/simple_scrub.jl:56
┌ Info: All entries for row 550 are missing, removing
└ @ Main /Users/ksb/repos/lab_repos/echo_analysis/bin/simple_scrub.jl:56
┌ Info: All entries for row 552 are missing, removing
└ @ Main /Users/ksb/repos/lab_repos/echo_analysis/bin/simple_scrub.jl:56
┌ Info: All entries for row 553 are missing, removing
└ @ Main /Users/ksb/repos/lab_repos/echo_analysis/bin/simple_scrub.jl:56
┌ Info: All entries for row 554 are missing, removing
└ @ Main /Users/ksb/repos/lab_repos/echo_analysis/bin/simple_scrub.jl:56
┌ Info: All entries for row 555 are missing, removing
└ @ Main /Users/ksb/repos/lab_repos/echo_analysis/bin/simple_scrub.jl:56
┌ Info: All entries for row 556 are missing, removing
└ @ Main /Users/ksb/repos/lab_repos/echo_analysis/bin/simple_scrub.jl:56
┌ Info: All entries for row 557 are missing, removing
└ @ Main /Users/ksb/repos/lab_repos/echo_analysis/bin/simple_scrub.jl:56
┌ Info: All entries for row 558 are missing, removing
└ @ Main /Users/ksb/repos/lab_repos/echo_analysis/bin/simple_scrub.jl:56
┌ Info: All entries for row 562 are missing, removing
└ @ Main /Users/ksb/repos/lab_repos/echo_analysis/bin/simple_scrub.jl:56
┌ Info: All entries for row 563 are missing, removing
└ @ Main /Users/ksb/repos/lab_repos/echo_analysis/bin/simple_scrub.jl:56
┌ Info: All entries for row 564 are missing, removing
└ @ Main /Users/ksb/repos/lab_repos/echo_analysis/bin/simple_scrub.jl:56
┌ Info: All entries for row 565 are missing, removing
└ @ Main /Users/ksb/repos/lab_repos/echo_analysis/bin/simple_scrub.jl:56
┌ Info: All entries for row 574 are missing, removing
└ @ Main /Users/ksb/repos/lab_repos/echo_analysis/bin/simple_scrub.jl:56
┌ Info: All entries for row 575 are missing, removing
└ @ Main /Users/ksb/repos/lab_repos/echo_analysis/bin/simple_scrub.jl:56
┌ Info: All entries for row 576 are missing, removing
└ @ Main /Users/ksb/repos/lab_repos/echo_analysis/bin/simple_scrub.jl:56
┌ Info: All entries for row 578 are missing, removing
└ @ Main /Users/ksb/repos/lab_repos/echo_analysis/bin/simple_scrub.jl:56
┌ Info: All entries for row 579 are missing, removing
└ @ Main /Users/ksb/repos/lab_repos/echo_analysis/bin/simple_scrub.jl:56
┌ Info: All entries for row 580 are missing, removing
└ @ Main /Users/ksb/repos/lab_repos/echo_analysis/bin/simple_scrub.jl:56
┌ Info: All entries for row 581 are missing, removing
└ @ Main /Users/ksb/repos/lab_repos/echo_analysis/bin/simple_scrub.jl:56
┌ Info: All entries for row 582 are missing, removing
└ @ Main /Users/ksb/repos/lab_repos/echo_analysis/bin/simple_scrub.jl:56
┌ Info: All entries for row 592 are missing, removing
└ @ Main /Users/ksb/repos/lab_repos/echo_analysis/bin/simple_scrub.jl:56
┌ Info: All entries for row 593 are missing, removing
└ @ Main /Users/ksb/repos/lab_repos/echo_analysis/bin/simple_scrub.jl:56
┌ Info: All entries for row 599 are missing, removing
└ @ Main /Users/ksb/repos/lab_repos/echo_analysis/bin/simple_scrub.jl:56
┌ Info: All entries for row 600 are missing, removing
└ @ Main /Users/ksb/repos/lab_repos/echo_analysis/bin/simple_scrub.jl:56
┌ Info: All entries for row 601 are missing, removing
└ @ Main /Users/ksb/repos/lab_repos/echo_analysis/bin/simple_scrub.jl:56
┌ Info: All entries for row 603 are missing, removing
└ @ Main /Users/ksb/repos/lab_repos/echo_analysis/bin/simple_scrub.jl:56
┌ Info: All entries for row 605 are missing, removing
└ @ Main /Users/ksb/repos/lab_repos/echo_analysis/bin/simple_scrub.jl:56
┌ Info: All entries for row 609 are missing, removing
└ @ Main /Users/ksb/repos/lab_repos/echo_analysis/bin/simple_scrub.jl:56
┌ Info: All entries for row 611 are missing, removing
└ @ Main /Users/ksb/repos/lab_repos/echo_analysis/bin/simple_scrub.jl:56
┌ Info: All entries for row 616 are missing, removing
└ @ Main /Users/ksb/repos/lab_repos/echo_analysis/bin/simple_scrub.jl:56
┌ Info: All entries for row 617 are missing, removing
└ @ Main /Users/ksb/repos/lab_repos/echo_analysis/bin/simple_scrub.jl:56
┌ Info: All entries for row 618 are missing, removing
└ @ Main /Users/ksb/repos/lab_repos/echo_analysis/bin/simple_scrub.jl:56
┌ Info: All entries for row 620 are missing, removing
└ @ Main /Users/ksb/repos/lab_repos/echo_analysis/bin/simple_scrub.jl:56
┌ Info: All entries for row 621 are missing, removing
└ @ Main /Users/ksb/repos/lab_repos/echo_analysis/bin/simple_scrub.jl:56
┌ Info: All entries for row 626 are missing, removing
└ @ Main /Users/ksb/repos/lab_repos/echo_analysis/bin/simple_scrub.jl:56
┌ Info: All entries for row 627 are missing, removing
└ @ Main /Users/ksb/repos/lab_repos/echo_analysis/bin/simple_scrub.jl:56
┌ Info: All entries for row 629 are missing, removing
└ @ Main /Users/ksb/repos/lab_repos/echo_analysis/bin/simple_scrub.jl:56
┌ Info: All entries for row 633 are missing, removing
└ @ Main /Users/ksb/repos/lab_repos/echo_analysis/bin/simple_scrub.jl:56
┌ Info: All entries for row 636 are missing, removing
└ @ Main /Users/ksb/repos/lab_repos/echo_analysis/bin/simple_scrub.jl:56
┌ Info: All entries for row 637 are missing, removing
└ @ Main /Users/ksb/repos/lab_repos/echo_analysis/bin/simple_scrub.jl:56
┌ Info: All entries for row 640 are missing, removing
└ @ Main /Users/ksb/repos/lab_repos/echo_analysis/bin/simple_scrub.jl:56
┌ Info: All entries for row 641 are missing, removing
└ @ Main /Users/ksb/repos/lab_repos/echo_analysis/bin/simple_scrub.jl:56
┌ Info: All entries for row 643 are missing, removing
└ @ Main /Users/ksb/repos/lab_repos/echo_analysis/bin/simple_scrub.jl:56
┌ Info: All entries for row 644 are missing, removing
└ @ Main /Users/ksb/repos/lab_repos/echo_analysis/bin/simple_scrub.jl:56
┌ Info: All entries for row 645 are missing, removing
└ @ Main /Users/ksb/repos/lab_repos/echo_analysis/bin/simple_scrub.jl:56
┌ Info: All entries for row 646 are missing, removing
└ @ Main /Users/ksb/repos/lab_repos/echo_analysis/bin/simple_scrub.jl:56
┌ Info: All entries for row 647 are missing, removing
└ @ Main /Users/ksb/repos/lab_repos/echo_analysis/bin/simple_scrub.jl:56
┌ Info: All entries for row 648 are missing, removing
└ @ Main /Users/ksb/repos/lab_repos/echo_analysis/bin/simple_scrub.jl:56
┌ Info: All entries for row 649 are missing, removing
└ @ Main /Users/ksb/repos/lab_repos/echo_analysis/bin/simple_scrub.jl:56
┌ Info: All entries for row 651 are missing, removing
└ @ Main /Users/ksb/repos/lab_repos/echo_analysis/bin/simple_scrub.jl:56
┌ Info: All entries for row 652 are missing, removing
└ @ Main /Users/ksb/repos/lab_repos/echo_analysis/bin/simple_scrub.jl:56
┌ Info: All entries for row 653 are missing, removing
└ @ Main /Users/ksb/repos/lab_repos/echo_analysis/bin/simple_scrub.jl:56
┌ Info: All entries for row 654 are missing, removing
└ @ Main /Users/ksb/repos/lab_repos/echo_analysis/bin/simple_scrub.jl:56
┌ Info: All entries for row 655 are missing, removing
└ @ Main /Users/ksb/repos/lab_repos/echo_analysis/bin/simple_scrub.jl:56
┌ Info: All entries for row 656 are missing, removing
└ @ Main /Users/ksb/repos/lab_repos/echo_analysis/bin/simple_scrub.jl:56
┌ Info: All entries for row 659 are missing, removing
└ @ Main /Users/ksb/repos/lab_repos/echo_analysis/bin/simple_scrub.jl:56
┌ Info: All entries for row 660 are missing, removing
└ @ Main /Users/ksb/repos/lab_repos/echo_analysis/bin/simple_scrub.jl:56
┌ Info: All entries for row 661 are missing, removing
└ @ Main /Users/ksb/repos/lab_repos/echo_analysis/bin/simple_scrub.jl:56
┌ Info: All entries for row 662 are missing, removing
└ @ Main /Users/ksb/repos/lab_repos/echo_analysis/bin/simple_scrub.jl:56
┌ Info: All entries for row 663 are missing, removing
└ @ Main /Users/ksb/repos/lab_repos/echo_analysis/bin/simple_scrub.jl:56
┌ Info: All entries for row 664 are missing, removing
└ @ Main /Users/ksb/repos/lab_repos/echo_analysis/bin/simple_scrub.jl:56
┌ Info: All entries for row 665 are missing, removing
└ @ Main /Users/ksb/repos/lab_repos/echo_analysis/bin/simple_scrub.jl:56
┌ Info: All entries for row 667 are missing, removing
└ @ Main /Users/ksb/repos/lab_repos/echo_analysis/bin/simple_scrub.jl:56
┌ Info: All entries for row 668 are missing, removing
└ @ Main /Users/ksb/repos/lab_repos/echo_analysis/bin/simple_scrub.jl:56
┌ Info: All entries for row 669 are missing, removing
└ @ Main /Users/ksb/repos/lab_repos/echo_analysis/bin/simple_scrub.jl:56
┌ Info: All entries for row 670 are missing, removing
└ @ Main /Users/ksb/repos/lab_repos/echo_analysis/bin/simple_scrub.jl:56
┌ Info: All entries for row 671 are missing, removing
└ @ Main /Users/ksb/repos/lab_repos/echo_analysis/bin/simple_scrub.jl:56
┌ Info: All entries for row 672 are missing, removing
└ @ Main /Users/ksb/repos/lab_repos/echo_analysis/bin/simple_scrub.jl:56
┌ Info: All entries for row 673 are missing, removing
└ @ Main /Users/ksb/repos/lab_repos/echo_analysis/bin/simple_scrub.jl:56
┌ Info: All entries for row 674 are missing, removing
└ @ Main /Users/ksb/repos/lab_repos/echo_analysis/bin/simple_scrub.jl:56
┌ Info: All entries for row 675 are missing, removing
└ @ Main /Users/ksb/repos/lab_repos/echo_analysis/bin/simple_scrub.jl:56
┌ Info: All entries for row 676 are missing, removing
└ @ Main /Users/ksb/repos/lab_repos/echo_analysis/bin/simple_scrub.jl:56
┌ Info: All entries for row 677 are missing, removing
└ @ Main /Users/ksb/repos/lab_repos/echo_analysis/bin/simple_scrub.jl:56
┌ Info: All entries for row 678 are missing, removing
└ @ Main /Users/ksb/repos/lab_repos/echo_analysis/bin/simple_scrub.jl:56
┌ Info: All entries for row 679 are missing, removing
└ @ Main /Users/ksb/repos/lab_repos/echo_analysis/bin/simple_scrub.jl:56
┌ Info: All entries for row 680 are missing, removing
└ @ Main /Users/ksb/repos/lab_repos/echo_analysis/bin/simple_scrub.jl:56
┌ Info: All entries for row 682 are missing, removing
└ @ Main /Users/ksb/repos/lab_repos/echo_analysis/bin/simple_scrub.jl:56
┌ Info: All entries for row 683 are missing, removing
└ @ Main /Users/ksb/repos/lab_repos/echo_analysis/bin/simple_scrub.jl:56
┌ Info: All entries for row 684 are missing, removing
└ @ Main /Users/ksb/repos/lab_repos/echo_analysis/bin/simple_scrub.jl:56
┌ Info: All entries for row 685 are missing, removing
└ @ Main /Users/ksb/repos/lab_repos/echo_analysis/bin/simple_scrub.jl:56
┌ Info: All entries for row 686 are missing, removing
└ @ Main /Users/ksb/repos/lab_repos/echo_analysis/bin/simple_scrub.jl:56
┌ Info: All entries for row 687 are missing, removing
└ @ Main /Users/ksb/repos/lab_repos/echo_analysis/bin/simple_scrub.jl:56
┌ Info: All entries for row 688 are missing, removing
└ @ Main /Users/ksb/repos/lab_repos/echo_analysis/bin/simple_scrub.jl:56
┌ Info: All entries for row 689 are missing, removing
└ @ Main /Users/ksb/repos/lab_repos/echo_analysis/bin/simple_scrub.jl:56
┌ Info: All entries for row 691 are missing, removing
└ @ Main /Users/ksb/repos/lab_repos/echo_analysis/bin/simple_scrub.jl:56
┌ Info: All entries for row 692 are missing, removing
└ @ Main /Users/ksb/repos/lab_repos/echo_analysis/bin/simple_scrub.jl:56
┌ Info: All entries for row 693 are missing, removing
└ @ Main /Users/ksb/repos/lab_repos/echo_analysis/bin/simple_scrub.jl:56
┌ Info: All entries for row 694 are missing, removing
└ @ Main /Users/ksb/repos/lab_repos/echo_analysis/bin/simple_scrub.jl:56
┌ Info: All entries for row 695 are missing, removing
└ @ Main /Users/ksb/repos/lab_repos/echo_analysis/bin/simple_scrub.jl:56
┌ Info: All entries for row 696 are missing, removing
└ @ Main /Users/ksb/repos/lab_repos/echo_analysis/bin/simple_scrub.jl:56
┌ Info: All entries for row 697 are missing, removing
└ @ Main /Users/ksb/repos/lab_repos/echo_analysis/bin/simple_scrub.jl:56
┌ Info: All entries for row 698 are missing, removing
└ @ Main /Users/ksb/repos/lab_repos/echo_analysis/bin/simple_scrub.jl:56
┌ Info: All entries for row 699 are missing, removing
└ @ Main /Users/ksb/repos/lab_repos/echo_analysis/bin/simple_scrub.jl:56
┌ Info: All entries for row 700 are missing, removing
└ @ Main /Users/ksb/repos/lab_repos/echo_analysis/bin/simple_scrub.jl:56
┌ Info: All entries for row 701 are missing, removing
└ @ Main /Users/ksb/repos/lab_repos/echo_analysis/bin/simple_scrub.jl:56
┌ Info: All entries for row 702 are missing, removing
└ @ Main /Users/ksb/repos/lab_repos/echo_analysis/bin/simple_scrub.jl:56
┌ Info: All entries for row 703 are missing, removing
└ @ Main /Users/ksb/repos/lab_repos/echo_analysis/bin/simple_scrub.jl:56
┌ Info: All entries for row 704 are missing, removing
└ @ Main /Users/ksb/repos/lab_repos/echo_analysis/bin/simple_scrub.jl:56
┌ Info: All entries for row 705 are missing, removing
└ @ Main /Users/ksb/repos/lab_repos/echo_analysis/bin/simple_scrub.jl:56
┌ Info: All entries for row 706 are missing, removing
└ @ Main /Users/ksb/repos/lab_repos/echo_analysis/bin/simple_scrub.jl:56
┌ Info: All entries for row 707 are missing, removing
└ @ Main /Users/ksb/repos/lab_repos/echo_analysis/bin/simple_scrub.jl:56
┌ Info: All entries for row 708 are missing, removing
└ @ Main /Users/ksb/repos/lab_repos/echo_analysis/bin/simple_scrub.jl:56
┌ Info: All entries for row 709 are missing, removing
└ @ Main /Users/ksb/repos/lab_repos/echo_analysis/bin/simple_scrub.jl:56
┌ Info: All entries for row 710 are missing, removing
└ @ Main /Users/ksb/repos/lab_repos/echo_analysis/bin/simple_scrub.jl:56
┌ Info: All entries for row 711 are missing, removing
└ @ Main /Users/ksb/repos/lab_repos/echo_analysis/bin/simple_scrub.jl:56
┌ Info: All entries for row 712 are missing, removing
└ @ Main /Users/ksb/repos/lab_repos/echo_analysis/bin/simple_scrub.jl:56
┌ Info: All entries for row 713 are missing, removing
└ @ Main /Users/ksb/repos/lab_repos/echo_analysis/bin/simple_scrub.jl:56
┌ Info: All entries for row 714 are missing, removing
└ @ Main /Users/ksb/repos/lab_repos/echo_analysis/bin/simple_scrub.jl:56
┌ Info: All entries for row 715 are missing, removing
└ @ Main /Users/ksb/repos/lab_repos/echo_analysis/bin/simple_scrub.jl:56
┌ Info: All entries for row 716 are missing, removing
└ @ Main /Users/ksb/repos/lab_repos/echo_analysis/bin/simple_scrub.jl:56
┌ Info: All entries for row 717 are missing, removing
└ @ Main /Users/ksb/repos/lab_repos/echo_analysis/bin/simple_scrub.jl:56
┌ Info: All entries for row 718 are missing, removing
└ @ Main /Users/ksb/repos/lab_repos/echo_analysis/bin/simple_scrub.jl:56
┌ Info: All entries for row 719 are missing, removing
└ @ Main /Users/ksb/repos/lab_repos/echo_analysis/bin/simple_scrub.jl:56
┌ Info: All entries for row 720 are missing, removing
└ @ Main /Users/ksb/repos/lab_repos/echo_analysis/bin/simple_scrub.jl:56
┌ Info: All entries for row 721 are missing, removing
└ @ Main /Users/ksb/repos/lab_repos/echo_analysis/bin/simple_scrub.jl:56
┌ Info: All entries for row 722 are missing, removing
└ @ Main /Users/ksb/repos/lab_repos/echo_analysis/bin/simple_scrub.jl:56
┌ Info: All entries for row 723 are missing, removing
└ @ Main /Users/ksb/repos/lab_repos/echo_analysis/bin/simple_scrub.jl:56
┌ Info: All entries for row 724 are missing, removing
└ @ Main /Users/ksb/repos/lab_repos/echo_analysis/bin/simple_scrub.jl:56
┌ Info: All entries for row 725 are missing, removing
└ @ Main /Users/ksb/repos/lab_repos/echo_analysis/bin/simple_scrub.jl:56
┌ Info: All entries for row 726 are missing, removing
└ @ Main /Users/ksb/repos/lab_repos/echo_analysis/bin/simple_scrub.jl:56
┌ Info: All entries for row 729 are missing, removing
└ @ Main /Users/ksb/repos/lab_repos/echo_analysis/bin/simple_scrub.jl:56
┌ Info: All entries for row 730 are missing, removing
└ @ Main /Users/ksb/repos/lab_repos/echo_analysis/bin/simple_scrub.jl:56
┌ Info: All entries for row 731 are missing, removing
└ @ Main /Users/ksb/repos/lab_repos/echo_analysis/bin/simple_scrub.jl:56
┌ Info: All entries for row 732 are missing, removing
└ @ Main /Users/ksb/repos/lab_repos/echo_analysis/bin/simple_scrub.jl:56
┌ Info: All entries for row 733 are missing, removing
└ @ Main /Users/ksb/repos/lab_repos/echo_analysis/bin/simple_scrub.jl:56
┌ Info: All entries for row 734 are missing, removing
└ @ Main /Users/ksb/repos/lab_repos/echo_analysis/bin/simple_scrub.jl:56
┌ Info: All entries for row 735 are missing, removing
└ @ Main /Users/ksb/repos/lab_repos/echo_analysis/bin/simple_scrub.jl:56
┌ Info: All entries for row 736 are missing, removing
└ @ Main /Users/ksb/repos/lab_repos/echo_analysis/bin/simple_scrub.jl:56
┌ Info: All entries for row 737 are missing, removing
└ @ Main /Users/ksb/repos/lab_repos/echo_analysis/bin/simple_scrub.jl:56
┌ Info: All entries for row 740 are missing, removing
└ @ Main /Users/ksb/repos/lab_repos/echo_analysis/bin/simple_scrub.jl:56
┌ Info: All entries for row 741 are missing, removing
└ @ Main /Users/ksb/repos/lab_repos/echo_analysis/bin/simple_scrub.jl:56
┌ Info: All entries for row 742 are missing, removing
└ @ Main /Users/ksb/repos/lab_repos/echo_analysis/bin/simple_scrub.jl:56
┌ Info: All entries for row 743 are missing, removing
└ @ Main /Users/ksb/repos/lab_repos/echo_analysis/bin/simple_scrub.jl:56
┌ Info: All entries for row 746 are missing, removing
└ @ Main /Users/ksb/repos/lab_repos/echo_analysis/bin/simple_scrub.jl:56
┌ Info: All entries for row 747 are missing, removing
└ @ Main /Users/ksb/repos/lab_repos/echo_analysis/bin/simple_scrub.jl:56
┌ Info: All entries for row 749 are missing, removing
└ @ Main /Users/ksb/repos/lab_repos/echo_analysis/bin/simple_scrub.jl:56
┌ Info: All entries for row 750 are missing, removing
└ @ Main /Users/ksb/repos/lab_repos/echo_analysis/bin/simple_scrub.jl:56
┌ Info: All entries for row 752 are missing, removing
└ @ Main /Users/ksb/repos/lab_repos/echo_analysis/bin/simple_scrub.jl:56
┌ Info: All entries for row 753 are missing, removing
└ @ Main /Users/ksb/repos/lab_repos/echo_analysis/bin/simple_scrub.jl:56
┌ Info: All entries for row 755 are missing, removing
└ @ Main /Users/ksb/repos/lab_repos/echo_analysis/bin/simple_scrub.jl:56
┌ Info: All entries for row 756 are missing, removing
└ @ Main /Users/ksb/repos/lab_repos/echo_analysis/bin/simple_scrub.jl:56
┌ Info: All entries for row 760 are missing, removing
└ @ Main /Users/ksb/repos/lab_repos/echo_analysis/bin/simple_scrub.jl:56
┌ Info: All entries for row 761 are missing, removing
└ @ Main /Users/ksb/repos/lab_repos/echo_analysis/bin/simple_scrub.jl:56
┌ Info: All entries for row 762 are missing, removing
└ @ Main /Users/ksb/repos/lab_repos/echo_analysis/bin/simple_scrub.jl:56
┌ Info: All entries for row 763 are missing, removing
└ @ Main /Users/ksb/repos/lab_repos/echo_analysis/bin/simple_scrub.jl:56
┌ Info: All entries for row 764 are missing, removing
└ @ Main /Users/ksb/repos/lab_repos/echo_analysis/bin/simple_scrub.jl:56
┌ Info: All entries for row 765 are missing, removing
└ @ Main /Users/ksb/repos/lab_repos/echo_analysis/bin/simple_scrub.jl:56
┌ Info: All entries for row 767 are missing, removing
└ @ Main /Users/ksb/repos/lab_repos/echo_analysis/bin/simple_scrub.jl:56
┌ Info: All entries for row 769 are missing, removing
└ @ Main /Users/ksb/repos/lab_repos/echo_analysis/bin/simple_scrub.jl:56
┌ Info: All entries for row 770 are missing, removing
└ @ Main /Users/ksb/repos/lab_repos/echo_analysis/bin/simple_scrub.jl:56
┌ Info: All entries for row 771 are missing, removing
└ @ Main /Users/ksb/repos/lab_repos/echo_analysis/bin/simple_scrub.jl:56
┌ Info: All entries for row 773 are missing, removing
└ @ Main /Users/ksb/repos/lab_repos/echo_analysis/bin/simple_scrub.jl:56
┌ Info: All entries for row 774 are missing, removing
└ @ Main /Users/ksb/repos/lab_repos/echo_analysis/bin/simple_scrub.jl:56
┌ Info: All entries for row 775 are missing, removing
└ @ Main /Users/ksb/repos/lab_repos/echo_analysis/bin/simple_scrub.jl:56
┌ Info: All entries for row 777 are missing, removing
└ @ Main /Users/ksb/repos/lab_repos/echo_analysis/bin/simple_scrub.jl:56
┌ Info: All entries for row 778 are missing, removing
└ @ Main /Users/ksb/repos/lab_repos/echo_analysis/bin/simple_scrub.jl:56
┌ Info: All entries for row 779 are missing, removing
└ @ Main /Users/ksb/repos/lab_repos/echo_analysis/bin/simple_scrub.jl:56
┌ Info: All entries for row 780 are missing, removing
└ @ Main /Users/ksb/repos/lab_repos/echo_analysis/bin/simple_scrub.jl:56
┌ Info: All entries for row 781 are missing, removing
└ @ Main /Users/ksb/repos/lab_repos/echo_analysis/bin/simple_scrub.jl:56
┌ Info: All entries for row 783 are missing, removing
└ @ Main /Users/ksb/repos/lab_repos/echo_analysis/bin/simple_scrub.jl:56
┌ Info: All entries for row 784 are missing, removing
└ @ Main /Users/ksb/repos/lab_repos/echo_analysis/bin/simple_scrub.jl:56
┌ Info: All entries for row 785 are missing, removing
└ @ Main /Users/ksb/repos/lab_repos/echo_analysis/bin/simple_scrub.jl:56
┌ Info: All entries for row 786 are missing, removing
└ @ Main /Users/ksb/repos/lab_repos/echo_analysis/bin/simple_scrub.jl:56
┌ Info: All entries for row 787 are missing, removing
└ @ Main /Users/ksb/repos/lab_repos/echo_analysis/bin/simple_scrub.jl:56
┌ Info: All entries for row 788 are missing, removing
└ @ Main /Users/ksb/repos/lab_repos/echo_analysis/bin/simple_scrub.jl:56
┌ Info: All entries for row 789 are missing, removing
└ @ Main /Users/ksb/repos/lab_repos/echo_analysis/bin/simple_scrub.jl:56
┌ Info: All entries for row 791 are missing, removing
└ @ Main /Users/ksb/repos/lab_repos/echo_analysis/bin/simple_scrub.jl:56
┌ Info: All entries for row 792 are missing, removing
└ @ Main /Users/ksb/repos/lab_repos/echo_analysis/bin/simple_scrub.jl:56
┌ Info: All entries for row 794 are missing, removing
└ @ Main /Users/ksb/repos/lab_repos/echo_analysis/bin/simple_scrub.jl:56
┌ Info: All entries for row 797 are missing, removing
└ @ Main /Users/ksb/repos/lab_repos/echo_analysis/bin/simple_scrub.jl:56
┌ Info: All entries for row 798 are missing, removing
└ @ Main /Users/ksb/repos/lab_repos/echo_analysis/bin/simple_scrub.jl:56
┌ Info: All entries for row 799 are missing, removing
└ @ Main /Users/ksb/repos/lab_repos/echo_analysis/bin/simple_scrub.jl:56
┌ Info: All entries for row 802 are missing, removing
└ @ Main /Users/ksb/repos/lab_repos/echo_analysis/bin/simple_scrub.jl:56
┌ Info: All entries for row 804 are missing, removing
└ @ Main /Users/ksb/repos/lab_repos/echo_analysis/bin/simple_scrub.jl:56
┌ Info: All entries for row 805 are missing, removing
└ @ Main /Users/ksb/repos/lab_repos/echo_analysis/bin/simple_scrub.jl:56
┌ Info: All entries for row 807 are missing, removing
└ @ Main /Users/ksb/repos/lab_repos/echo_analysis/bin/simple_scrub.jl:56
┌ Info: All entries for row 809 are missing, removing
└ @ Main /Users/ksb/repos/lab_repos/echo_analysis/bin/simple_scrub.jl:56
┌ Info: All entries for row 810 are missing, removing
└ @ Main /Users/ksb/repos/lab_repos/echo_analysis/bin/simple_scrub.jl:56
┌ Info: All entries for row 813 are missing, removing
└ @ Main /Users/ksb/repos/lab_repos/echo_analysis/bin/simple_scrub.jl:56
┌ Info: All entries for row 814 are missing, removing
└ @ Main /Users/ksb/repos/lab_repos/echo_analysis/bin/simple_scrub.jl:56
┌ Info: All entries for row 815 are missing, removing
└ @ Main /Users/ksb/repos/lab_repos/echo_analysis/bin/simple_scrub.jl:56
┌ Info: All entries for row 816 are missing, removing
└ @ Main /Users/ksb/repos/lab_repos/echo_analysis/bin/simple_scrub.jl:56
┌ Info: All entries for row 818 are missing, removing
└ @ Main /Users/ksb/repos/lab_repos/echo_analysis/bin/simple_scrub.jl:56
┌ Info: All entries for row 819 are missing, removing
└ @ Main /Users/ksb/repos/lab_repos/echo_analysis/bin/simple_scrub.jl:56
┌ Info: All entries for row 820 are missing, removing
└ @ Main /Users/ksb/repos/lab_repos/echo_analysis/bin/simple_scrub.jl:56
┌ Info: All entries for row 821 are missing, removing
└ @ Main /Users/ksb/repos/lab_repos/echo_analysis/bin/simple_scrub.jl:56
┌ Info: All entries for row 822 are missing, removing
└ @ Main /Users/ksb/repos/lab_repos/echo_analysis/bin/simple_scrub.jl:56
┌ Info: All entries for row 823 are missing, removing
└ @ Main /Users/ksb/repos/lab_repos/echo_analysis/bin/simple_scrub.jl:56
┌ Info: All entries for row 824 are missing, removing
└ @ Main /Users/ksb/repos/lab_repos/echo_analysis/bin/simple_scrub.jl:56
┌ Info: All entries for row 825 are missing, removing
└ @ Main /Users/ksb/repos/lab_repos/echo_analysis/bin/simple_scrub.jl:56
┌ Info: All entries for row 826 are missing, removing
└ @ Main /Users/ksb/repos/lab_repos/echo_analysis/bin/simple_scrub.jl:56
┌ Info: All entries for row 827 are missing, removing
└ @ Main /Users/ksb/repos/lab_repos/echo_analysis/bin/simple_scrub.jl:56
┌ Info: All entries for row 828 are missing, removing
└ @ Main /Users/ksb/repos/lab_repos/echo_analysis/bin/simple_scrub.jl:56
┌ Info: All entries for row 829 are missing, removing
└ @ Main /Users/ksb/repos/lab_repos/echo_analysis/bin/simple_scrub.jl:56
┌ Info: All entries for row 830 are missing, removing
└ @ Main /Users/ksb/repos/lab_repos/echo_analysis/bin/simple_scrub.jl:56
┌ Info: All entries for row 831 are missing, removing
└ @ Main /Users/ksb/repos/lab_repos/echo_analysis/bin/simple_scrub.jl:56
┌ Info: All entries for row 832 are missing, removing
└ @ Main /Users/ksb/repos/lab_repos/echo_analysis/bin/simple_scrub.jl:56
┌ Info: All entries for row 833 are missing, removing
└ @ Main /Users/ksb/repos/lab_repos/echo_analysis/bin/simple_scrub.jl:56
┌ Info: All entries for row 834 are missing, removing
└ @ Main /Users/ksb/repos/lab_repos/echo_analysis/bin/simple_scrub.jl:56
┌ Info: All entries for row 836 are missing, removing
└ @ Main /Users/ksb/repos/lab_repos/echo_analysis/bin/simple_scrub.jl:56
┌ Info: All entries for row 840 are missing, removing
└ @ Main /Users/ksb/repos/lab_repos/echo_analysis/bin/simple_scrub.jl:56
┌ Info: All entries for row 841 are missing, removing
└ @ Main /Users/ksb/repos/lab_repos/echo_analysis/bin/simple_scrub.jl:56
┌ Info: All entries for row 842 are missing, removing
└ @ Main /Users/ksb/repos/lab_repos/echo_analysis/bin/simple_scrub.jl:56
┌ Info: All entries for row 843 are missing, removing
└ @ Main /Users/ksb/repos/lab_repos/echo_analysis/bin/simple_scrub.jl:56
┌ Info: All entries for row 844 are missing, removing
└ @ Main /Users/ksb/repos/lab_repos/echo_analysis/bin/simple_scrub.jl:56
┌ Info: All entries for row 845 are missing, removing
└ @ Main /Users/ksb/repos/lab_repos/echo_analysis/bin/simple_scrub.jl:56
┌ Info: All entries for row 846 are missing, removing
└ @ Main /Users/ksb/repos/lab_repos/echo_analysis/bin/simple_scrub.jl:56
┌ Info: All entries for row 847 are missing, removing
└ @ Main /Users/ksb/repos/lab_repos/echo_analysis/bin/simple_scrub.jl:56
┌ Info: All entries for row 848 are missing, removing
└ @ Main /Users/ksb/repos/lab_repos/echo_analysis/bin/simple_scrub.jl:56
┌ Info: All entries for row 849 are missing, removing
└ @ Main /Users/ksb/repos/lab_repos/echo_analysis/bin/simple_scrub.jl:56
┌ Info: All entries for row 850 are missing, removing
└ @ Main /Users/ksb/repos/lab_repos/echo_analysis/bin/simple_scrub.jl:56
┌ Info: All entries for row 851 are missing, removing
└ @ Main /Users/ksb/repos/lab_repos/echo_analysis/bin/simple_scrub.jl:56
┌ Info: All entries for row 852 are missing, removing
└ @ Main /Users/ksb/repos/lab_repos/echo_analysis/bin/simple_scrub.jl:56
┌ Info: All entries for row 853 are missing, removing
└ @ Main /Users/ksb/repos/lab_repos/echo_analysis/bin/simple_scrub.jl:56
┌ Info: All entries for row 854 are missing, removing
└ @ Main /Users/ksb/repos/lab_repos/echo_analysis/bin/simple_scrub.jl:56
┌ Info: All entries for row 855 are missing, removing
└ @ Main /Users/ksb/repos/lab_repos/echo_analysis/bin/simple_scrub.jl:56
┌ Info: All entries for row 857 are missing, removing
└ @ Main /Users/ksb/repos/lab_repos/echo_analysis/bin/simple_scrub.jl:56
┌ Info: All entries for row 858 are missing, removing
└ @ Main /Users/ksb/repos/lab_repos/echo_analysis/bin/simple_scrub.jl:56
┌ Info: All entries for row 859 are missing, removing
└ @ Main /Users/ksb/repos/lab_repos/echo_analysis/bin/simple_scrub.jl:56
┌ Info: All entries for row 861 are missing, removing
└ @ Main /Users/ksb/repos/lab_repos/echo_analysis/bin/simple_scrub.jl:56
┌ Info: All entries for row 862 are missing, removing
└ @ Main /Users/ksb/repos/lab_repos/echo_analysis/bin/simple_scrub.jl:56
┌ Info: All entries for row 863 are missing, removing
└ @ Main /Users/ksb/repos/lab_repos/echo_analysis/bin/simple_scrub.jl:56
┌ Info: All entries for row 864 are missing, removing
└ @ Main /Users/ksb/repos/lab_repos/echo_analysis/bin/simple_scrub.jl:56
┌ Info: All entries for row 865 are missing, removing
└ @ Main /Users/ksb/repos/lab_repos/echo_analysis/bin/simple_scrub.jl:56
┌ Info: All entries for row 868 are missing, removing
└ @ Main /Users/ksb/repos/lab_repos/echo_analysis/bin/simple_scrub.jl:56
┌ Info: All entries for row 869 are missing, removing
└ @ Main /Users/ksb/repos/lab_repos/echo_analysis/bin/simple_scrub.jl:56
┌ Info: All entries for row 870 are missing, removing
└ @ Main /Users/ksb/repos/lab_repos/echo_analysis/bin/simple_scrub.jl:56
┌ Info: All entries for row 871 are missing, removing
└ @ Main /Users/ksb/repos/lab_repos/echo_analysis/bin/simple_scrub.jl:56
┌ Info: All entries for row 872 are missing, removing
└ @ Main /Users/ksb/repos/lab_repos/echo_analysis/bin/simple_scrub.jl:56
┌ Info: All entries for row 873 are missing, removing
└ @ Main /Users/ksb/repos/lab_repos/echo_analysis/bin/simple_scrub.jl:56
┌ Info: All entries for row 876 are missing, removing
└ @ Main /Users/ksb/repos/lab_repos/echo_analysis/bin/simple_scrub.jl:56
┌ Info: All entries for row 877 are missing, removing
└ @ Main /Users/ksb/repos/lab_repos/echo_analysis/bin/simple_scrub.jl:56
┌ Info: All entries for row 878 are missing, removing
└ @ Main /Users/ksb/repos/lab_repos/echo_analysis/bin/simple_scrub.jl:56
┌ Info: All entries for row 879 are missing, removing
└ @ Main /Users/ksb/repos/lab_repos/echo_analysis/bin/simple_scrub.jl:56
┌ Info: All entries for row 880 are missing, removing
└ @ Main /Users/ksb/repos/lab_repos/echo_analysis/bin/simple_scrub.jl:56
┌ Info: All entries for row 881 are missing, removing
└ @ Main /Users/ksb/repos/lab_repos/echo_analysis/bin/simple_scrub.jl:56
┌ Info: All entries for row 882 are missing, removing
└ @ Main /Users/ksb/repos/lab_repos/echo_analysis/bin/simple_scrub.jl:56
┌ Info: All entries for row 883 are missing, removing
└ @ Main /Users/ksb/repos/lab_repos/echo_analysis/bin/simple_scrub.jl:56
┌ Info: All entries for row 884 are missing, removing
└ @ Main /Users/ksb/repos/lab_repos/echo_analysis/bin/simple_scrub.jl:56
┌ Info: All entries for row 885 are missing, removing
└ @ Main /Users/ksb/repos/lab_repos/echo_analysis/bin/simple_scrub.jl:56
┌ Info: All entries for row 887 are missing, removing
└ @ Main /Users/ksb/repos/lab_repos/echo_analysis/bin/simple_scrub.jl:56
┌ Info: All entries for row 889 are missing, removing
└ @ Main /Users/ksb/repos/lab_repos/echo_analysis/bin/simple_scrub.jl:56
┌ Info: All entries for row 891 are missing, removing
└ @ Main /Users/ksb/repos/lab_repos/echo_analysis/bin/simple_scrub.jl:56
┌ Info: All entries for row 893 are missing, removing
└ @ Main /Users/ksb/repos/lab_repos/echo_analysis/bin/simple_scrub.jl:56
┌ Info: All entries for row 894 are missing, removing
└ @ Main /Users/ksb/repos/lab_repos/echo_analysis/bin/simple_scrub.jl:56
┌ Info: All entries for row 895 are missing, removing
└ @ Main /Users/ksb/repos/lab_repos/echo_analysis/bin/simple_scrub.jl:56
┌ Info: All entries for row 896 are missing, removing
└ @ Main /Users/ksb/repos/lab_repos/echo_analysis/bin/simple_scrub.jl:56
┌ Info: All entries for row 897 are missing, removing
└ @ Main /Users/ksb/repos/lab_repos/echo_analysis/bin/simple_scrub.jl:56
┌ Info: All entries for row 898 are missing, removing
└ @ Main /Users/ksb/repos/lab_repos/echo_analysis/bin/simple_scrub.jl:56
┌ Info: All entries for row 899 are missing, removing
└ @ Main /Users/ksb/repos/lab_repos/echo_analysis/bin/simple_scrub.jl:56
┌ Info: All entries for row 900 are missing, removing
└ @ Main /Users/ksb/repos/lab_repos/echo_analysis/bin/simple_scrub.jl:56
┌ Info: All entries for row 901 are missing, removing
└ @ Main /Users/ksb/repos/lab_repos/echo_analysis/bin/simple_scrub.jl:56
┌ Info: All entries for row 902 are missing, removing
└ @ Main /Users/ksb/repos/lab_repos/echo_analysis/bin/simple_scrub.jl:56
┌ Info: All entries for row 904 are missing, removing
└ @ Main /Users/ksb/repos/lab_repos/echo_analysis/bin/simple_scrub.jl:56
┌ Info: All entries for row 905 are missing, removing
└ @ Main /Users/ksb/repos/lab_repos/echo_analysis/bin/simple_scrub.jl:56
┌ Info: All entries for row 907 are missing, removing
└ @ Main /Users/ksb/repos/lab_repos/echo_analysis/bin/simple_scrub.jl:56
┌ Info: All entries for row 908 are missing, removing
└ @ Main /Users/ksb/repos/lab_repos/echo_analysis/bin/simple_scrub.jl:56
┌ Info: All entries for row 909 are missing, removing
└ @ Main /Users/ksb/repos/lab_repos/echo_analysis/bin/simple_scrub.jl:56
┌ Info: All entries for row 910 are missing, removing
└ @ Main /Users/ksb/repos/lab_repos/echo_analysis/bin/simple_scrub.jl:56
┌ Info: All entries for row 911 are missing, removing
└ @ Main /Users/ksb/repos/lab_repos/echo_analysis/bin/simple_scrub.jl:56
┌ Info: All entries for row 913 are missing, removing
└ @ Main /Users/ksb/repos/lab_repos/echo_analysis/bin/simple_scrub.jl:56
┌ Info: All entries for row 916 are missing, removing
└ @ Main /Users/ksb/repos/lab_repos/echo_analysis/bin/simple_scrub.jl:56
┌ Info: All entries for row 917 are missing, removing
└ @ Main /Users/ksb/repos/lab_repos/echo_analysis/bin/simple_scrub.jl:56
┌ Info: All entries for row 918 are missing, removing
└ @ Main /Users/ksb/repos/lab_repos/echo_analysis/bin/simple_scrub.jl:56
┌ Info: All entries for row 920 are missing, removing
└ @ Main /Users/ksb/repos/lab_repos/echo_analysis/bin/simple_scrub.jl:56
┌ Info: All entries for row 921 are missing, removing
└ @ Main /Users/ksb/repos/lab_repos/echo_analysis/bin/simple_scrub.jl:56
┌ Info: All entries for row 922 are missing, removing
└ @ Main /Users/ksb/repos/lab_repos/echo_analysis/bin/simple_scrub.jl:56
┌ Info: All entries for row 924 are missing, removing
└ @ Main /Users/ksb/repos/lab_repos/echo_analysis/bin/simple_scrub.jl:56
┌ Info: All entries for row 925 are missing, removing
└ @ Main /Users/ksb/repos/lab_repos/echo_analysis/bin/simple_scrub.jl:56
┌ Info: All entries for row 926 are missing, removing
└ @ Main /Users/ksb/repos/lab_repos/echo_analysis/bin/simple_scrub.jl:56
┌ Info: All entries for row 927 are missing, removing
└ @ Main /Users/ksb/repos/lab_repos/echo_analysis/bin/simple_scrub.jl:56
┌ Info: All entries for row 928 are missing, removing
└ @ Main /Users/ksb/repos/lab_repos/echo_analysis/bin/simple_scrub.jl:56
┌ Info: All entries for row 929 are missing, removing
└ @ Main /Users/ksb/repos/lab_repos/echo_analysis/bin/simple_scrub.jl:56
┌ Info: All entries for row 930 are missing, removing
└ @ Main /Users/ksb/repos/lab_repos/echo_analysis/bin/simple_scrub.jl:56
┌ Info: All entries for row 931 are missing, removing
└ @ Main /Users/ksb/repos/lab_repos/echo_analysis/bin/simple_scrub.jl:56
┌ Info: All entries for row 932 are missing, removing
└ @ Main /Users/ksb/repos/lab_repos/echo_analysis/bin/simple_scrub.jl:56
┌ Info: All entries for row 933 are missing, removing
└ @ Main /Users/ksb/repos/lab_repos/echo_analysis/bin/simple_scrub.jl:56
┌ Info: All entries for row 934 are missing, removing
└ @ Main /Users/ksb/repos/lab_repos/echo_analysis/bin/simple_scrub.jl:56
┌ Info: All entries for row 935 are missing, removing
└ @ Main /Users/ksb/repos/lab_repos/echo_analysis/bin/simple_scrub.jl:56
┌ Info: All entries for row 936 are missing, removing
└ @ Main /Users/ksb/repos/lab_repos/echo_analysis/bin/simple_scrub.jl:56
┌ Info: All entries for row 937 are missing, removing
└ @ Main /Users/ksb/repos/lab_repos/echo_analysis/bin/simple_scrub.jl:56
┌ Info: All entries for row 938 are missing, removing
└ @ Main /Users/ksb/repos/lab_repos/echo_analysis/bin/simple_scrub.jl:56
┌ Info: All entries for row 939 are missing, removing
└ @ Main /Users/ksb/repos/lab_repos/echo_analysis/bin/simple_scrub.jl:56
┌ Info: All entries for row 940 are missing, removing
└ @ Main /Users/ksb/repos/lab_repos/echo_analysis/bin/simple_scrub.jl:56
┌ Info: All entries for row 941 are missing, removing
└ @ Main /Users/ksb/repos/lab_repos/echo_analysis/bin/simple_scrub.jl:56
┌ Info: All entries for row 943 are missing, removing
└ @ Main /Users/ksb/repos/lab_repos/echo_analysis/bin/simple_scrub.jl:56
┌ Info: All entries for row 944 are missing, removing
└ @ Main /Users/ksb/repos/lab_repos/echo_analysis/bin/simple_scrub.jl:56
┌ Info: All entries for row 946 are missing, removing
└ @ Main /Users/ksb/repos/lab_repos/echo_analysis/bin/simple_scrub.jl:56
┌ Info: All entries for row 947 are missing, removing
└ @ Main /Users/ksb/repos/lab_repos/echo_analysis/bin/simple_scrub.jl:56
┌ Info: All entries for row 948 are missing, removing
└ @ Main /Users/ksb/repos/lab_repos/echo_analysis/bin/simple_scrub.jl:56
┌ Info: All entries for row 949 are missing, removing
└ @ Main /Users/ksb/repos/lab_repos/echo_analysis/bin/simple_scrub.jl:56
┌ Info: All entries for row 950 are missing, removing
└ @ Main /Users/ksb/repos/lab_repos/echo_analysis/bin/simple_scrub.jl:56
┌ Info: All entries for row 951 are missing, removing
└ @ Main /Users/ksb/repos/lab_repos/echo_analysis/bin/simple_scrub.jl:56
┌ Info: All entries for row 952 are missing, removing
└ @ Main /Users/ksb/repos/lab_repos/echo_analysis/bin/simple_scrub.jl:56
┌ Info: All entries for row 953 are missing, removing
└ @ Main /Users/ksb/repos/lab_repos/echo_analysis/bin/simple_scrub.jl:56
┌ Info: All entries for row 954 are missing, removing
└ @ Main /Users/ksb/repos/lab_repos/echo_analysis/bin/simple_scrub.jl:56
┌ Info: All entries for row 955 are missing, removing
└ @ Main /Users/ksb/repos/lab_repos/echo_analysis/bin/simple_scrub.jl:56
┌ Info: All entries for row 956 are missing, removing
└ @ Main /Users/ksb/repos/lab_repos/echo_analysis/bin/simple_scrub.jl:56
┌ Info: All entries for row 957 are missing, removing
└ @ Main /Users/ksb/repos/lab_repos/echo_analysis/bin/simple_scrub.jl:56
┌ Info: All entries for row 958 are missing, removing
└ @ Main /Users/ksb/repos/lab_repos/echo_analysis/bin/simple_scrub.jl:56
┌ Info: All entries for row 959 are missing, removing
└ @ Main /Users/ksb/repos/lab_repos/echo_analysis/bin/simple_scrub.jl:56
┌ Info: All entries for row 960 are missing, removing
└ @ Main /Users/ksb/repos/lab_repos/echo_analysis/bin/simple_scrub.jl:56
┌ Info: All entries for row 961 are missing, removing
└ @ Main /Users/ksb/repos/lab_repos/echo_analysis/bin/simple_scrub.jl:56
┌ Info: All entries for row 962 are missing, removing
└ @ Main /Users/ksb/repos/lab_repos/echo_analysis/bin/simple_scrub.jl:56
┌ Info: All entries for row 964 are missing, removing
└ @ Main /Users/ksb/repos/lab_repos/echo_analysis/bin/simple_scrub.jl:56
┌ Info: All entries for row 965 are missing, removing
└ @ Main /Users/ksb/repos/lab_repos/echo_analysis/bin/simple_scrub.jl:56
┌ Info: All entries for row 966 are missing, removing
└ @ Main /Users/ksb/repos/lab_repos/echo_analysis/bin/simple_scrub.jl:56
┌ Info: All entries for row 967 are missing, removing
└ @ Main /Users/ksb/repos/lab_repos/echo_analysis/bin/simple_scrub.jl:56
┌ Info: All entries for row 968 are missing, removing
└ @ Main /Users/ksb/repos/lab_repos/echo_analysis/bin/simple_scrub.jl:56
┌ Info: All entries for row 969 are missing, removing
└ @ Main /Users/ksb/repos/lab_repos/echo_analysis/bin/simple_scrub.jl:56
┌ Info: All entries for row 970 are missing, removing
└ @ Main /Users/ksb/repos/lab_repos/echo_analysis/bin/simple_scrub.jl:56
┌ Info: All entries for row 971 are missing, removing
└ @ Main /Users/ksb/repos/lab_repos/echo_analysis/bin/simple_scrub.jl:56
┌ Info: All entries for row 972 are missing, removing
└ @ Main /Users/ksb/repos/lab_repos/echo_analysis/bin/simple_scrub.jl:56
┌ Info: All entries for row 973 are missing, removing
└ @ Main /Users/ksb/repos/lab_repos/echo_analysis/bin/simple_scrub.jl:56
┌ Info: All entries for row 974 are missing, removing
└ @ Main /Users/ksb/repos/lab_repos/echo_analysis/bin/simple_scrub.jl:56
┌ Info: All entries for row 975 are missing, removing
└ @ Main /Users/ksb/repos/lab_repos/echo_analysis/bin/simple_scrub.jl:56
┌ Info: All entries for row 976 are missing, removing
└ @ Main /Users/ksb/repos/lab_repos/echo_analysis/bin/simple_scrub.jl:56
┌ Info: All entries for row 977 are missing, removing
└ @ Main /Users/ksb/repos/lab_repos/echo_analysis/bin/simple_scrub.jl:56
┌ Info: All entries for row 978 are missing, removing
└ @ Main /Users/ksb/repos/lab_repos/echo_analysis/bin/simple_scrub.jl:56
┌ Info: All entries for row 979 are missing, removing
└ @ Main /Users/ksb/repos/lab_repos/echo_analysis/bin/simple_scrub.jl:56
┌ Info: All entries for row 980 are missing, removing
└ @ Main /Users/ksb/repos/lab_repos/echo_analysis/bin/simple_scrub.jl:56
┌ Info: All entries for row 981 are missing, removing
└ @ Main /Users/ksb/repos/lab_repos/echo_analysis/bin/simple_scrub.jl:56
┌ Info: All entries for row 982 are missing, removing
└ @ Main /Users/ksb/repos/lab_repos/echo_analysis/bin/simple_scrub.jl:56
┌ Info: All entries for row 983 are missing, removing
└ @ Main /Users/ksb/repos/lab_repos/echo_analysis/bin/simple_scrub.jl:56
┌ Info: All entries for row 984 are missing, removing
└ @ Main /Users/ksb/repos/lab_repos/echo_analysis/bin/simple_scrub.jl:56
┌ Info: All entries for row 985 are missing, removing
└ @ Main /Users/ksb/repos/lab_repos/echo_analysis/bin/simple_scrub.jl:56
┌ Info: All entries for row 986 are missing, removing
└ @ Main /Users/ksb/repos/lab_repos/echo_analysis/bin/simple_scrub.jl:56
┌ Info: All entries for row 987 are missing, removing
└ @ Main /Users/ksb/repos/lab_repos/echo_analysis/bin/simple_scrub.jl:56
┌ Info: All entries for row 988 are missing, removing
└ @ Main /Users/ksb/repos/lab_repos/echo_analysis/bin/simple_scrub.jl:56
┌ Info: All entries for row 989 are missing, removing
└ @ Main /Users/ksb/repos/lab_repos/echo_analysis/bin/simple_scrub.jl:56
┌ Info: All entries for row 991 are missing, removing
└ @ Main /Users/ksb/repos/lab_repos/echo_analysis/bin/simple_scrub.jl:56
┌ Info: All entries for row 992 are missing, removing
└ @ Main /Users/ksb/repos/lab_repos/echo_analysis/bin/simple_scrub.jl:56
┌ Info: All entries for row 993 are missing, removing
└ @ Main /Users/ksb/repos/lab_repos/echo_analysis/bin/simple_scrub.jl:56
┌ Info: Changing column Delivery::studyID to Delivery__studyID
└ @ Main /Users/ksb/repos/lab_repos/echo_analysis/bin/simple_scrub.jl:95
┌ Info: Changing column Delivery::anesthesiaType to Delivery__anesthesiaType
└ @ Main /Users/ksb/repos/lab_repos/echo_analysis/bin/simple_scrub.jl:95
┌ Info: Changing column Delivery::babyPresentation to Delivery__babyPresentation
└ @ Main /Users/ksb/repos/lab_repos/echo_analysis/bin/simple_scrub.jl:95
┌ Info: Changing column Delivery::birthAssistance to Delivery__birthAssistance
└ @ Main /Users/ksb/repos/lab_repos/echo_analysis/bin/simple_scrub.jl:95
┌ Info: Changing column Delivery::birthType to Delivery__birthType
└ @ Main /Users/ksb/repos/lab_repos/echo_analysis/bin/simple_scrub.jl:95
┌ Info: Changing column Delivery::breathingAssistance to Delivery__breathingAssistance
└ @ Main /Users/ksb/repos/lab_repos/echo_analysis/bin/simple_scrub.jl:95
┌ Info: Changing column Delivery::cesareanEmergency to Delivery__cesareanEmergency
└ @ Main /Users/ksb/repos/lab_repos/echo_analysis/bin/simple_scrub.jl:95
┌ Info: Changing column Delivery::cesareanEmergencyReason to Delivery__cesareanEmergencyReason
└ @ Main /Users/ksb/repos/lab_repos/echo_analysis/bin/simple_scrub.jl:95
┌ Info: Changing column Delivery::cesareanPlanned to Delivery__cesareanPlanned
└ @ Main /Users/ksb/repos/lab_repos/echo_analysis/bin/simple_scrub.jl:95
┌ Info: Changing column Delivery::cesareanPlannedReason to Delivery__cesareanPlannedReason
└ @ Main /Users/ksb/repos/lab_repos/echo_analysis/bin/simple_scrub.jl:95
┌ Info: Changing column Delivery::deliveryComplications to Delivery__deliveryComplications
└ @ Main /Users/ksb/repos/lab_repos/echo_analysis/bin/simple_scrub.jl:95
┌ Info: Changing column Delivery::deliveryComplicationsOther to Delivery__deliveryComplicationsOther
└ @ Main /Users/ksb/repos/lab_repos/echo_analysis/bin/simple_scrub.jl:95
┌ Info: Changing column Delivery::deliveryComplicationsSpecify to Delivery__deliveryComplicationsSpecify
└ @ Main /Users/ksb/repos/lab_repos/echo_analysis/bin/simple_scrub.jl:95
┌ Info: Changing column Delivery::deliveryNotInHospital to Delivery__deliveryNotInHospital
└ @ Main /Users/ksb/repos/lab_repos/echo_analysis/bin/simple_scrub.jl:95
┌ Info: Changing column Delivery::dueDate to Delivery__dueDate
└ @ Main /Users/ksb/repos/lab_repos/echo_analysis/bin/simple_scrub.jl:95
┌ Info: Changing column Delivery::firstUltrasound to Delivery__firstUltrasound
└ @ Main /Users/ksb/repos/lab_repos/echo_analysis/bin/simple_scrub.jl:95
┌ Info: Changing column Delivery::GBS to Delivery__GBS
└ @ Main /Users/ksb/repos/lab_repos/echo_analysis/bin/simple_scrub.jl:95
┌ Info: Changing column Delivery::howLaborInduced to Delivery__howLaborInduced
└ @ Main /Users/ksb/repos/lab_repos/echo_analysis/bin/simple_scrub.jl:95
┌ Info: Changing column Delivery::notes to Delivery__notes
└ @ Main /Users/ksb/repos/lab_repos/echo_analysis/bin/simple_scrub.jl:95
┌ Info: Changing column Delivery::postDeliveryComplications to Delivery__postDeliveryComplications
└ @ Main /Users/ksb/repos/lab_repos/echo_analysis/bin/simple_scrub.jl:95
┌ Info: Changing column Delivery::postDeliveryComplicationsOther to Delivery__postDeliveryComplicationsOther
└ @ Main /Users/ksb/repos/lab_repos/echo_analysis/bin/simple_scrub.jl:95
┌ Info: Changing column Delivery::postDeliveryComplicationsSpecify to Delivery__postDeliveryComplicationsSpecify
└ @ Main /Users/ksb/repos/lab_repos/echo_analysis/bin/simple_scrub.jl:95
┌ Info: Changing column Delivery::timeBeforeNormalBreathing to Delivery__timeBeforeNormalBreathing
└ @ Main /Users/ksb/repos/lab_repos/echo_analysis/bin/simple_scrub.jl:95
┌ Info: Changing column Delivery::timestampAcct to Delivery__timestampAcct
└ @ Main /Users/ksb/repos/lab_repos/echo_analysis/bin/simple_scrub.jl:95
┌ Info: Changing column Delivery::whyLaborInduced to Delivery__whyLaborInduced
└ @ Main /Users/ksb/repos/lab_repos/echo_analysis/bin/simple_scrub.jl:95
┌ Info: Changing column Delivery::whyLaborInducedOther to Delivery__whyLaborInducedOther
└ @ Main /Users/ksb/repos/lab_repos/echo_analysis/bin/simple_scrub.jl:95
┌ Info: Changing column BreastfeedingDone::studyID to BreastfeedingDone__studyID
└ @ Main /Users/ksb/repos/lab_repos/echo_analysis/bin/simple_scrub.jl:95
┌ Info: Changing column BreastfeedingDone::ageStartFormulaFeed to BreastfeedingDone__ageStartFormulaFeed
└ @ Main /Users/ksb/repos/lab_repos/echo_analysis/bin/simple_scrub.jl:95
┌ Info: Changing column BreastfeedingDone::ageStartSolidFoodMonths to BreastfeedingDone__ageStartSolidFoodMonths
└ @ Main /Users/ksb/repos/lab_repos/echo_analysis/bin/simple_scrub.jl:95
┌ Info: Changing column BreastfeedingDone::exclusiveFormulaFed to BreastfeedingDone__exclusiveFormulaFed
└ @ Main /Users/ksb/repos/lab_repos/echo_analysis/bin/simple_scrub.jl:95
┌ Info: Changing column BreastfeedingDone::exclusiveFormulaFedMonths to BreastfeedingDone__exclusiveFormulaFedMonths
└ @ Main /Users/ksb/repos/lab_repos/echo_analysis/bin/simple_scrub.jl:95
┌ Info: Changing column BreastfeedingDone::exclusivelyBottlefedBreastmilk to BreastfeedingDone__exclusivelyBottlefedBreastmilk
└ @ Main /Users/ksb/repos/lab_repos/echo_analysis/bin/simple_scrub.jl:95
┌ Info: Changing column BreastfeedingDone::exclusivelyBottlefedBreastmilkMonths to BreastfeedingDone__exclusivelyBottlefedBreastmilkMonths
└ @ Main /Users/ksb/repos/lab_repos/echo_analysis/bin/simple_scrub.jl:95
┌ Info: Changing column BreastfeedingDone::exclusivelyNursed to BreastfeedingDone__exclusivelyNursed
└ @ Main /Users/ksb/repos/lab_repos/echo_analysis/bin/simple_scrub.jl:95
┌ Info: Changing column BreastfeedingDone::lengthExclusivelyNursedMonths to BreastfeedingDone__lengthExclusivelyNursedMonths
└ @ Main /Users/ksb/repos/lab_repos/echo_analysis/bin/simple_scrub.jl:95
┌ Info: Changing column BreastfeedingDone::mostOftenFormulaBrand to BreastfeedingDone__mostOftenFormulaBrand
└ @ Main /Users/ksb/repos/lab_repos/echo_analysis/bin/simple_scrub.jl:95
┌ Info: Changing column BreastfeedingDone::noLongerFeedBreastmilkAge to BreastfeedingDone__noLongerFeedBreastmilkAge
└ @ Main /Users/ksb/repos/lab_repos/echo_analysis/bin/simple_scrub.jl:95
┌ Info: Changing column BreastfeedingDone::notes to BreastfeedingDone__notes
└ @ Main /Users/ksb/repos/lab_repos/echo_analysis/bin/simple_scrub.jl:95
┌ Info: Changing column BreastfeedingDone::returnNegativeImpactOther to BreastfeedingDone__returnNegativeImpactOther
└ @ Main /Users/ksb/repos/lab_repos/echo_analysis/bin/simple_scrub.jl:95
┌ Info: Changing column BreastfeedingDone::returnToWorkNegativeImpact to BreastfeedingDone__returnToWorkNegativeImpact
└ @ Main /Users/ksb/repos/lab_repos/echo_analysis/bin/simple_scrub.jl:95
┌ Info: Changing column BreastfeedingDone::solidFoodTimes to BreastfeedingDone__solidFoodTimes
└ @ Main /Users/ksb/repos/lab_repos/echo_analysis/bin/simple_scrub.jl:95
┌ Info: Changing column BreastfeedingDone::stopExclusiveBreastfeedingPractices to BreastfeedingDone__stopExclusiveBreastfeedingPractices
└ @ Main /Users/ksb/repos/lab_repos/echo_analysis/bin/simple_scrub.jl:95
┌ Info: Changing column BreastfeedingDone::timestampAcct to BreastfeedingDone__timestampAcct
└ @ Main /Users/ksb/repos/lab_repos/echo_analysis/bin/simple_scrub.jl:95
┌ Info: Changing column BreastfeedingStill::studyID to BreastfeedingStill__studyID
└ @ Main /Users/ksb/repos/lab_repos/echo_analysis/bin/simple_scrub.jl:95
┌ Info: Changing column BreastfeedingStill::timepoint to BreastfeedingStill__timepoint
└ @ Main /Users/ksb/repos/lab_repos/echo_analysis/bin/simple_scrub.jl:95
┌ Info: Changing column BreastfeedingStill::amountFormulaPerFeed to BreastfeedingStill__amountFormulaPerFeed
└ @ Main /Users/ksb/repos/lab_repos/echo_analysis/bin/simple_scrub.jl:95
┌ Info: Changing column BreastfeedingStill::breastfeedingStillID to BreastfeedingStill__breastfeedingStillID
└ @ Main /Users/ksb/repos/lab_repos/echo_analysis/bin/simple_scrub.jl:95
┌ Info: Changing column BreastfeedingStill::formulaTypicalType to BreastfeedingStill__formulaTypicalType
└ @ Main /Users/ksb/repos/lab_repos/echo_analysis/bin/simple_scrub.jl:95
┌ Info: Changing column BreastfeedingStill::milkFeedingMethods to BreastfeedingStill__milkFeedingMethods
└ @ Main /Users/ksb/repos/lab_repos/echo_analysis/bin/simple_scrub.jl:95
┌ Info: Changing column BreastfeedingStill::milkFeedingMethodsOther to BreastfeedingStill__milkFeedingMethodsOther
└ @ Main /Users/ksb/repos/lab_repos/echo_analysis/bin/simple_scrub.jl:95
┌ Info: Changing column BreastfeedingStill::numberFormulaFeedsPerDay to BreastfeedingStill__numberFormulaFeedsPerDay
└ @ Main /Users/ksb/repos/lab_repos/echo_analysis/bin/simple_scrub.jl:95
┌ Info: Changing column BreastfeedingStill::solidFood to BreastfeedingStill__solidFood
└ @ Main /Users/ksb/repos/lab_repos/echo_analysis/bin/simple_scrub.jl:95
┌ Info: Changing column BreastfeedingStill::solidFoodTimesPerDay to BreastfeedingStill__solidFoodTimesPerDay
└ @ Main /Users/ksb/repos/lab_repos/echo_analysis/bin/simple_scrub.jl:95
┌ Info: Changing column BreastfeedingStill::timestampAcct to BreastfeedingStill__timestampAcct
└ @ Main /Users/ksb/repos/lab_repos/echo_analysis/bin/simple_scrub.jl:95
┌ Info: Changing column BreastfeedingStill::typicalNumberOfEpressedMilkFeeds to BreastfeedingStill__typicalNumberOfEpressedMilkFeeds
└ @ Main /Users/ksb/repos/lab_repos/echo_analysis/bin/simple_scrub.jl:95
┌ Info: Changing column BreastfeedingStill::typicalNumberOfFeedsFromBreast to BreastfeedingStill__typicalNumberOfFeedsFromBreast
└ @ Main /Users/ksb/repos/lab_repos/echo_analysis/bin/simple_scrub.jl:95
┌ Info: Writing scrubbed file to /Users/ksb/repos/lab_repos/echo_analysis/data/metadata/bfdelivery.csv
└ @ Main /Users/ksb/repos/lab_repos/echo_analysis/bin/simple_scrub.jl:105
