┌ Info: All entries for column FecalSampleCollection::timestamp are missing, removing
└ @ Main /Users/ksb/repos/lab_repos/echo_analysis/bin/simple_scrub.jl:82
┌ Warning: `delete!(df::AbstractDataFrame, cols::Any)` is deprecated, use `deletecols!(df, cols)` instead.
│   caller = main() at simple_scrub.jl:83
└ @ Main /Users/ksb/repos/lab_repos/echo_analysis/bin/simple_scrub.jl:83
┌ Info: All entries for column FecalSampleCollection::date30freezer are missing, removing
└ @ Main /Users/ksb/repos/lab_repos/echo_analysis/bin/simple_scrub.jl:82
┌ Info: All entries for column FecalSampleCollection::initials30freezer are missing, removing
└ @ Main /Users/ksb/repos/lab_repos/echo_analysis/bin/simple_scrub.jl:82
┌ Info: All entries for column Fecal with Ethanol::Fecalwethanol-30Freezerdate are missing, removing
└ @ Main /Users/ksb/repos/lab_repos/echo_analysis/bin/simple_scrub.jl:82
┌ Info: All entries for column Fecal with Ethanol::Fecalwethanol30Freezerdate are missing, removing
└ @ Main /Users/ksb/repos/lab_repos/echo_analysis/bin/simple_scrub.jl:82
┌ Info: All entries for column Fecal with Ethanol::Fecalwethanol30FreezerInitials are missing, removing
└ @ Main /Users/ksb/repos/lab_repos/echo_analysis/bin/simple_scrub.jl:82
┌ Info: All entries for row 1 are missing, removing
└ @ Main /Users/ksb/repos/lab_repos/echo_analysis/bin/simple_scrub.jl:56
┌ Info: All entries for row 2 are missing, removing
└ @ Main /Users/ksb/repos/lab_repos/echo_analysis/bin/simple_scrub.jl:56
┌ Info: All entries for row 4 are missing, removing
└ @ Main /Users/ksb/repos/lab_repos/echo_analysis/bin/simple_scrub.jl:56
┌ Info: All entries for row 5 are missing, removing
└ @ Main /Users/ksb/repos/lab_repos/echo_analysis/bin/simple_scrub.jl:56
┌ Info: All entries for row 6 are missing, removing
└ @ Main /Users/ksb/repos/lab_repos/echo_analysis/bin/simple_scrub.jl:56
┌ Info: All entries for row 7 are missing, removing
└ @ Main /Users/ksb/repos/lab_repos/echo_analysis/bin/simple_scrub.jl:56
┌ Info: All entries for row 8 are missing, removing
└ @ Main /Users/ksb/repos/lab_repos/echo_analysis/bin/simple_scrub.jl:56
┌ Info: All entries for row 9 are missing, removing
└ @ Main /Users/ksb/repos/lab_repos/echo_analysis/bin/simple_scrub.jl:56
┌ Info: All entries for row 10 are missing, removing
└ @ Main /Users/ksb/repos/lab_repos/echo_analysis/bin/simple_scrub.jl:56
┌ Info: All entries for row 11 are missing, removing
└ @ Main /Users/ksb/repos/lab_repos/echo_analysis/bin/simple_scrub.jl:56
┌ Info: All entries for row 12 are missing, removing
└ @ Main /Users/ksb/repos/lab_repos/echo_analysis/bin/simple_scrub.jl:56
┌ Info: All entries for row 13 are missing, removing
└ @ Main /Users/ksb/repos/lab_repos/echo_analysis/bin/simple_scrub.jl:56
┌ Info: All entries for row 16 are missing, removing
└ @ Main /Users/ksb/repos/lab_repos/echo_analysis/bin/simple_scrub.jl:56
┌ Info: All entries for row 17 are missing, removing
└ @ Main /Users/ksb/repos/lab_repos/echo_analysis/bin/simple_scrub.jl:56
┌ Info: All entries for row 18 are missing, removing
└ @ Main /Users/ksb/repos/lab_repos/echo_analysis/bin/simple_scrub.jl:56
┌ Info: All entries for row 19 are missing, removing
└ @ Main /Users/ksb/repos/lab_repos/echo_analysis/bin/simple_scrub.jl:56
┌ Info: All entries for row 20 are missing, removing
└ @ Main /Users/ksb/repos/lab_repos/echo_analysis/bin/simple_scrub.jl:56
┌ Info: All entries for row 21 are missing, removing
└ @ Main /Users/ksb/repos/lab_repos/echo_analysis/bin/simple_scrub.jl:56
┌ Info: All entries for row 22 are missing, removing
└ @ Main /Users/ksb/repos/lab_repos/echo_analysis/bin/simple_scrub.jl:56
┌ Info: All entries for row 23 are missing, removing
└ @ Main /Users/ksb/repos/lab_repos/echo_analysis/bin/simple_scrub.jl:56
┌ Info: All entries for row 24 are missing, removing
└ @ Main /Users/ksb/repos/lab_repos/echo_analysis/bin/simple_scrub.jl:56
┌ Info: All entries for row 25 are missing, removing
└ @ Main /Users/ksb/repos/lab_repos/echo_analysis/bin/simple_scrub.jl:56
┌ Info: All entries for row 26 are missing, removing
└ @ Main /Users/ksb/repos/lab_repos/echo_analysis/bin/simple_scrub.jl:56
┌ Info: All entries for row 27 are missing, removing
└ @ Main /Users/ksb/repos/lab_repos/echo_analysis/bin/simple_scrub.jl:56
┌ Info: All entries for row 28 are missing, removing
└ @ Main /Users/ksb/repos/lab_repos/echo_analysis/bin/simple_scrub.jl:56
┌ Info: All entries for row 29 are missing, removing
└ @ Main /Users/ksb/repos/lab_repos/echo_analysis/bin/simple_scrub.jl:56
┌ Info: All entries for row 31 are missing, removing
└ @ Main /Users/ksb/repos/lab_repos/echo_analysis/bin/simple_scrub.jl:56
┌ Info: All entries for row 32 are missing, removing
└ @ Main /Users/ksb/repos/lab_repos/echo_analysis/bin/simple_scrub.jl:56
┌ Info: All entries for row 33 are missing, removing
└ @ Main /Users/ksb/repos/lab_repos/echo_analysis/bin/simple_scrub.jl:56
┌ Info: All entries for row 34 are missing, removing
└ @ Main /Users/ksb/repos/lab_repos/echo_analysis/bin/simple_scrub.jl:56
┌ Info: All entries for row 35 are missing, removing
└ @ Main /Users/ksb/repos/lab_repos/echo_analysis/bin/simple_scrub.jl:56
┌ Info: All entries for row 36 are missing, removing
└ @ Main /Users/ksb/repos/lab_repos/echo_analysis/bin/simple_scrub.jl:56
┌ Info: All entries for row 37 are missing, removing
└ @ Main /Users/ksb/repos/lab_repos/echo_analysis/bin/simple_scrub.jl:56
┌ Info: All entries for row 38 are missing, removing
└ @ Main /Users/ksb/repos/lab_repos/echo_analysis/bin/simple_scrub.jl:56
┌ Info: All entries for row 39 are missing, removing
└ @ Main /Users/ksb/repos/lab_repos/echo_analysis/bin/simple_scrub.jl:56
┌ Info: All entries for row 40 are missing, removing
└ @ Main /Users/ksb/repos/lab_repos/echo_analysis/bin/simple_scrub.jl:56
┌ Info: All entries for row 41 are missing, removing
└ @ Main /Users/ksb/repos/lab_repos/echo_analysis/bin/simple_scrub.jl:56
┌ Info: All entries for row 42 are missing, removing
└ @ Main /Users/ksb/repos/lab_repos/echo_analysis/bin/simple_scrub.jl:56
┌ Info: All entries for row 43 are missing, removing
└ @ Main /Users/ksb/repos/lab_repos/echo_analysis/bin/simple_scrub.jl:56
┌ Info: All entries for row 44 are missing, removing
└ @ Main /Users/ksb/repos/lab_repos/echo_analysis/bin/simple_scrub.jl:56
┌ Info: All entries for row 46 are missing, removing
└ @ Main /Users/ksb/repos/lab_repos/echo_analysis/bin/simple_scrub.jl:56
┌ Info: All entries for row 47 are missing, removing
└ @ Main /Users/ksb/repos/lab_repos/echo_analysis/bin/simple_scrub.jl:56
┌ Info: All entries for row 48 are missing, removing
└ @ Main /Users/ksb/repos/lab_repos/echo_analysis/bin/simple_scrub.jl:56
┌ Info: All entries for row 49 are missing, removing
└ @ Main /Users/ksb/repos/lab_repos/echo_analysis/bin/simple_scrub.jl:56
┌ Info: All entries for row 52 are missing, removing
└ @ Main /Users/ksb/repos/lab_repos/echo_analysis/bin/simple_scrub.jl:56
┌ Info: All entries for row 53 are missing, removing
└ @ Main /Users/ksb/repos/lab_repos/echo_analysis/bin/simple_scrub.jl:56
┌ Info: All entries for row 56 are missing, removing
└ @ Main /Users/ksb/repos/lab_repos/echo_analysis/bin/simple_scrub.jl:56
┌ Info: All entries for row 59 are missing, removing
└ @ Main /Users/ksb/repos/lab_repos/echo_analysis/bin/simple_scrub.jl:56
┌ Info: All entries for row 60 are missing, removing
└ @ Main /Users/ksb/repos/lab_repos/echo_analysis/bin/simple_scrub.jl:56
┌ Info: All entries for row 61 are missing, removing
└ @ Main /Users/ksb/repos/lab_repos/echo_analysis/bin/simple_scrub.jl:56
┌ Info: All entries for row 67 are missing, removing
└ @ Main /Users/ksb/repos/lab_repos/echo_analysis/bin/simple_scrub.jl:56
┌ Info: All entries for row 68 are missing, removing
└ @ Main /Users/ksb/repos/lab_repos/echo_analysis/bin/simple_scrub.jl:56
┌ Info: All entries for row 69 are missing, removing
└ @ Main /Users/ksb/repos/lab_repos/echo_analysis/bin/simple_scrub.jl:56
┌ Info: All entries for row 70 are missing, removing
└ @ Main /Users/ksb/repos/lab_repos/echo_analysis/bin/simple_scrub.jl:56
┌ Info: All entries for row 71 are missing, removing
└ @ Main /Users/ksb/repos/lab_repos/echo_analysis/bin/simple_scrub.jl:56
┌ Info: All entries for row 72 are missing, removing
└ @ Main /Users/ksb/repos/lab_repos/echo_analysis/bin/simple_scrub.jl:56
┌ Info: All entries for row 73 are missing, removing
└ @ Main /Users/ksb/repos/lab_repos/echo_analysis/bin/simple_scrub.jl:56
┌ Info: All entries for row 74 are missing, removing
└ @ Main /Users/ksb/repos/lab_repos/echo_analysis/bin/simple_scrub.jl:56
┌ Info: All entries for row 76 are missing, removing
└ @ Main /Users/ksb/repos/lab_repos/echo_analysis/bin/simple_scrub.jl:56
┌ Info: All entries for row 78 are missing, removing
└ @ Main /Users/ksb/repos/lab_repos/echo_analysis/bin/simple_scrub.jl:56
┌ Info: All entries for row 79 are missing, removing
└ @ Main /Users/ksb/repos/lab_repos/echo_analysis/bin/simple_scrub.jl:56
┌ Info: All entries for row 80 are missing, removing
└ @ Main /Users/ksb/repos/lab_repos/echo_analysis/bin/simple_scrub.jl:56
┌ Info: All entries for row 83 are missing, removing
└ @ Main /Users/ksb/repos/lab_repos/echo_analysis/bin/simple_scrub.jl:56
┌ Info: All entries for row 84 are missing, removing
└ @ Main /Users/ksb/repos/lab_repos/echo_analysis/bin/simple_scrub.jl:56
┌ Info: All entries for row 85 are missing, removing
└ @ Main /Users/ksb/repos/lab_repos/echo_analysis/bin/simple_scrub.jl:56
┌ Info: All entries for row 86 are missing, removing
└ @ Main /Users/ksb/repos/lab_repos/echo_analysis/bin/simple_scrub.jl:56
┌ Info: All entries for row 87 are missing, removing
└ @ Main /Users/ksb/repos/lab_repos/echo_analysis/bin/simple_scrub.jl:56
┌ Info: All entries for row 88 are missing, removing
└ @ Main /Users/ksb/repos/lab_repos/echo_analysis/bin/simple_scrub.jl:56
┌ Info: All entries for row 90 are missing, removing
└ @ Main /Users/ksb/repos/lab_repos/echo_analysis/bin/simple_scrub.jl:56
┌ Info: All entries for row 91 are missing, removing
└ @ Main /Users/ksb/repos/lab_repos/echo_analysis/bin/simple_scrub.jl:56
┌ Info: All entries for row 92 are missing, removing
└ @ Main /Users/ksb/repos/lab_repos/echo_analysis/bin/simple_scrub.jl:56
┌ Info: All entries for row 94 are missing, removing
└ @ Main /Users/ksb/repos/lab_repos/echo_analysis/bin/simple_scrub.jl:56
┌ Info: All entries for row 95 are missing, removing
└ @ Main /Users/ksb/repos/lab_repos/echo_analysis/bin/simple_scrub.jl:56
┌ Info: All entries for row 96 are missing, removing
└ @ Main /Users/ksb/repos/lab_repos/echo_analysis/bin/simple_scrub.jl:56
┌ Info: All entries for row 97 are missing, removing
└ @ Main /Users/ksb/repos/lab_repos/echo_analysis/bin/simple_scrub.jl:56
┌ Info: All entries for row 98 are missing, removing
└ @ Main /Users/ksb/repos/lab_repos/echo_analysis/bin/simple_scrub.jl:56
┌ Info: All entries for row 99 are missing, removing
└ @ Main /Users/ksb/repos/lab_repos/echo_analysis/bin/simple_scrub.jl:56
┌ Info: All entries for row 100 are missing, removing
└ @ Main /Users/ksb/repos/lab_repos/echo_analysis/bin/simple_scrub.jl:56
┌ Info: All entries for row 101 are missing, removing
└ @ Main /Users/ksb/repos/lab_repos/echo_analysis/bin/simple_scrub.jl:56
┌ Info: All entries for row 102 are missing, removing
└ @ Main /Users/ksb/repos/lab_repos/echo_analysis/bin/simple_scrub.jl:56
┌ Info: All entries for row 103 are missing, removing
└ @ Main /Users/ksb/repos/lab_repos/echo_analysis/bin/simple_scrub.jl:56
┌ Info: All entries for row 104 are missing, removing
└ @ Main /Users/ksb/repos/lab_repos/echo_analysis/bin/simple_scrub.jl:56
┌ Info: All entries for row 105 are missing, removing
└ @ Main /Users/ksb/repos/lab_repos/echo_analysis/bin/simple_scrub.jl:56
┌ Info: All entries for row 108 are missing, removing
└ @ Main /Users/ksb/repos/lab_repos/echo_analysis/bin/simple_scrub.jl:56
┌ Info: All entries for row 109 are missing, removing
└ @ Main /Users/ksb/repos/lab_repos/echo_analysis/bin/simple_scrub.jl:56
┌ Info: All entries for row 112 are missing, removing
└ @ Main /Users/ksb/repos/lab_repos/echo_analysis/bin/simple_scrub.jl:56
┌ Info: All entries for row 113 are missing, removing
└ @ Main /Users/ksb/repos/lab_repos/echo_analysis/bin/simple_scrub.jl:56
┌ Info: All entries for row 114 are missing, removing
└ @ Main /Users/ksb/repos/lab_repos/echo_analysis/bin/simple_scrub.jl:56
┌ Info: All entries for row 115 are missing, removing
└ @ Main /Users/ksb/repos/lab_repos/echo_analysis/bin/simple_scrub.jl:56
┌ Info: All entries for row 116 are missing, removing
└ @ Main /Users/ksb/repos/lab_repos/echo_analysis/bin/simple_scrub.jl:56
┌ Info: All entries for row 119 are missing, removing
└ @ Main /Users/ksb/repos/lab_repos/echo_analysis/bin/simple_scrub.jl:56
┌ Info: All entries for row 121 are missing, removing
└ @ Main /Users/ksb/repos/lab_repos/echo_analysis/bin/simple_scrub.jl:56
┌ Info: All entries for row 122 are missing, removing
└ @ Main /Users/ksb/repos/lab_repos/echo_analysis/bin/simple_scrub.jl:56
┌ Info: All entries for row 123 are missing, removing
└ @ Main /Users/ksb/repos/lab_repos/echo_analysis/bin/simple_scrub.jl:56
┌ Info: All entries for row 125 are missing, removing
└ @ Main /Users/ksb/repos/lab_repos/echo_analysis/bin/simple_scrub.jl:56
┌ Info: All entries for row 126 are missing, removing
└ @ Main /Users/ksb/repos/lab_repos/echo_analysis/bin/simple_scrub.jl:56
┌ Info: All entries for row 129 are missing, removing
└ @ Main /Users/ksb/repos/lab_repos/echo_analysis/bin/simple_scrub.jl:56
┌ Info: All entries for row 130 are missing, removing
└ @ Main /Users/ksb/repos/lab_repos/echo_analysis/bin/simple_scrub.jl:56
┌ Info: All entries for row 131 are missing, removing
└ @ Main /Users/ksb/repos/lab_repos/echo_analysis/bin/simple_scrub.jl:56
┌ Info: All entries for row 132 are missing, removing
└ @ Main /Users/ksb/repos/lab_repos/echo_analysis/bin/simple_scrub.jl:56
┌ Info: All entries for row 134 are missing, removing
└ @ Main /Users/ksb/repos/lab_repos/echo_analysis/bin/simple_scrub.jl:56
┌ Info: All entries for row 135 are missing, removing
└ @ Main /Users/ksb/repos/lab_repos/echo_analysis/bin/simple_scrub.jl:56
┌ Info: All entries for row 136 are missing, removing
└ @ Main /Users/ksb/repos/lab_repos/echo_analysis/bin/simple_scrub.jl:56
┌ Info: All entries for row 137 are missing, removing
└ @ Main /Users/ksb/repos/lab_repos/echo_analysis/bin/simple_scrub.jl:56
┌ Info: All entries for row 138 are missing, removing
└ @ Main /Users/ksb/repos/lab_repos/echo_analysis/bin/simple_scrub.jl:56
┌ Info: All entries for row 139 are missing, removing
└ @ Main /Users/ksb/repos/lab_repos/echo_analysis/bin/simple_scrub.jl:56
┌ Info: All entries for row 140 are missing, removing
└ @ Main /Users/ksb/repos/lab_repos/echo_analysis/bin/simple_scrub.jl:56
┌ Info: All entries for row 141 are missing, removing
└ @ Main /Users/ksb/repos/lab_repos/echo_analysis/bin/simple_scrub.jl:56
┌ Info: All entries for row 142 are missing, removing
└ @ Main /Users/ksb/repos/lab_repos/echo_analysis/bin/simple_scrub.jl:56
┌ Info: All entries for row 144 are missing, removing
└ @ Main /Users/ksb/repos/lab_repos/echo_analysis/bin/simple_scrub.jl:56
┌ Info: All entries for row 145 are missing, removing
└ @ Main /Users/ksb/repos/lab_repos/echo_analysis/bin/simple_scrub.jl:56
┌ Info: All entries for row 146 are missing, removing
└ @ Main /Users/ksb/repos/lab_repos/echo_analysis/bin/simple_scrub.jl:56
┌ Info: All entries for row 147 are missing, removing
└ @ Main /Users/ksb/repos/lab_repos/echo_analysis/bin/simple_scrub.jl:56
┌ Info: All entries for row 148 are missing, removing
└ @ Main /Users/ksb/repos/lab_repos/echo_analysis/bin/simple_scrub.jl:56
┌ Info: All entries for row 149 are missing, removing
└ @ Main /Users/ksb/repos/lab_repos/echo_analysis/bin/simple_scrub.jl:56
┌ Info: All entries for row 150 are missing, removing
└ @ Main /Users/ksb/repos/lab_repos/echo_analysis/bin/simple_scrub.jl:56
┌ Info: All entries for row 151 are missing, removing
└ @ Main /Users/ksb/repos/lab_repos/echo_analysis/bin/simple_scrub.jl:56
┌ Info: All entries for row 152 are missing, removing
└ @ Main /Users/ksb/repos/lab_repos/echo_analysis/bin/simple_scrub.jl:56
┌ Info: All entries for row 153 are missing, removing
└ @ Main /Users/ksb/repos/lab_repos/echo_analysis/bin/simple_scrub.jl:56
┌ Info: All entries for row 154 are missing, removing
└ @ Main /Users/ksb/repos/lab_repos/echo_analysis/bin/simple_scrub.jl:56
┌ Info: All entries for row 155 are missing, removing
└ @ Main /Users/ksb/repos/lab_repos/echo_analysis/bin/simple_scrub.jl:56
┌ Info: All entries for row 156 are missing, removing
└ @ Main /Users/ksb/repos/lab_repos/echo_analysis/bin/simple_scrub.jl:56
┌ Info: All entries for row 157 are missing, removing
└ @ Main /Users/ksb/repos/lab_repos/echo_analysis/bin/simple_scrub.jl:56
┌ Info: All entries for row 158 are missing, removing
└ @ Main /Users/ksb/repos/lab_repos/echo_analysis/bin/simple_scrub.jl:56
┌ Info: All entries for row 159 are missing, removing
└ @ Main /Users/ksb/repos/lab_repos/echo_analysis/bin/simple_scrub.jl:56
┌ Info: All entries for row 161 are missing, removing
└ @ Main /Users/ksb/repos/lab_repos/echo_analysis/bin/simple_scrub.jl:56
┌ Info: All entries for row 162 are missing, removing
└ @ Main /Users/ksb/repos/lab_repos/echo_analysis/bin/simple_scrub.jl:56
┌ Info: All entries for row 163 are missing, removing
└ @ Main /Users/ksb/repos/lab_repos/echo_analysis/bin/simple_scrub.jl:56
┌ Info: All entries for row 164 are missing, removing
└ @ Main /Users/ksb/repos/lab_repos/echo_analysis/bin/simple_scrub.jl:56
┌ Info: All entries for row 165 are missing, removing
└ @ Main /Users/ksb/repos/lab_repos/echo_analysis/bin/simple_scrub.jl:56
┌ Info: All entries for row 166 are missing, removing
└ @ Main /Users/ksb/repos/lab_repos/echo_analysis/bin/simple_scrub.jl:56
┌ Info: All entries for row 167 are missing, removing
└ @ Main /Users/ksb/repos/lab_repos/echo_analysis/bin/simple_scrub.jl:56
┌ Info: All entries for row 168 are missing, removing
└ @ Main /Users/ksb/repos/lab_repos/echo_analysis/bin/simple_scrub.jl:56
┌ Info: All entries for row 169 are missing, removing
└ @ Main /Users/ksb/repos/lab_repos/echo_analysis/bin/simple_scrub.jl:56
┌ Info: All entries for row 170 are missing, removing
└ @ Main /Users/ksb/repos/lab_repos/echo_analysis/bin/simple_scrub.jl:56
┌ Info: All entries for row 171 are missing, removing
└ @ Main /Users/ksb/repos/lab_repos/echo_analysis/bin/simple_scrub.jl:56
┌ Info: All entries for row 172 are missing, removing
└ @ Main /Users/ksb/repos/lab_repos/echo_analysis/bin/simple_scrub.jl:56
┌ Info: All entries for row 173 are missing, removing
└ @ Main /Users/ksb/repos/lab_repos/echo_analysis/bin/simple_scrub.jl:56
┌ Info: All entries for row 174 are missing, removing
└ @ Main /Users/ksb/repos/lab_repos/echo_analysis/bin/simple_scrub.jl:56
┌ Info: All entries for row 175 are missing, removing
└ @ Main /Users/ksb/repos/lab_repos/echo_analysis/bin/simple_scrub.jl:56
┌ Info: All entries for row 176 are missing, removing
└ @ Main /Users/ksb/repos/lab_repos/echo_analysis/bin/simple_scrub.jl:56
┌ Info: All entries for row 177 are missing, removing
└ @ Main /Users/ksb/repos/lab_repos/echo_analysis/bin/simple_scrub.jl:56
┌ Info: All entries for row 178 are missing, removing
└ @ Main /Users/ksb/repos/lab_repos/echo_analysis/bin/simple_scrub.jl:56
┌ Info: All entries for row 179 are missing, removing
└ @ Main /Users/ksb/repos/lab_repos/echo_analysis/bin/simple_scrub.jl:56
┌ Info: All entries for row 181 are missing, removing
└ @ Main /Users/ksb/repos/lab_repos/echo_analysis/bin/simple_scrub.jl:56
┌ Info: All entries for row 182 are missing, removing
└ @ Main /Users/ksb/repos/lab_repos/echo_analysis/bin/simple_scrub.jl:56
┌ Info: All entries for row 183 are missing, removing
└ @ Main /Users/ksb/repos/lab_repos/echo_analysis/bin/simple_scrub.jl:56
┌ Info: All entries for row 184 are missing, removing
└ @ Main /Users/ksb/repos/lab_repos/echo_analysis/bin/simple_scrub.jl:56
┌ Info: All entries for row 185 are missing, removing
└ @ Main /Users/ksb/repos/lab_repos/echo_analysis/bin/simple_scrub.jl:56
┌ Info: All entries for row 186 are missing, removing
└ @ Main /Users/ksb/repos/lab_repos/echo_analysis/bin/simple_scrub.jl:56
┌ Info: All entries for row 187 are missing, removing
└ @ Main /Users/ksb/repos/lab_repos/echo_analysis/bin/simple_scrub.jl:56
┌ Info: All entries for row 188 are missing, removing
└ @ Main /Users/ksb/repos/lab_repos/echo_analysis/bin/simple_scrub.jl:56
┌ Info: All entries for row 191 are missing, removing
└ @ Main /Users/ksb/repos/lab_repos/echo_analysis/bin/simple_scrub.jl:56
┌ Info: All entries for row 192 are missing, removing
└ @ Main /Users/ksb/repos/lab_repos/echo_analysis/bin/simple_scrub.jl:56
┌ Info: All entries for row 193 are missing, removing
└ @ Main /Users/ksb/repos/lab_repos/echo_analysis/bin/simple_scrub.jl:56
┌ Info: All entries for row 196 are missing, removing
└ @ Main /Users/ksb/repos/lab_repos/echo_analysis/bin/simple_scrub.jl:56
┌ Info: All entries for row 198 are missing, removing
└ @ Main /Users/ksb/repos/lab_repos/echo_analysis/bin/simple_scrub.jl:56
┌ Info: All entries for row 199 are missing, removing
└ @ Main /Users/ksb/repos/lab_repos/echo_analysis/bin/simple_scrub.jl:56
┌ Info: All entries for row 200 are missing, removing
└ @ Main /Users/ksb/repos/lab_repos/echo_analysis/bin/simple_scrub.jl:56
┌ Info: All entries for row 206 are missing, removing
└ @ Main /Users/ksb/repos/lab_repos/echo_analysis/bin/simple_scrub.jl:56
┌ Info: All entries for row 207 are missing, removing
└ @ Main /Users/ksb/repos/lab_repos/echo_analysis/bin/simple_scrub.jl:56
┌ Info: All entries for row 208 are missing, removing
└ @ Main /Users/ksb/repos/lab_repos/echo_analysis/bin/simple_scrub.jl:56
┌ Info: All entries for row 209 are missing, removing
└ @ Main /Users/ksb/repos/lab_repos/echo_analysis/bin/simple_scrub.jl:56
┌ Info: All entries for row 210 are missing, removing
└ @ Main /Users/ksb/repos/lab_repos/echo_analysis/bin/simple_scrub.jl:56
┌ Info: All entries for row 211 are missing, removing
└ @ Main /Users/ksb/repos/lab_repos/echo_analysis/bin/simple_scrub.jl:56
┌ Info: All entries for row 212 are missing, removing
└ @ Main /Users/ksb/repos/lab_repos/echo_analysis/bin/simple_scrub.jl:56
┌ Info: All entries for row 213 are missing, removing
└ @ Main /Users/ksb/repos/lab_repos/echo_analysis/bin/simple_scrub.jl:56
┌ Info: All entries for row 214 are missing, removing
└ @ Main /Users/ksb/repos/lab_repos/echo_analysis/bin/simple_scrub.jl:56
┌ Info: All entries for row 215 are missing, removing
└ @ Main /Users/ksb/repos/lab_repos/echo_analysis/bin/simple_scrub.jl:56
┌ Info: All entries for row 216 are missing, removing
└ @ Main /Users/ksb/repos/lab_repos/echo_analysis/bin/simple_scrub.jl:56
┌ Info: All entries for row 217 are missing, removing
└ @ Main /Users/ksb/repos/lab_repos/echo_analysis/bin/simple_scrub.jl:56
┌ Info: All entries for row 218 are missing, removing
└ @ Main /Users/ksb/repos/lab_repos/echo_analysis/bin/simple_scrub.jl:56
┌ Info: All entries for row 219 are missing, removing
└ @ Main /Users/ksb/repos/lab_repos/echo_analysis/bin/simple_scrub.jl:56
┌ Info: All entries for row 220 are missing, removing
└ @ Main /Users/ksb/repos/lab_repos/echo_analysis/bin/simple_scrub.jl:56
┌ Info: All entries for row 221 are missing, removing
└ @ Main /Users/ksb/repos/lab_repos/echo_analysis/bin/simple_scrub.jl:56
┌ Info: All entries for row 222 are missing, removing
└ @ Main /Users/ksb/repos/lab_repos/echo_analysis/bin/simple_scrub.jl:56
┌ Info: All entries for row 223 are missing, removing
└ @ Main /Users/ksb/repos/lab_repos/echo_analysis/bin/simple_scrub.jl:56
┌ Info: All entries for row 224 are missing, removing
└ @ Main /Users/ksb/repos/lab_repos/echo_analysis/bin/simple_scrub.jl:56
┌ Info: All entries for row 225 are missing, removing
└ @ Main /Users/ksb/repos/lab_repos/echo_analysis/bin/simple_scrub.jl:56
┌ Info: All entries for row 226 are missing, removing
└ @ Main /Users/ksb/repos/lab_repos/echo_analysis/bin/simple_scrub.jl:56
┌ Info: All entries for row 227 are missing, removing
└ @ Main /Users/ksb/repos/lab_repos/echo_analysis/bin/simple_scrub.jl:56
┌ Info: All entries for row 228 are missing, removing
└ @ Main /Users/ksb/repos/lab_repos/echo_analysis/bin/simple_scrub.jl:56
┌ Info: All entries for row 229 are missing, removing
└ @ Main /Users/ksb/repos/lab_repos/echo_analysis/bin/simple_scrub.jl:56
┌ Info: All entries for row 230 are missing, removing
└ @ Main /Users/ksb/repos/lab_repos/echo_analysis/bin/simple_scrub.jl:56
┌ Info: All entries for row 231 are missing, removing
└ @ Main /Users/ksb/repos/lab_repos/echo_analysis/bin/simple_scrub.jl:56
┌ Info: All entries for row 234 are missing, removing
└ @ Main /Users/ksb/repos/lab_repos/echo_analysis/bin/simple_scrub.jl:56
┌ Info: All entries for row 235 are missing, removing
└ @ Main /Users/ksb/repos/lab_repos/echo_analysis/bin/simple_scrub.jl:56
┌ Info: All entries for row 236 are missing, removing
└ @ Main /Users/ksb/repos/lab_repos/echo_analysis/bin/simple_scrub.jl:56
┌ Info: All entries for row 237 are missing, removing
└ @ Main /Users/ksb/repos/lab_repos/echo_analysis/bin/simple_scrub.jl:56
┌ Info: All entries for row 238 are missing, removing
└ @ Main /Users/ksb/repos/lab_repos/echo_analysis/bin/simple_scrub.jl:56
┌ Info: All entries for row 239 are missing, removing
└ @ Main /Users/ksb/repos/lab_repos/echo_analysis/bin/simple_scrub.jl:56
┌ Info: All entries for row 240 are missing, removing
└ @ Main /Users/ksb/repos/lab_repos/echo_analysis/bin/simple_scrub.jl:56
┌ Info: All entries for row 242 are missing, removing
└ @ Main /Users/ksb/repos/lab_repos/echo_analysis/bin/simple_scrub.jl:56
┌ Info: All entries for row 243 are missing, removing
└ @ Main /Users/ksb/repos/lab_repos/echo_analysis/bin/simple_scrub.jl:56
┌ Info: All entries for row 246 are missing, removing
└ @ Main /Users/ksb/repos/lab_repos/echo_analysis/bin/simple_scrub.jl:56
┌ Info: All entries for row 247 are missing, removing
└ @ Main /Users/ksb/repos/lab_repos/echo_analysis/bin/simple_scrub.jl:56
┌ Info: All entries for row 248 are missing, removing
└ @ Main /Users/ksb/repos/lab_repos/echo_analysis/bin/simple_scrub.jl:56
┌ Info: All entries for row 249 are missing, removing
└ @ Main /Users/ksb/repos/lab_repos/echo_analysis/bin/simple_scrub.jl:56
┌ Info: All entries for row 250 are missing, removing
└ @ Main /Users/ksb/repos/lab_repos/echo_analysis/bin/simple_scrub.jl:56
┌ Info: All entries for row 251 are missing, removing
└ @ Main /Users/ksb/repos/lab_repos/echo_analysis/bin/simple_scrub.jl:56
┌ Info: All entries for row 252 are missing, removing
└ @ Main /Users/ksb/repos/lab_repos/echo_analysis/bin/simple_scrub.jl:56
┌ Info: All entries for row 253 are missing, removing
└ @ Main /Users/ksb/repos/lab_repos/echo_analysis/bin/simple_scrub.jl:56
┌ Info: All entries for row 255 are missing, removing
└ @ Main /Users/ksb/repos/lab_repos/echo_analysis/bin/simple_scrub.jl:56
┌ Info: All entries for row 256 are missing, removing
└ @ Main /Users/ksb/repos/lab_repos/echo_analysis/bin/simple_scrub.jl:56
┌ Info: All entries for row 257 are missing, removing
└ @ Main /Users/ksb/repos/lab_repos/echo_analysis/bin/simple_scrub.jl:56
┌ Info: All entries for row 258 are missing, removing
└ @ Main /Users/ksb/repos/lab_repos/echo_analysis/bin/simple_scrub.jl:56
┌ Info: All entries for row 260 are missing, removing
└ @ Main /Users/ksb/repos/lab_repos/echo_analysis/bin/simple_scrub.jl:56
┌ Info: All entries for row 261 are missing, removing
└ @ Main /Users/ksb/repos/lab_repos/echo_analysis/bin/simple_scrub.jl:56
┌ Info: All entries for row 262 are missing, removing
└ @ Main /Users/ksb/repos/lab_repos/echo_analysis/bin/simple_scrub.jl:56
┌ Info: All entries for row 264 are missing, removing
└ @ Main /Users/ksb/repos/lab_repos/echo_analysis/bin/simple_scrub.jl:56
┌ Info: All entries for row 265 are missing, removing
└ @ Main /Users/ksb/repos/lab_repos/echo_analysis/bin/simple_scrub.jl:56
┌ Info: All entries for row 266 are missing, removing
└ @ Main /Users/ksb/repos/lab_repos/echo_analysis/bin/simple_scrub.jl:56
┌ Info: All entries for row 267 are missing, removing
└ @ Main /Users/ksb/repos/lab_repos/echo_analysis/bin/simple_scrub.jl:56
┌ Info: All entries for row 268 are missing, removing
└ @ Main /Users/ksb/repos/lab_repos/echo_analysis/bin/simple_scrub.jl:56
┌ Info: All entries for row 269 are missing, removing
└ @ Main /Users/ksb/repos/lab_repos/echo_analysis/bin/simple_scrub.jl:56
┌ Info: All entries for row 270 are missing, removing
└ @ Main /Users/ksb/repos/lab_repos/echo_analysis/bin/simple_scrub.jl:56
┌ Info: All entries for row 271 are missing, removing
└ @ Main /Users/ksb/repos/lab_repos/echo_analysis/bin/simple_scrub.jl:56
┌ Info: All entries for row 272 are missing, removing
└ @ Main /Users/ksb/repos/lab_repos/echo_analysis/bin/simple_scrub.jl:56
┌ Info: All entries for row 273 are missing, removing
└ @ Main /Users/ksb/repos/lab_repos/echo_analysis/bin/simple_scrub.jl:56
┌ Info: All entries for row 274 are missing, removing
└ @ Main /Users/ksb/repos/lab_repos/echo_analysis/bin/simple_scrub.jl:56
┌ Info: All entries for row 275 are missing, removing
└ @ Main /Users/ksb/repos/lab_repos/echo_analysis/bin/simple_scrub.jl:56
┌ Info: All entries for row 276 are missing, removing
└ @ Main /Users/ksb/repos/lab_repos/echo_analysis/bin/simple_scrub.jl:56
┌ Info: All entries for row 277 are missing, removing
└ @ Main /Users/ksb/repos/lab_repos/echo_analysis/bin/simple_scrub.jl:56
┌ Info: All entries for row 278 are missing, removing
└ @ Main /Users/ksb/repos/lab_repos/echo_analysis/bin/simple_scrub.jl:56
┌ Info: All entries for row 279 are missing, removing
└ @ Main /Users/ksb/repos/lab_repos/echo_analysis/bin/simple_scrub.jl:56
┌ Info: All entries for row 280 are missing, removing
└ @ Main /Users/ksb/repos/lab_repos/echo_analysis/bin/simple_scrub.jl:56
┌ Info: All entries for row 281 are missing, removing
└ @ Main /Users/ksb/repos/lab_repos/echo_analysis/bin/simple_scrub.jl:56
┌ Info: All entries for row 282 are missing, removing
└ @ Main /Users/ksb/repos/lab_repos/echo_analysis/bin/simple_scrub.jl:56
┌ Info: All entries for row 283 are missing, removing
└ @ Main /Users/ksb/repos/lab_repos/echo_analysis/bin/simple_scrub.jl:56
┌ Info: All entries for row 284 are missing, removing
└ @ Main /Users/ksb/repos/lab_repos/echo_analysis/bin/simple_scrub.jl:56
┌ Info: All entries for row 285 are missing, removing
└ @ Main /Users/ksb/repos/lab_repos/echo_analysis/bin/simple_scrub.jl:56
┌ Info: All entries for row 286 are missing, removing
└ @ Main /Users/ksb/repos/lab_repos/echo_analysis/bin/simple_scrub.jl:56
┌ Info: All entries for row 287 are missing, removing
└ @ Main /Users/ksb/repos/lab_repos/echo_analysis/bin/simple_scrub.jl:56
┌ Info: All entries for row 288 are missing, removing
└ @ Main /Users/ksb/repos/lab_repos/echo_analysis/bin/simple_scrub.jl:56
┌ Info: All entries for row 289 are missing, removing
└ @ Main /Users/ksb/repos/lab_repos/echo_analysis/bin/simple_scrub.jl:56
┌ Info: All entries for row 290 are missing, removing
└ @ Main /Users/ksb/repos/lab_repos/echo_analysis/bin/simple_scrub.jl:56
┌ Info: All entries for row 292 are missing, removing
└ @ Main /Users/ksb/repos/lab_repos/echo_analysis/bin/simple_scrub.jl:56
┌ Info: All entries for row 293 are missing, removing
└ @ Main /Users/ksb/repos/lab_repos/echo_analysis/bin/simple_scrub.jl:56
┌ Info: All entries for row 294 are missing, removing
└ @ Main /Users/ksb/repos/lab_repos/echo_analysis/bin/simple_scrub.jl:56
┌ Info: All entries for row 295 are missing, removing
└ @ Main /Users/ksb/repos/lab_repos/echo_analysis/bin/simple_scrub.jl:56
┌ Info: All entries for row 296 are missing, removing
└ @ Main /Users/ksb/repos/lab_repos/echo_analysis/bin/simple_scrub.jl:56
┌ Info: All entries for row 297 are missing, removing
└ @ Main /Users/ksb/repos/lab_repos/echo_analysis/bin/simple_scrub.jl:56
┌ Info: All entries for row 298 are missing, removing
└ @ Main /Users/ksb/repos/lab_repos/echo_analysis/bin/simple_scrub.jl:56
┌ Info: All entries for row 299 are missing, removing
└ @ Main /Users/ksb/repos/lab_repos/echo_analysis/bin/simple_scrub.jl:56
┌ Info: All entries for row 300 are missing, removing
└ @ Main /Users/ksb/repos/lab_repos/echo_analysis/bin/simple_scrub.jl:56
┌ Info: All entries for row 302 are missing, removing
└ @ Main /Users/ksb/repos/lab_repos/echo_analysis/bin/simple_scrub.jl:56
┌ Info: All entries for row 303 are missing, removing
└ @ Main /Users/ksb/repos/lab_repos/echo_analysis/bin/simple_scrub.jl:56
┌ Info: All entries for row 304 are missing, removing
└ @ Main /Users/ksb/repos/lab_repos/echo_analysis/bin/simple_scrub.jl:56
┌ Info: All entries for row 305 are missing, removing
└ @ Main /Users/ksb/repos/lab_repos/echo_analysis/bin/simple_scrub.jl:56
┌ Info: All entries for row 306 are missing, removing
└ @ Main /Users/ksb/repos/lab_repos/echo_analysis/bin/simple_scrub.jl:56
┌ Info: All entries for row 307 are missing, removing
└ @ Main /Users/ksb/repos/lab_repos/echo_analysis/bin/simple_scrub.jl:56
┌ Info: All entries for row 308 are missing, removing
└ @ Main /Users/ksb/repos/lab_repos/echo_analysis/bin/simple_scrub.jl:56
┌ Info: All entries for row 309 are missing, removing
└ @ Main /Users/ksb/repos/lab_repos/echo_analysis/bin/simple_scrub.jl:56
┌ Info: All entries for row 310 are missing, removing
└ @ Main /Users/ksb/repos/lab_repos/echo_analysis/bin/simple_scrub.jl:56
┌ Info: All entries for row 311 are missing, removing
└ @ Main /Users/ksb/repos/lab_repos/echo_analysis/bin/simple_scrub.jl:56
┌ Info: All entries for row 314 are missing, removing
└ @ Main /Users/ksb/repos/lab_repos/echo_analysis/bin/simple_scrub.jl:56
┌ Info: All entries for row 315 are missing, removing
└ @ Main /Users/ksb/repos/lab_repos/echo_analysis/bin/simple_scrub.jl:56
┌ Info: All entries for row 316 are missing, removing
└ @ Main /Users/ksb/repos/lab_repos/echo_analysis/bin/simple_scrub.jl:56
┌ Info: All entries for row 318 are missing, removing
└ @ Main /Users/ksb/repos/lab_repos/echo_analysis/bin/simple_scrub.jl:56
┌ Info: All entries for row 319 are missing, removing
└ @ Main /Users/ksb/repos/lab_repos/echo_analysis/bin/simple_scrub.jl:56
┌ Info: All entries for row 320 are missing, removing
└ @ Main /Users/ksb/repos/lab_repos/echo_analysis/bin/simple_scrub.jl:56
┌ Info: All entries for row 321 are missing, removing
└ @ Main /Users/ksb/repos/lab_repos/echo_analysis/bin/simple_scrub.jl:56
┌ Info: All entries for row 322 are missing, removing
└ @ Main /Users/ksb/repos/lab_repos/echo_analysis/bin/simple_scrub.jl:56
┌ Info: All entries for row 323 are missing, removing
└ @ Main /Users/ksb/repos/lab_repos/echo_analysis/bin/simple_scrub.jl:56
┌ Info: All entries for row 324 are missing, removing
└ @ Main /Users/ksb/repos/lab_repos/echo_analysis/bin/simple_scrub.jl:56
┌ Info: All entries for row 325 are missing, removing
└ @ Main /Users/ksb/repos/lab_repos/echo_analysis/bin/simple_scrub.jl:56
┌ Info: All entries for row 326 are missing, removing
└ @ Main /Users/ksb/repos/lab_repos/echo_analysis/bin/simple_scrub.jl:56
┌ Info: All entries for row 327 are missing, removing
└ @ Main /Users/ksb/repos/lab_repos/echo_analysis/bin/simple_scrub.jl:56
┌ Info: All entries for row 330 are missing, removing
└ @ Main /Users/ksb/repos/lab_repos/echo_analysis/bin/simple_scrub.jl:56
┌ Info: All entries for row 331 are missing, removing
└ @ Main /Users/ksb/repos/lab_repos/echo_analysis/bin/simple_scrub.jl:56
┌ Info: All entries for row 332 are missing, removing
└ @ Main /Users/ksb/repos/lab_repos/echo_analysis/bin/simple_scrub.jl:56
┌ Info: All entries for row 333 are missing, removing
└ @ Main /Users/ksb/repos/lab_repos/echo_analysis/bin/simple_scrub.jl:56
┌ Info: All entries for row 334 are missing, removing
└ @ Main /Users/ksb/repos/lab_repos/echo_analysis/bin/simple_scrub.jl:56
┌ Info: All entries for row 335 are missing, removing
└ @ Main /Users/ksb/repos/lab_repos/echo_analysis/bin/simple_scrub.jl:56
┌ Info: All entries for row 336 are missing, removing
└ @ Main /Users/ksb/repos/lab_repos/echo_analysis/bin/simple_scrub.jl:56
┌ Info: All entries for row 338 are missing, removing
└ @ Main /Users/ksb/repos/lab_repos/echo_analysis/bin/simple_scrub.jl:56
┌ Info: All entries for row 339 are missing, removing
└ @ Main /Users/ksb/repos/lab_repos/echo_analysis/bin/simple_scrub.jl:56
┌ Info: All entries for row 340 are missing, removing
└ @ Main /Users/ksb/repos/lab_repos/echo_analysis/bin/simple_scrub.jl:56
┌ Info: All entries for row 341 are missing, removing
└ @ Main /Users/ksb/repos/lab_repos/echo_analysis/bin/simple_scrub.jl:56
┌ Info: All entries for row 343 are missing, removing
└ @ Main /Users/ksb/repos/lab_repos/echo_analysis/bin/simple_scrub.jl:56
┌ Info: All entries for row 344 are missing, removing
└ @ Main /Users/ksb/repos/lab_repos/echo_analysis/bin/simple_scrub.jl:56
┌ Info: All entries for row 345 are missing, removing
└ @ Main /Users/ksb/repos/lab_repos/echo_analysis/bin/simple_scrub.jl:56
┌ Info: All entries for row 346 are missing, removing
└ @ Main /Users/ksb/repos/lab_repos/echo_analysis/bin/simple_scrub.jl:56
┌ Info: All entries for row 347 are missing, removing
└ @ Main /Users/ksb/repos/lab_repos/echo_analysis/bin/simple_scrub.jl:56
┌ Info: All entries for row 348 are missing, removing
└ @ Main /Users/ksb/repos/lab_repos/echo_analysis/bin/simple_scrub.jl:56
┌ Info: All entries for row 349 are missing, removing
└ @ Main /Users/ksb/repos/lab_repos/echo_analysis/bin/simple_scrub.jl:56
┌ Info: All entries for row 350 are missing, removing
└ @ Main /Users/ksb/repos/lab_repos/echo_analysis/bin/simple_scrub.jl:56
┌ Info: All entries for row 351 are missing, removing
└ @ Main /Users/ksb/repos/lab_repos/echo_analysis/bin/simple_scrub.jl:56
┌ Info: All entries for row 352 are missing, removing
└ @ Main /Users/ksb/repos/lab_repos/echo_analysis/bin/simple_scrub.jl:56
┌ Info: All entries for row 353 are missing, removing
└ @ Main /Users/ksb/repos/lab_repos/echo_analysis/bin/simple_scrub.jl:56
┌ Info: All entries for row 354 are missing, removing
└ @ Main /Users/ksb/repos/lab_repos/echo_analysis/bin/simple_scrub.jl:56
┌ Info: All entries for row 355 are missing, removing
└ @ Main /Users/ksb/repos/lab_repos/echo_analysis/bin/simple_scrub.jl:56
┌ Info: All entries for row 356 are missing, removing
└ @ Main /Users/ksb/repos/lab_repos/echo_analysis/bin/simple_scrub.jl:56
┌ Info: All entries for row 357 are missing, removing
└ @ Main /Users/ksb/repos/lab_repos/echo_analysis/bin/simple_scrub.jl:56
┌ Info: All entries for row 358 are missing, removing
└ @ Main /Users/ksb/repos/lab_repos/echo_analysis/bin/simple_scrub.jl:56
┌ Info: All entries for row 359 are missing, removing
└ @ Main /Users/ksb/repos/lab_repos/echo_analysis/bin/simple_scrub.jl:56
┌ Info: All entries for row 360 are missing, removing
└ @ Main /Users/ksb/repos/lab_repos/echo_analysis/bin/simple_scrub.jl:56
┌ Info: All entries for row 361 are missing, removing
└ @ Main /Users/ksb/repos/lab_repos/echo_analysis/bin/simple_scrub.jl:56
┌ Info: All entries for row 362 are missing, removing
└ @ Main /Users/ksb/repos/lab_repos/echo_analysis/bin/simple_scrub.jl:56
┌ Info: All entries for row 363 are missing, removing
└ @ Main /Users/ksb/repos/lab_repos/echo_analysis/bin/simple_scrub.jl:56
┌ Info: All entries for row 364 are missing, removing
└ @ Main /Users/ksb/repos/lab_repos/echo_analysis/bin/simple_scrub.jl:56
┌ Info: All entries for row 365 are missing, removing
└ @ Main /Users/ksb/repos/lab_repos/echo_analysis/bin/simple_scrub.jl:56
┌ Info: All entries for row 366 are missing, removing
└ @ Main /Users/ksb/repos/lab_repos/echo_analysis/bin/simple_scrub.jl:56
┌ Info: All entries for row 367 are missing, removing
└ @ Main /Users/ksb/repos/lab_repos/echo_analysis/bin/simple_scrub.jl:56
┌ Info: All entries for row 368 are missing, removing
└ @ Main /Users/ksb/repos/lab_repos/echo_analysis/bin/simple_scrub.jl:56
┌ Info: All entries for row 370 are missing, removing
└ @ Main /Users/ksb/repos/lab_repos/echo_analysis/bin/simple_scrub.jl:56
┌ Info: All entries for row 371 are missing, removing
└ @ Main /Users/ksb/repos/lab_repos/echo_analysis/bin/simple_scrub.jl:56
┌ Info: All entries for row 372 are missing, removing
└ @ Main /Users/ksb/repos/lab_repos/echo_analysis/bin/simple_scrub.jl:56
┌ Info: All entries for row 373 are missing, removing
└ @ Main /Users/ksb/repos/lab_repos/echo_analysis/bin/simple_scrub.jl:56
┌ Info: All entries for row 374 are missing, removing
└ @ Main /Users/ksb/repos/lab_repos/echo_analysis/bin/simple_scrub.jl:56
┌ Info: All entries for row 375 are missing, removing
└ @ Main /Users/ksb/repos/lab_repos/echo_analysis/bin/simple_scrub.jl:56
┌ Info: All entries for row 376 are missing, removing
└ @ Main /Users/ksb/repos/lab_repos/echo_analysis/bin/simple_scrub.jl:56
┌ Info: All entries for row 377 are missing, removing
└ @ Main /Users/ksb/repos/lab_repos/echo_analysis/bin/simple_scrub.jl:56
┌ Info: All entries for row 378 are missing, removing
└ @ Main /Users/ksb/repos/lab_repos/echo_analysis/bin/simple_scrub.jl:56
┌ Info: All entries for row 379 are missing, removing
└ @ Main /Users/ksb/repos/lab_repos/echo_analysis/bin/simple_scrub.jl:56
┌ Info: All entries for row 380 are missing, removing
└ @ Main /Users/ksb/repos/lab_repos/echo_analysis/bin/simple_scrub.jl:56
┌ Info: All entries for row 381 are missing, removing
└ @ Main /Users/ksb/repos/lab_repos/echo_analysis/bin/simple_scrub.jl:56
┌ Info: All entries for row 382 are missing, removing
└ @ Main /Users/ksb/repos/lab_repos/echo_analysis/bin/simple_scrub.jl:56
┌ Info: All entries for row 383 are missing, removing
└ @ Main /Users/ksb/repos/lab_repos/echo_analysis/bin/simple_scrub.jl:56
┌ Info: All entries for row 384 are missing, removing
└ @ Main /Users/ksb/repos/lab_repos/echo_analysis/bin/simple_scrub.jl:56
┌ Info: All entries for row 385 are missing, removing
└ @ Main /Users/ksb/repos/lab_repos/echo_analysis/bin/simple_scrub.jl:56
┌ Info: All entries for row 386 are missing, removing
└ @ Main /Users/ksb/repos/lab_repos/echo_analysis/bin/simple_scrub.jl:56
┌ Info: All entries for row 387 are missing, removing
└ @ Main /Users/ksb/repos/lab_repos/echo_analysis/bin/simple_scrub.jl:56
┌ Info: All entries for row 388 are missing, removing
└ @ Main /Users/ksb/repos/lab_repos/echo_analysis/bin/simple_scrub.jl:56
┌ Info: All entries for row 389 are missing, removing
└ @ Main /Users/ksb/repos/lab_repos/echo_analysis/bin/simple_scrub.jl:56
┌ Info: All entries for row 391 are missing, removing
└ @ Main /Users/ksb/repos/lab_repos/echo_analysis/bin/simple_scrub.jl:56
┌ Info: All entries for row 392 are missing, removing
└ @ Main /Users/ksb/repos/lab_repos/echo_analysis/bin/simple_scrub.jl:56
┌ Info: All entries for row 393 are missing, removing
└ @ Main /Users/ksb/repos/lab_repos/echo_analysis/bin/simple_scrub.jl:56
┌ Info: All entries for row 394 are missing, removing
└ @ Main /Users/ksb/repos/lab_repos/echo_analysis/bin/simple_scrub.jl:56
┌ Info: All entries for row 395 are missing, removing
└ @ Main /Users/ksb/repos/lab_repos/echo_analysis/bin/simple_scrub.jl:56
┌ Info: All entries for row 396 are missing, removing
└ @ Main /Users/ksb/repos/lab_repos/echo_analysis/bin/simple_scrub.jl:56
┌ Info: All entries for row 397 are missing, removing
└ @ Main /Users/ksb/repos/lab_repos/echo_analysis/bin/simple_scrub.jl:56
┌ Info: All entries for row 398 are missing, removing
└ @ Main /Users/ksb/repos/lab_repos/echo_analysis/bin/simple_scrub.jl:56
┌ Info: All entries for row 399 are missing, removing
└ @ Main /Users/ksb/repos/lab_repos/echo_analysis/bin/simple_scrub.jl:56
┌ Info: All entries for row 400 are missing, removing
└ @ Main /Users/ksb/repos/lab_repos/echo_analysis/bin/simple_scrub.jl:56
┌ Info: All entries for row 401 are missing, removing
└ @ Main /Users/ksb/repos/lab_repos/echo_analysis/bin/simple_scrub.jl:56
┌ Info: All entries for row 402 are missing, removing
└ @ Main /Users/ksb/repos/lab_repos/echo_analysis/bin/simple_scrub.jl:56
┌ Info: All entries for row 403 are missing, removing
└ @ Main /Users/ksb/repos/lab_repos/echo_analysis/bin/simple_scrub.jl:56
┌ Info: All entries for row 404 are missing, removing
└ @ Main /Users/ksb/repos/lab_repos/echo_analysis/bin/simple_scrub.jl:56
┌ Info: All entries for row 405 are missing, removing
└ @ Main /Users/ksb/repos/lab_repos/echo_analysis/bin/simple_scrub.jl:56
┌ Info: All entries for row 406 are missing, removing
└ @ Main /Users/ksb/repos/lab_repos/echo_analysis/bin/simple_scrub.jl:56
┌ Info: All entries for row 407 are missing, removing
└ @ Main /Users/ksb/repos/lab_repos/echo_analysis/bin/simple_scrub.jl:56
┌ Info: All entries for row 411 are missing, removing
└ @ Main /Users/ksb/repos/lab_repos/echo_analysis/bin/simple_scrub.jl:56
┌ Info: All entries for row 412 are missing, removing
└ @ Main /Users/ksb/repos/lab_repos/echo_analysis/bin/simple_scrub.jl:56
┌ Info: All entries for row 413 are missing, removing
└ @ Main /Users/ksb/repos/lab_repos/echo_analysis/bin/simple_scrub.jl:56
┌ Info: All entries for row 414 are missing, removing
└ @ Main /Users/ksb/repos/lab_repos/echo_analysis/bin/simple_scrub.jl:56
┌ Info: All entries for row 415 are missing, removing
└ @ Main /Users/ksb/repos/lab_repos/echo_analysis/bin/simple_scrub.jl:56
┌ Info: All entries for row 416 are missing, removing
└ @ Main /Users/ksb/repos/lab_repos/echo_analysis/bin/simple_scrub.jl:56
┌ Info: All entries for row 417 are missing, removing
└ @ Main /Users/ksb/repos/lab_repos/echo_analysis/bin/simple_scrub.jl:56
┌ Info: All entries for row 418 are missing, removing
└ @ Main /Users/ksb/repos/lab_repos/echo_analysis/bin/simple_scrub.jl:56
┌ Info: All entries for row 419 are missing, removing
└ @ Main /Users/ksb/repos/lab_repos/echo_analysis/bin/simple_scrub.jl:56
┌ Info: All entries for row 420 are missing, removing
└ @ Main /Users/ksb/repos/lab_repos/echo_analysis/bin/simple_scrub.jl:56
┌ Info: All entries for row 421 are missing, removing
└ @ Main /Users/ksb/repos/lab_repos/echo_analysis/bin/simple_scrub.jl:56
┌ Info: All entries for row 422 are missing, removing
└ @ Main /Users/ksb/repos/lab_repos/echo_analysis/bin/simple_scrub.jl:56
┌ Info: All entries for row 423 are missing, removing
└ @ Main /Users/ksb/repos/lab_repos/echo_analysis/bin/simple_scrub.jl:56
┌ Info: All entries for row 424 are missing, removing
└ @ Main /Users/ksb/repos/lab_repos/echo_analysis/bin/simple_scrub.jl:56
┌ Info: All entries for row 427 are missing, removing
└ @ Main /Users/ksb/repos/lab_repos/echo_analysis/bin/simple_scrub.jl:56
┌ Info: All entries for row 428 are missing, removing
└ @ Main /Users/ksb/repos/lab_repos/echo_analysis/bin/simple_scrub.jl:56
┌ Info: All entries for row 429 are missing, removing
└ @ Main /Users/ksb/repos/lab_repos/echo_analysis/bin/simple_scrub.jl:56
┌ Info: All entries for row 430 are missing, removing
└ @ Main /Users/ksb/repos/lab_repos/echo_analysis/bin/simple_scrub.jl:56
┌ Info: All entries for row 431 are missing, removing
└ @ Main /Users/ksb/repos/lab_repos/echo_analysis/bin/simple_scrub.jl:56
┌ Info: All entries for row 432 are missing, removing
└ @ Main /Users/ksb/repos/lab_repos/echo_analysis/bin/simple_scrub.jl:56
┌ Info: All entries for row 433 are missing, removing
└ @ Main /Users/ksb/repos/lab_repos/echo_analysis/bin/simple_scrub.jl:56
┌ Info: All entries for row 435 are missing, removing
└ @ Main /Users/ksb/repos/lab_repos/echo_analysis/bin/simple_scrub.jl:56
┌ Info: All entries for row 436 are missing, removing
└ @ Main /Users/ksb/repos/lab_repos/echo_analysis/bin/simple_scrub.jl:56
┌ Info: All entries for row 437 are missing, removing
└ @ Main /Users/ksb/repos/lab_repos/echo_analysis/bin/simple_scrub.jl:56
┌ Info: All entries for row 438 are missing, removing
└ @ Main /Users/ksb/repos/lab_repos/echo_analysis/bin/simple_scrub.jl:56
┌ Info: All entries for row 439 are missing, removing
└ @ Main /Users/ksb/repos/lab_repos/echo_analysis/bin/simple_scrub.jl:56
┌ Info: All entries for row 440 are missing, removing
└ @ Main /Users/ksb/repos/lab_repos/echo_analysis/bin/simple_scrub.jl:56
┌ Info: All entries for row 441 are missing, removing
└ @ Main /Users/ksb/repos/lab_repos/echo_analysis/bin/simple_scrub.jl:56
┌ Info: All entries for row 442 are missing, removing
└ @ Main /Users/ksb/repos/lab_repos/echo_analysis/bin/simple_scrub.jl:56
┌ Info: All entries for row 443 are missing, removing
└ @ Main /Users/ksb/repos/lab_repos/echo_analysis/bin/simple_scrub.jl:56
┌ Info: All entries for row 444 are missing, removing
└ @ Main /Users/ksb/repos/lab_repos/echo_analysis/bin/simple_scrub.jl:56
┌ Info: All entries for row 445 are missing, removing
└ @ Main /Users/ksb/repos/lab_repos/echo_analysis/bin/simple_scrub.jl:56
┌ Info: All entries for row 446 are missing, removing
└ @ Main /Users/ksb/repos/lab_repos/echo_analysis/bin/simple_scrub.jl:56
┌ Info: All entries for row 447 are missing, removing
└ @ Main /Users/ksb/repos/lab_repos/echo_analysis/bin/simple_scrub.jl:56
┌ Info: All entries for row 448 are missing, removing
└ @ Main /Users/ksb/repos/lab_repos/echo_analysis/bin/simple_scrub.jl:56
┌ Info: All entries for row 449 are missing, removing
└ @ Main /Users/ksb/repos/lab_repos/echo_analysis/bin/simple_scrub.jl:56
┌ Info: All entries for row 450 are missing, removing
└ @ Main /Users/ksb/repos/lab_repos/echo_analysis/bin/simple_scrub.jl:56
┌ Info: All entries for row 451 are missing, removing
└ @ Main /Users/ksb/repos/lab_repos/echo_analysis/bin/simple_scrub.jl:56
┌ Info: All entries for row 452 are missing, removing
└ @ Main /Users/ksb/repos/lab_repos/echo_analysis/bin/simple_scrub.jl:56
┌ Info: All entries for row 453 are missing, removing
└ @ Main /Users/ksb/repos/lab_repos/echo_analysis/bin/simple_scrub.jl:56
┌ Info: All entries for row 454 are missing, removing
└ @ Main /Users/ksb/repos/lab_repos/echo_analysis/bin/simple_scrub.jl:56
┌ Info: All entries for row 456 are missing, removing
└ @ Main /Users/ksb/repos/lab_repos/echo_analysis/bin/simple_scrub.jl:56
┌ Info: All entries for row 457 are missing, removing
└ @ Main /Users/ksb/repos/lab_repos/echo_analysis/bin/simple_scrub.jl:56
┌ Info: All entries for row 458 are missing, removing
└ @ Main /Users/ksb/repos/lab_repos/echo_analysis/bin/simple_scrub.jl:56
┌ Info: All entries for row 459 are missing, removing
└ @ Main /Users/ksb/repos/lab_repos/echo_analysis/bin/simple_scrub.jl:56
┌ Info: All entries for row 460 are missing, removing
└ @ Main /Users/ksb/repos/lab_repos/echo_analysis/bin/simple_scrub.jl:56
┌ Info: All entries for row 461 are missing, removing
└ @ Main /Users/ksb/repos/lab_repos/echo_analysis/bin/simple_scrub.jl:56
┌ Info: All entries for row 462 are missing, removing
└ @ Main /Users/ksb/repos/lab_repos/echo_analysis/bin/simple_scrub.jl:56
┌ Info: All entries for row 463 are missing, removing
└ @ Main /Users/ksb/repos/lab_repos/echo_analysis/bin/simple_scrub.jl:56
┌ Info: All entries for row 465 are missing, removing
└ @ Main /Users/ksb/repos/lab_repos/echo_analysis/bin/simple_scrub.jl:56
┌ Info: All entries for row 466 are missing, removing
└ @ Main /Users/ksb/repos/lab_repos/echo_analysis/bin/simple_scrub.jl:56
┌ Info: All entries for row 467 are missing, removing
└ @ Main /Users/ksb/repos/lab_repos/echo_analysis/bin/simple_scrub.jl:56
┌ Info: All entries for row 468 are missing, removing
└ @ Main /Users/ksb/repos/lab_repos/echo_analysis/bin/simple_scrub.jl:56
┌ Info: All entries for row 469 are missing, removing
└ @ Main /Users/ksb/repos/lab_repos/echo_analysis/bin/simple_scrub.jl:56
┌ Info: All entries for row 470 are missing, removing
└ @ Main /Users/ksb/repos/lab_repos/echo_analysis/bin/simple_scrub.jl:56
┌ Info: All entries for row 471 are missing, removing
└ @ Main /Users/ksb/repos/lab_repos/echo_analysis/bin/simple_scrub.jl:56
┌ Info: All entries for row 472 are missing, removing
└ @ Main /Users/ksb/repos/lab_repos/echo_analysis/bin/simple_scrub.jl:56
┌ Info: All entries for row 473 are missing, removing
└ @ Main /Users/ksb/repos/lab_repos/echo_analysis/bin/simple_scrub.jl:56
┌ Info: All entries for row 476 are missing, removing
└ @ Main /Users/ksb/repos/lab_repos/echo_analysis/bin/simple_scrub.jl:56
┌ Info: All entries for row 477 are missing, removing
└ @ Main /Users/ksb/repos/lab_repos/echo_analysis/bin/simple_scrub.jl:56
┌ Info: All entries for row 478 are missing, removing
└ @ Main /Users/ksb/repos/lab_repos/echo_analysis/bin/simple_scrub.jl:56
┌ Info: All entries for row 479 are missing, removing
└ @ Main /Users/ksb/repos/lab_repos/echo_analysis/bin/simple_scrub.jl:56
┌ Info: All entries for row 480 are missing, removing
└ @ Main /Users/ksb/repos/lab_repos/echo_analysis/bin/simple_scrub.jl:56
┌ Info: All entries for row 484 are missing, removing
└ @ Main /Users/ksb/repos/lab_repos/echo_analysis/bin/simple_scrub.jl:56
┌ Info: All entries for row 486 are missing, removing
└ @ Main /Users/ksb/repos/lab_repos/echo_analysis/bin/simple_scrub.jl:56
┌ Info: All entries for row 487 are missing, removing
└ @ Main /Users/ksb/repos/lab_repos/echo_analysis/bin/simple_scrub.jl:56
┌ Info: All entries for row 489 are missing, removing
└ @ Main /Users/ksb/repos/lab_repos/echo_analysis/bin/simple_scrub.jl:56
┌ Info: All entries for row 490 are missing, removing
└ @ Main /Users/ksb/repos/lab_repos/echo_analysis/bin/simple_scrub.jl:56
┌ Info: All entries for row 491 are missing, removing
└ @ Main /Users/ksb/repos/lab_repos/echo_analysis/bin/simple_scrub.jl:56
┌ Info: All entries for row 492 are missing, removing
└ @ Main /Users/ksb/repos/lab_repos/echo_analysis/bin/simple_scrub.jl:56
┌ Info: All entries for row 493 are missing, removing
└ @ Main /Users/ksb/repos/lab_repos/echo_analysis/bin/simple_scrub.jl:56
┌ Info: All entries for row 494 are missing, removing
└ @ Main /Users/ksb/repos/lab_repos/echo_analysis/bin/simple_scrub.jl:56
┌ Info: All entries for row 495 are missing, removing
└ @ Main /Users/ksb/repos/lab_repos/echo_analysis/bin/simple_scrub.jl:56
┌ Info: All entries for row 496 are missing, removing
└ @ Main /Users/ksb/repos/lab_repos/echo_analysis/bin/simple_scrub.jl:56
┌ Info: All entries for row 497 are missing, removing
└ @ Main /Users/ksb/repos/lab_repos/echo_analysis/bin/simple_scrub.jl:56
┌ Info: All entries for row 499 are missing, removing
└ @ Main /Users/ksb/repos/lab_repos/echo_analysis/bin/simple_scrub.jl:56
┌ Info: All entries for row 500 are missing, removing
└ @ Main /Users/ksb/repos/lab_repos/echo_analysis/bin/simple_scrub.jl:56
┌ Info: All entries for row 501 are missing, removing
└ @ Main /Users/ksb/repos/lab_repos/echo_analysis/bin/simple_scrub.jl:56
┌ Info: All entries for row 504 are missing, removing
└ @ Main /Users/ksb/repos/lab_repos/echo_analysis/bin/simple_scrub.jl:56
┌ Info: All entries for row 505 are missing, removing
└ @ Main /Users/ksb/repos/lab_repos/echo_analysis/bin/simple_scrub.jl:56
┌ Info: All entries for row 506 are missing, removing
└ @ Main /Users/ksb/repos/lab_repos/echo_analysis/bin/simple_scrub.jl:56
┌ Info: All entries for row 507 are missing, removing
└ @ Main /Users/ksb/repos/lab_repos/echo_analysis/bin/simple_scrub.jl:56
┌ Info: All entries for row 511 are missing, removing
└ @ Main /Users/ksb/repos/lab_repos/echo_analysis/bin/simple_scrub.jl:56
┌ Info: All entries for row 513 are missing, removing
└ @ Main /Users/ksb/repos/lab_repos/echo_analysis/bin/simple_scrub.jl:56
┌ Info: All entries for row 517 are missing, removing
└ @ Main /Users/ksb/repos/lab_repos/echo_analysis/bin/simple_scrub.jl:56
┌ Info: All entries for row 518 are missing, removing
└ @ Main /Users/ksb/repos/lab_repos/echo_analysis/bin/simple_scrub.jl:56
┌ Info: All entries for row 524 are missing, removing
└ @ Main /Users/ksb/repos/lab_repos/echo_analysis/bin/simple_scrub.jl:56
┌ Info: All entries for row 526 are missing, removing
└ @ Main /Users/ksb/repos/lab_repos/echo_analysis/bin/simple_scrub.jl:56
┌ Info: All entries for row 528 are missing, removing
└ @ Main /Users/ksb/repos/lab_repos/echo_analysis/bin/simple_scrub.jl:56
┌ Info: All entries for row 529 are missing, removing
└ @ Main /Users/ksb/repos/lab_repos/echo_analysis/bin/simple_scrub.jl:56
┌ Info: All entries for row 530 are missing, removing
└ @ Main /Users/ksb/repos/lab_repos/echo_analysis/bin/simple_scrub.jl:56
┌ Info: All entries for row 531 are missing, removing
└ @ Main /Users/ksb/repos/lab_repos/echo_analysis/bin/simple_scrub.jl:56
┌ Info: All entries for row 532 are missing, removing
└ @ Main /Users/ksb/repos/lab_repos/echo_analysis/bin/simple_scrub.jl:56
┌ Info: All entries for row 533 are missing, removing
└ @ Main /Users/ksb/repos/lab_repos/echo_analysis/bin/simple_scrub.jl:56
┌ Info: All entries for row 534 are missing, removing
└ @ Main /Users/ksb/repos/lab_repos/echo_analysis/bin/simple_scrub.jl:56
┌ Info: All entries for row 535 are missing, removing
└ @ Main /Users/ksb/repos/lab_repos/echo_analysis/bin/simple_scrub.jl:56
┌ Info: All entries for row 538 are missing, removing
└ @ Main /Users/ksb/repos/lab_repos/echo_analysis/bin/simple_scrub.jl:56
┌ Info: All entries for row 539 are missing, removing
└ @ Main /Users/ksb/repos/lab_repos/echo_analysis/bin/simple_scrub.jl:56
┌ Info: All entries for row 540 are missing, removing
└ @ Main /Users/ksb/repos/lab_repos/echo_analysis/bin/simple_scrub.jl:56
┌ Info: All entries for row 541 are missing, removing
└ @ Main /Users/ksb/repos/lab_repos/echo_analysis/bin/simple_scrub.jl:56
┌ Info: All entries for row 542 are missing, removing
└ @ Main /Users/ksb/repos/lab_repos/echo_analysis/bin/simple_scrub.jl:56
┌ Info: All entries for row 543 are missing, removing
└ @ Main /Users/ksb/repos/lab_repos/echo_analysis/bin/simple_scrub.jl:56
┌ Info: All entries for row 546 are missing, removing
└ @ Main /Users/ksb/repos/lab_repos/echo_analysis/bin/simple_scrub.jl:56
┌ Info: All entries for row 548 are missing, removing
└ @ Main /Users/ksb/repos/lab_repos/echo_analysis/bin/simple_scrub.jl:56
┌ Info: All entries for row 550 are missing, removing
└ @ Main /Users/ksb/repos/lab_repos/echo_analysis/bin/simple_scrub.jl:56
┌ Info: All entries for row 551 are missing, removing
└ @ Main /Users/ksb/repos/lab_repos/echo_analysis/bin/simple_scrub.jl:56
┌ Info: All entries for row 553 are missing, removing
└ @ Main /Users/ksb/repos/lab_repos/echo_analysis/bin/simple_scrub.jl:56
┌ Info: All entries for row 554 are missing, removing
└ @ Main /Users/ksb/repos/lab_repos/echo_analysis/bin/simple_scrub.jl:56
┌ Info: All entries for row 556 are missing, removing
└ @ Main /Users/ksb/repos/lab_repos/echo_analysis/bin/simple_scrub.jl:56
┌ Info: All entries for row 557 are missing, removing
└ @ Main /Users/ksb/repos/lab_repos/echo_analysis/bin/simple_scrub.jl:56
┌ Info: All entries for row 561 are missing, removing
└ @ Main /Users/ksb/repos/lab_repos/echo_analysis/bin/simple_scrub.jl:56
┌ Info: All entries for row 562 are missing, removing
└ @ Main /Users/ksb/repos/lab_repos/echo_analysis/bin/simple_scrub.jl:56
┌ Info: All entries for row 563 are missing, removing
└ @ Main /Users/ksb/repos/lab_repos/echo_analysis/bin/simple_scrub.jl:56
┌ Info: All entries for row 564 are missing, removing
└ @ Main /Users/ksb/repos/lab_repos/echo_analysis/bin/simple_scrub.jl:56
┌ Info: All entries for row 565 are missing, removing
└ @ Main /Users/ksb/repos/lab_repos/echo_analysis/bin/simple_scrub.jl:56
┌ Info: All entries for row 566 are missing, removing
└ @ Main /Users/ksb/repos/lab_repos/echo_analysis/bin/simple_scrub.jl:56
┌ Info: All entries for row 567 are missing, removing
└ @ Main /Users/ksb/repos/lab_repos/echo_analysis/bin/simple_scrub.jl:56
┌ Info: All entries for row 568 are missing, removing
└ @ Main /Users/ksb/repos/lab_repos/echo_analysis/bin/simple_scrub.jl:56
┌ Info: All entries for row 569 are missing, removing
└ @ Main /Users/ksb/repos/lab_repos/echo_analysis/bin/simple_scrub.jl:56
┌ Info: All entries for row 570 are missing, removing
└ @ Main /Users/ksb/repos/lab_repos/echo_analysis/bin/simple_scrub.jl:56
┌ Info: All entries for row 571 are missing, removing
└ @ Main /Users/ksb/repos/lab_repos/echo_analysis/bin/simple_scrub.jl:56
┌ Info: All entries for row 572 are missing, removing
└ @ Main /Users/ksb/repos/lab_repos/echo_analysis/bin/simple_scrub.jl:56
┌ Info: All entries for row 573 are missing, removing
└ @ Main /Users/ksb/repos/lab_repos/echo_analysis/bin/simple_scrub.jl:56
┌ Info: All entries for row 574 are missing, removing
└ @ Main /Users/ksb/repos/lab_repos/echo_analysis/bin/simple_scrub.jl:56
┌ Info: All entries for row 575 are missing, removing
└ @ Main /Users/ksb/repos/lab_repos/echo_analysis/bin/simple_scrub.jl:56
┌ Info: All entries for row 576 are missing, removing
└ @ Main /Users/ksb/repos/lab_repos/echo_analysis/bin/simple_scrub.jl:56
┌ Info: All entries for row 580 are missing, removing
└ @ Main /Users/ksb/repos/lab_repos/echo_analysis/bin/simple_scrub.jl:56
┌ Info: All entries for row 581 are missing, removing
└ @ Main /Users/ksb/repos/lab_repos/echo_analysis/bin/simple_scrub.jl:56
┌ Info: All entries for row 582 are missing, removing
└ @ Main /Users/ksb/repos/lab_repos/echo_analysis/bin/simple_scrub.jl:56
┌ Info: All entries for row 583 are missing, removing
└ @ Main /Users/ksb/repos/lab_repos/echo_analysis/bin/simple_scrub.jl:56
┌ Info: All entries for row 584 are missing, removing
└ @ Main /Users/ksb/repos/lab_repos/echo_analysis/bin/simple_scrub.jl:56
┌ Info: All entries for row 587 are missing, removing
└ @ Main /Users/ksb/repos/lab_repos/echo_analysis/bin/simple_scrub.jl:56
┌ Info: All entries for row 591 are missing, removing
└ @ Main /Users/ksb/repos/lab_repos/echo_analysis/bin/simple_scrub.jl:56
┌ Info: All entries for row 592 are missing, removing
└ @ Main /Users/ksb/repos/lab_repos/echo_analysis/bin/simple_scrub.jl:56
┌ Info: All entries for row 593 are missing, removing
└ @ Main /Users/ksb/repos/lab_repos/echo_analysis/bin/simple_scrub.jl:56
┌ Info: All entries for row 595 are missing, removing
└ @ Main /Users/ksb/repos/lab_repos/echo_analysis/bin/simple_scrub.jl:56
┌ Info: All entries for row 596 are missing, removing
└ @ Main /Users/ksb/repos/lab_repos/echo_analysis/bin/simple_scrub.jl:56
┌ Info: All entries for row 598 are missing, removing
└ @ Main /Users/ksb/repos/lab_repos/echo_analysis/bin/simple_scrub.jl:56
┌ Info: All entries for row 599 are missing, removing
└ @ Main /Users/ksb/repos/lab_repos/echo_analysis/bin/simple_scrub.jl:56
┌ Info: All entries for row 610 are missing, removing
└ @ Main /Users/ksb/repos/lab_repos/echo_analysis/bin/simple_scrub.jl:56
┌ Info: All entries for row 611 are missing, removing
└ @ Main /Users/ksb/repos/lab_repos/echo_analysis/bin/simple_scrub.jl:56
┌ Info: All entries for row 612 are missing, removing
└ @ Main /Users/ksb/repos/lab_repos/echo_analysis/bin/simple_scrub.jl:56
┌ Info: All entries for row 615 are missing, removing
└ @ Main /Users/ksb/repos/lab_repos/echo_analysis/bin/simple_scrub.jl:56
┌ Info: All entries for row 617 are missing, removing
└ @ Main /Users/ksb/repos/lab_repos/echo_analysis/bin/simple_scrub.jl:56
┌ Info: All entries for row 618 are missing, removing
└ @ Main /Users/ksb/repos/lab_repos/echo_analysis/bin/simple_scrub.jl:56
┌ Info: All entries for row 621 are missing, removing
└ @ Main /Users/ksb/repos/lab_repos/echo_analysis/bin/simple_scrub.jl:56
┌ Info: All entries for row 623 are missing, removing
└ @ Main /Users/ksb/repos/lab_repos/echo_analysis/bin/simple_scrub.jl:56
┌ Info: All entries for row 624 are missing, removing
└ @ Main /Users/ksb/repos/lab_repos/echo_analysis/bin/simple_scrub.jl:56
┌ Info: All entries for row 626 are missing, removing
└ @ Main /Users/ksb/repos/lab_repos/echo_analysis/bin/simple_scrub.jl:56
┌ Info: All entries for row 627 are missing, removing
└ @ Main /Users/ksb/repos/lab_repos/echo_analysis/bin/simple_scrub.jl:56
┌ Info: All entries for row 629 are missing, removing
└ @ Main /Users/ksb/repos/lab_repos/echo_analysis/bin/simple_scrub.jl:56
┌ Info: All entries for row 630 are missing, removing
└ @ Main /Users/ksb/repos/lab_repos/echo_analysis/bin/simple_scrub.jl:56
┌ Info: All entries for row 633 are missing, removing
└ @ Main /Users/ksb/repos/lab_repos/echo_analysis/bin/simple_scrub.jl:56
┌ Info: All entries for row 636 are missing, removing
└ @ Main /Users/ksb/repos/lab_repos/echo_analysis/bin/simple_scrub.jl:56
┌ Info: All entries for row 638 are missing, removing
└ @ Main /Users/ksb/repos/lab_repos/echo_analysis/bin/simple_scrub.jl:56
┌ Info: All entries for row 639 are missing, removing
└ @ Main /Users/ksb/repos/lab_repos/echo_analysis/bin/simple_scrub.jl:56
┌ Info: All entries for row 640 are missing, removing
└ @ Main /Users/ksb/repos/lab_repos/echo_analysis/bin/simple_scrub.jl:56
┌ Info: All entries for row 645 are missing, removing
└ @ Main /Users/ksb/repos/lab_repos/echo_analysis/bin/simple_scrub.jl:56
┌ Info: All entries for row 646 are missing, removing
└ @ Main /Users/ksb/repos/lab_repos/echo_analysis/bin/simple_scrub.jl:56
┌ Info: All entries for row 647 are missing, removing
└ @ Main /Users/ksb/repos/lab_repos/echo_analysis/bin/simple_scrub.jl:56
┌ Info: All entries for row 648 are missing, removing
└ @ Main /Users/ksb/repos/lab_repos/echo_analysis/bin/simple_scrub.jl:56
┌ Info: All entries for row 655 are missing, removing
└ @ Main /Users/ksb/repos/lab_repos/echo_analysis/bin/simple_scrub.jl:56
┌ Info: All entries for row 656 are missing, removing
└ @ Main /Users/ksb/repos/lab_repos/echo_analysis/bin/simple_scrub.jl:56
┌ Info: All entries for row 658 are missing, removing
└ @ Main /Users/ksb/repos/lab_repos/echo_analysis/bin/simple_scrub.jl:56
┌ Info: All entries for row 666 are missing, removing
└ @ Main /Users/ksb/repos/lab_repos/echo_analysis/bin/simple_scrub.jl:56
┌ Info: All entries for row 675 are missing, removing
└ @ Main /Users/ksb/repos/lab_repos/echo_analysis/bin/simple_scrub.jl:56
┌ Info: All entries for row 676 are missing, removing
└ @ Main /Users/ksb/repos/lab_repos/echo_analysis/bin/simple_scrub.jl:56
┌ Info: All entries for row 678 are missing, removing
└ @ Main /Users/ksb/repos/lab_repos/echo_analysis/bin/simple_scrub.jl:56
┌ Info: All entries for row 679 are missing, removing
└ @ Main /Users/ksb/repos/lab_repos/echo_analysis/bin/simple_scrub.jl:56
┌ Info: All entries for row 681 are missing, removing
└ @ Main /Users/ksb/repos/lab_repos/echo_analysis/bin/simple_scrub.jl:56
┌ Info: All entries for row 682 are missing, removing
└ @ Main /Users/ksb/repos/lab_repos/echo_analysis/bin/simple_scrub.jl:56
┌ Info: All entries for row 683 are missing, removing
└ @ Main /Users/ksb/repos/lab_repos/echo_analysis/bin/simple_scrub.jl:56
┌ Info: All entries for row 689 are missing, removing
└ @ Main /Users/ksb/repos/lab_repos/echo_analysis/bin/simple_scrub.jl:56
┌ Info: All entries for row 690 are missing, removing
└ @ Main /Users/ksb/repos/lab_repos/echo_analysis/bin/simple_scrub.jl:56
┌ Info: All entries for row 691 are missing, removing
└ @ Main /Users/ksb/repos/lab_repos/echo_analysis/bin/simple_scrub.jl:56
┌ Info: All entries for row 692 are missing, removing
└ @ Main /Users/ksb/repos/lab_repos/echo_analysis/bin/simple_scrub.jl:56
┌ Info: All entries for row 693 are missing, removing
└ @ Main /Users/ksb/repos/lab_repos/echo_analysis/bin/simple_scrub.jl:56
┌ Info: All entries for row 694 are missing, removing
└ @ Main /Users/ksb/repos/lab_repos/echo_analysis/bin/simple_scrub.jl:56
┌ Info: All entries for row 696 are missing, removing
└ @ Main /Users/ksb/repos/lab_repos/echo_analysis/bin/simple_scrub.jl:56
┌ Info: All entries for row 697 are missing, removing
└ @ Main /Users/ksb/repos/lab_repos/echo_analysis/bin/simple_scrub.jl:56
┌ Info: All entries for row 698 are missing, removing
└ @ Main /Users/ksb/repos/lab_repos/echo_analysis/bin/simple_scrub.jl:56
┌ Info: All entries for row 699 are missing, removing
└ @ Main /Users/ksb/repos/lab_repos/echo_analysis/bin/simple_scrub.jl:56
┌ Info: All entries for row 700 are missing, removing
└ @ Main /Users/ksb/repos/lab_repos/echo_analysis/bin/simple_scrub.jl:56
┌ Info: All entries for row 701 are missing, removing
└ @ Main /Users/ksb/repos/lab_repos/echo_analysis/bin/simple_scrub.jl:56
┌ Info: All entries for row 702 are missing, removing
└ @ Main /Users/ksb/repos/lab_repos/echo_analysis/bin/simple_scrub.jl:56
┌ Info: All entries for row 704 are missing, removing
└ @ Main /Users/ksb/repos/lab_repos/echo_analysis/bin/simple_scrub.jl:56
┌ Info: All entries for row 705 are missing, removing
└ @ Main /Users/ksb/repos/lab_repos/echo_analysis/bin/simple_scrub.jl:56
┌ Info: All entries for row 706 are missing, removing
└ @ Main /Users/ksb/repos/lab_repos/echo_analysis/bin/simple_scrub.jl:56
┌ Info: All entries for row 707 are missing, removing
└ @ Main /Users/ksb/repos/lab_repos/echo_analysis/bin/simple_scrub.jl:56
┌ Info: All entries for row 708 are missing, removing
└ @ Main /Users/ksb/repos/lab_repos/echo_analysis/bin/simple_scrub.jl:56
┌ Info: All entries for row 710 are missing, removing
└ @ Main /Users/ksb/repos/lab_repos/echo_analysis/bin/simple_scrub.jl:56
┌ Info: All entries for row 711 are missing, removing
└ @ Main /Users/ksb/repos/lab_repos/echo_analysis/bin/simple_scrub.jl:56
┌ Info: All entries for row 712 are missing, removing
└ @ Main /Users/ksb/repos/lab_repos/echo_analysis/bin/simple_scrub.jl:56
┌ Info: All entries for row 713 are missing, removing
└ @ Main /Users/ksb/repos/lab_repos/echo_analysis/bin/simple_scrub.jl:56
┌ Info: All entries for row 714 are missing, removing
└ @ Main /Users/ksb/repos/lab_repos/echo_analysis/bin/simple_scrub.jl:56
┌ Info: All entries for row 715 are missing, removing
└ @ Main /Users/ksb/repos/lab_repos/echo_analysis/bin/simple_scrub.jl:56
┌ Info: All entries for row 716 are missing, removing
└ @ Main /Users/ksb/repos/lab_repos/echo_analysis/bin/simple_scrub.jl:56
┌ Info: All entries for row 717 are missing, removing
└ @ Main /Users/ksb/repos/lab_repos/echo_analysis/bin/simple_scrub.jl:56
┌ Info: All entries for row 718 are missing, removing
└ @ Main /Users/ksb/repos/lab_repos/echo_analysis/bin/simple_scrub.jl:56
┌ Info: All entries for row 719 are missing, removing
└ @ Main /Users/ksb/repos/lab_repos/echo_analysis/bin/simple_scrub.jl:56
┌ Info: All entries for row 720 are missing, removing
└ @ Main /Users/ksb/repos/lab_repos/echo_analysis/bin/simple_scrub.jl:56
┌ Info: All entries for row 721 are missing, removing
└ @ Main /Users/ksb/repos/lab_repos/echo_analysis/bin/simple_scrub.jl:56
┌ Info: All entries for row 722 are missing, removing
└ @ Main /Users/ksb/repos/lab_repos/echo_analysis/bin/simple_scrub.jl:56
┌ Info: All entries for row 723 are missing, removing
└ @ Main /Users/ksb/repos/lab_repos/echo_analysis/bin/simple_scrub.jl:56
┌ Info: All entries for row 724 are missing, removing
└ @ Main /Users/ksb/repos/lab_repos/echo_analysis/bin/simple_scrub.jl:56
┌ Info: All entries for row 725 are missing, removing
└ @ Main /Users/ksb/repos/lab_repos/echo_analysis/bin/simple_scrub.jl:56
┌ Info: All entries for row 726 are missing, removing
└ @ Main /Users/ksb/repos/lab_repos/echo_analysis/bin/simple_scrub.jl:56
┌ Info: All entries for row 727 are missing, removing
└ @ Main /Users/ksb/repos/lab_repos/echo_analysis/bin/simple_scrub.jl:56
┌ Info: All entries for row 728 are missing, removing
└ @ Main /Users/ksb/repos/lab_repos/echo_analysis/bin/simple_scrub.jl:56
┌ Info: All entries for row 729 are missing, removing
└ @ Main /Users/ksb/repos/lab_repos/echo_analysis/bin/simple_scrub.jl:56
┌ Info: All entries for row 730 are missing, removing
└ @ Main /Users/ksb/repos/lab_repos/echo_analysis/bin/simple_scrub.jl:56
┌ Info: All entries for row 731 are missing, removing
└ @ Main /Users/ksb/repos/lab_repos/echo_analysis/bin/simple_scrub.jl:56
┌ Info: All entries for row 732 are missing, removing
└ @ Main /Users/ksb/repos/lab_repos/echo_analysis/bin/simple_scrub.jl:56
┌ Info: All entries for row 733 are missing, removing
└ @ Main /Users/ksb/repos/lab_repos/echo_analysis/bin/simple_scrub.jl:56
┌ Info: All entries for row 734 are missing, removing
└ @ Main /Users/ksb/repos/lab_repos/echo_analysis/bin/simple_scrub.jl:56
┌ Info: All entries for row 735 are missing, removing
└ @ Main /Users/ksb/repos/lab_repos/echo_analysis/bin/simple_scrub.jl:56
┌ Info: All entries for row 736 are missing, removing
└ @ Main /Users/ksb/repos/lab_repos/echo_analysis/bin/simple_scrub.jl:56
┌ Info: All entries for row 737 are missing, removing
└ @ Main /Users/ksb/repos/lab_repos/echo_analysis/bin/simple_scrub.jl:56
┌ Info: All entries for row 738 are missing, removing
└ @ Main /Users/ksb/repos/lab_repos/echo_analysis/bin/simple_scrub.jl:56
┌ Info: All entries for row 739 are missing, removing
└ @ Main /Users/ksb/repos/lab_repos/echo_analysis/bin/simple_scrub.jl:56
┌ Info: All entries for row 740 are missing, removing
└ @ Main /Users/ksb/repos/lab_repos/echo_analysis/bin/simple_scrub.jl:56
┌ Info: All entries for row 741 are missing, removing
└ @ Main /Users/ksb/repos/lab_repos/echo_analysis/bin/simple_scrub.jl:56
┌ Info: All entries for row 742 are missing, removing
└ @ Main /Users/ksb/repos/lab_repos/echo_analysis/bin/simple_scrub.jl:56
┌ Info: All entries for row 743 are missing, removing
└ @ Main /Users/ksb/repos/lab_repos/echo_analysis/bin/simple_scrub.jl:56
┌ Info: All entries for row 744 are missing, removing
└ @ Main /Users/ksb/repos/lab_repos/echo_analysis/bin/simple_scrub.jl:56
┌ Info: All entries for row 745 are missing, removing
└ @ Main /Users/ksb/repos/lab_repos/echo_analysis/bin/simple_scrub.jl:56
┌ Info: All entries for row 746 are missing, removing
└ @ Main /Users/ksb/repos/lab_repos/echo_analysis/bin/simple_scrub.jl:56
┌ Info: All entries for row 747 are missing, removing
└ @ Main /Users/ksb/repos/lab_repos/echo_analysis/bin/simple_scrub.jl:56
┌ Info: All entries for row 748 are missing, removing
└ @ Main /Users/ksb/repos/lab_repos/echo_analysis/bin/simple_scrub.jl:56
┌ Info: All entries for row 749 are missing, removing
└ @ Main /Users/ksb/repos/lab_repos/echo_analysis/bin/simple_scrub.jl:56
┌ Info: All entries for row 750 are missing, removing
└ @ Main /Users/ksb/repos/lab_repos/echo_analysis/bin/simple_scrub.jl:56
┌ Info: All entries for row 752 are missing, removing
└ @ Main /Users/ksb/repos/lab_repos/echo_analysis/bin/simple_scrub.jl:56
┌ Info: All entries for row 753 are missing, removing
└ @ Main /Users/ksb/repos/lab_repos/echo_analysis/bin/simple_scrub.jl:56
┌ Info: All entries for row 754 are missing, removing
└ @ Main /Users/ksb/repos/lab_repos/echo_analysis/bin/simple_scrub.jl:56
┌ Info: All entries for row 755 are missing, removing
└ @ Main /Users/ksb/repos/lab_repos/echo_analysis/bin/simple_scrub.jl:56
┌ Info: All entries for row 756 are missing, removing
└ @ Main /Users/ksb/repos/lab_repos/echo_analysis/bin/simple_scrub.jl:56
┌ Info: All entries for row 758 are missing, removing
└ @ Main /Users/ksb/repos/lab_repos/echo_analysis/bin/simple_scrub.jl:56
┌ Info: All entries for row 759 are missing, removing
└ @ Main /Users/ksb/repos/lab_repos/echo_analysis/bin/simple_scrub.jl:56
┌ Info: All entries for row 760 are missing, removing
└ @ Main /Users/ksb/repos/lab_repos/echo_analysis/bin/simple_scrub.jl:56
┌ Info: All entries for row 761 are missing, removing
└ @ Main /Users/ksb/repos/lab_repos/echo_analysis/bin/simple_scrub.jl:56
┌ Info: All entries for row 762 are missing, removing
└ @ Main /Users/ksb/repos/lab_repos/echo_analysis/bin/simple_scrub.jl:56
┌ Info: All entries for row 763 are missing, removing
└ @ Main /Users/ksb/repos/lab_repos/echo_analysis/bin/simple_scrub.jl:56
┌ Info: All entries for row 764 are missing, removing
└ @ Main /Users/ksb/repos/lab_repos/echo_analysis/bin/simple_scrub.jl:56
┌ Info: All entries for row 765 are missing, removing
└ @ Main /Users/ksb/repos/lab_repos/echo_analysis/bin/simple_scrub.jl:56
┌ Info: All entries for row 766 are missing, removing
└ @ Main /Users/ksb/repos/lab_repos/echo_analysis/bin/simple_scrub.jl:56
┌ Info: All entries for row 770 are missing, removing
└ @ Main /Users/ksb/repos/lab_repos/echo_analysis/bin/simple_scrub.jl:56
┌ Info: All entries for row 772 are missing, removing
└ @ Main /Users/ksb/repos/lab_repos/echo_analysis/bin/simple_scrub.jl:56
┌ Info: All entries for row 775 are missing, removing
└ @ Main /Users/ksb/repos/lab_repos/echo_analysis/bin/simple_scrub.jl:56
┌ Info: All entries for row 776 are missing, removing
└ @ Main /Users/ksb/repos/lab_repos/echo_analysis/bin/simple_scrub.jl:56
┌ Info: All entries for row 778 are missing, removing
└ @ Main /Users/ksb/repos/lab_repos/echo_analysis/bin/simple_scrub.jl:56
┌ Info: All entries for row 783 are missing, removing
└ @ Main /Users/ksb/repos/lab_repos/echo_analysis/bin/simple_scrub.jl:56
┌ Info: All entries for row 785 are missing, removing
└ @ Main /Users/ksb/repos/lab_repos/echo_analysis/bin/simple_scrub.jl:56
┌ Info: All entries for row 786 are missing, removing
└ @ Main /Users/ksb/repos/lab_repos/echo_analysis/bin/simple_scrub.jl:56
┌ Info: All entries for row 788 are missing, removing
└ @ Main /Users/ksb/repos/lab_repos/echo_analysis/bin/simple_scrub.jl:56
┌ Info: All entries for row 789 are missing, removing
└ @ Main /Users/ksb/repos/lab_repos/echo_analysis/bin/simple_scrub.jl:56
┌ Info: All entries for row 790 are missing, removing
└ @ Main /Users/ksb/repos/lab_repos/echo_analysis/bin/simple_scrub.jl:56
┌ Info: All entries for row 791 are missing, removing
└ @ Main /Users/ksb/repos/lab_repos/echo_analysis/bin/simple_scrub.jl:56
┌ Info: All entries for row 792 are missing, removing
└ @ Main /Users/ksb/repos/lab_repos/echo_analysis/bin/simple_scrub.jl:56
┌ Info: All entries for row 793 are missing, removing
└ @ Main /Users/ksb/repos/lab_repos/echo_analysis/bin/simple_scrub.jl:56
┌ Info: All entries for row 794 are missing, removing
└ @ Main /Users/ksb/repos/lab_repos/echo_analysis/bin/simple_scrub.jl:56
┌ Info: All entries for row 797 are missing, removing
└ @ Main /Users/ksb/repos/lab_repos/echo_analysis/bin/simple_scrub.jl:56
┌ Info: All entries for row 799 are missing, removing
└ @ Main /Users/ksb/repos/lab_repos/echo_analysis/bin/simple_scrub.jl:56
┌ Info: All entries for row 800 are missing, removing
└ @ Main /Users/ksb/repos/lab_repos/echo_analysis/bin/simple_scrub.jl:56
┌ Info: All entries for row 807 are missing, removing
└ @ Main /Users/ksb/repos/lab_repos/echo_analysis/bin/simple_scrub.jl:56
┌ Info: All entries for row 808 are missing, removing
└ @ Main /Users/ksb/repos/lab_repos/echo_analysis/bin/simple_scrub.jl:56
┌ Info: All entries for row 810 are missing, removing
└ @ Main /Users/ksb/repos/lab_repos/echo_analysis/bin/simple_scrub.jl:56
┌ Info: All entries for row 811 are missing, removing
└ @ Main /Users/ksb/repos/lab_repos/echo_analysis/bin/simple_scrub.jl:56
┌ Info: All entries for row 814 are missing, removing
└ @ Main /Users/ksb/repos/lab_repos/echo_analysis/bin/simple_scrub.jl:56
┌ Info: All entries for row 818 are missing, removing
└ @ Main /Users/ksb/repos/lab_repos/echo_analysis/bin/simple_scrub.jl:56
┌ Info: All entries for row 824 are missing, removing
└ @ Main /Users/ksb/repos/lab_repos/echo_analysis/bin/simple_scrub.jl:56
┌ Info: All entries for row 828 are missing, removing
└ @ Main /Users/ksb/repos/lab_repos/echo_analysis/bin/simple_scrub.jl:56
┌ Info: All entries for row 829 are missing, removing
└ @ Main /Users/ksb/repos/lab_repos/echo_analysis/bin/simple_scrub.jl:56
┌ Info: All entries for row 831 are missing, removing
└ @ Main /Users/ksb/repos/lab_repos/echo_analysis/bin/simple_scrub.jl:56
┌ Info: All entries for row 832 are missing, removing
└ @ Main /Users/ksb/repos/lab_repos/echo_analysis/bin/simple_scrub.jl:56
┌ Info: All entries for row 835 are missing, removing
└ @ Main /Users/ksb/repos/lab_repos/echo_analysis/bin/simple_scrub.jl:56
┌ Info: All entries for row 836 are missing, removing
└ @ Main /Users/ksb/repos/lab_repos/echo_analysis/bin/simple_scrub.jl:56
┌ Info: All entries for row 837 are missing, removing
└ @ Main /Users/ksb/repos/lab_repos/echo_analysis/bin/simple_scrub.jl:56
┌ Info: All entries for row 840 are missing, removing
└ @ Main /Users/ksb/repos/lab_repos/echo_analysis/bin/simple_scrub.jl:56
┌ Info: All entries for row 841 are missing, removing
└ @ Main /Users/ksb/repos/lab_repos/echo_analysis/bin/simple_scrub.jl:56
┌ Info: All entries for row 842 are missing, removing
└ @ Main /Users/ksb/repos/lab_repos/echo_analysis/bin/simple_scrub.jl:56
┌ Info: All entries for row 843 are missing, removing
└ @ Main /Users/ksb/repos/lab_repos/echo_analysis/bin/simple_scrub.jl:56
┌ Info: All entries for row 845 are missing, removing
└ @ Main /Users/ksb/repos/lab_repos/echo_analysis/bin/simple_scrub.jl:56
┌ Info: All entries for row 847 are missing, removing
└ @ Main /Users/ksb/repos/lab_repos/echo_analysis/bin/simple_scrub.jl:56
┌ Info: All entries for row 848 are missing, removing
└ @ Main /Users/ksb/repos/lab_repos/echo_analysis/bin/simple_scrub.jl:56
┌ Info: All entries for row 849 are missing, removing
└ @ Main /Users/ksb/repos/lab_repos/echo_analysis/bin/simple_scrub.jl:56
┌ Info: All entries for row 850 are missing, removing
└ @ Main /Users/ksb/repos/lab_repos/echo_analysis/bin/simple_scrub.jl:56
┌ Info: All entries for row 851 are missing, removing
└ @ Main /Users/ksb/repos/lab_repos/echo_analysis/bin/simple_scrub.jl:56
┌ Info: All entries for row 852 are missing, removing
└ @ Main /Users/ksb/repos/lab_repos/echo_analysis/bin/simple_scrub.jl:56
┌ Info: All entries for row 853 are missing, removing
└ @ Main /Users/ksb/repos/lab_repos/echo_analysis/bin/simple_scrub.jl:56
┌ Info: All entries for row 854 are missing, removing
└ @ Main /Users/ksb/repos/lab_repos/echo_analysis/bin/simple_scrub.jl:56
┌ Info: All entries for row 856 are missing, removing
└ @ Main /Users/ksb/repos/lab_repos/echo_analysis/bin/simple_scrub.jl:56
┌ Info: All entries for row 861 are missing, removing
└ @ Main /Users/ksb/repos/lab_repos/echo_analysis/bin/simple_scrub.jl:56
┌ Info: All entries for row 864 are missing, removing
└ @ Main /Users/ksb/repos/lab_repos/echo_analysis/bin/simple_scrub.jl:56
┌ Info: All entries for row 865 are missing, removing
└ @ Main /Users/ksb/repos/lab_repos/echo_analysis/bin/simple_scrub.jl:56
┌ Info: All entries for row 868 are missing, removing
└ @ Main /Users/ksb/repos/lab_repos/echo_analysis/bin/simple_scrub.jl:56
┌ Info: All entries for row 869 are missing, removing
└ @ Main /Users/ksb/repos/lab_repos/echo_analysis/bin/simple_scrub.jl:56
┌ Info: All entries for row 872 are missing, removing
└ @ Main /Users/ksb/repos/lab_repos/echo_analysis/bin/simple_scrub.jl:56
┌ Info: All entries for row 879 are missing, removing
└ @ Main /Users/ksb/repos/lab_repos/echo_analysis/bin/simple_scrub.jl:56
┌ Info: All entries for row 880 are missing, removing
└ @ Main /Users/ksb/repos/lab_repos/echo_analysis/bin/simple_scrub.jl:56
┌ Info: All entries for row 881 are missing, removing
└ @ Main /Users/ksb/repos/lab_repos/echo_analysis/bin/simple_scrub.jl:56
┌ Info: All entries for row 882 are missing, removing
└ @ Main /Users/ksb/repos/lab_repos/echo_analysis/bin/simple_scrub.jl:56
┌ Info: All entries for row 883 are missing, removing
└ @ Main /Users/ksb/repos/lab_repos/echo_analysis/bin/simple_scrub.jl:56
┌ Info: All entries for row 884 are missing, removing
└ @ Main /Users/ksb/repos/lab_repos/echo_analysis/bin/simple_scrub.jl:56
┌ Info: All entries for row 885 are missing, removing
└ @ Main /Users/ksb/repos/lab_repos/echo_analysis/bin/simple_scrub.jl:56
┌ Info: All entries for row 894 are missing, removing
└ @ Main /Users/ksb/repos/lab_repos/echo_analysis/bin/simple_scrub.jl:56
┌ Info: All entries for row 895 are missing, removing
└ @ Main /Users/ksb/repos/lab_repos/echo_analysis/bin/simple_scrub.jl:56
┌ Info: All entries for row 896 are missing, removing
└ @ Main /Users/ksb/repos/lab_repos/echo_analysis/bin/simple_scrub.jl:56
┌ Info: All entries for row 897 are missing, removing
└ @ Main /Users/ksb/repos/lab_repos/echo_analysis/bin/simple_scrub.jl:56
┌ Info: All entries for row 902 are missing, removing
└ @ Main /Users/ksb/repos/lab_repos/echo_analysis/bin/simple_scrub.jl:56
┌ Info: All entries for row 903 are missing, removing
└ @ Main /Users/ksb/repos/lab_repos/echo_analysis/bin/simple_scrub.jl:56
┌ Info: All entries for row 908 are missing, removing
└ @ Main /Users/ksb/repos/lab_repos/echo_analysis/bin/simple_scrub.jl:56
┌ Info: All entries for row 909 are missing, removing
└ @ Main /Users/ksb/repos/lab_repos/echo_analysis/bin/simple_scrub.jl:56
┌ Info: All entries for row 910 are missing, removing
└ @ Main /Users/ksb/repos/lab_repos/echo_analysis/bin/simple_scrub.jl:56
┌ Info: All entries for row 912 are missing, removing
└ @ Main /Users/ksb/repos/lab_repos/echo_analysis/bin/simple_scrub.jl:56
┌ Info: All entries for row 913 are missing, removing
└ @ Main /Users/ksb/repos/lab_repos/echo_analysis/bin/simple_scrub.jl:56
┌ Info: All entries for row 921 are missing, removing
└ @ Main /Users/ksb/repos/lab_repos/echo_analysis/bin/simple_scrub.jl:56
┌ Info: All entries for row 924 are missing, removing
└ @ Main /Users/ksb/repos/lab_repos/echo_analysis/bin/simple_scrub.jl:56
┌ Info: All entries for row 925 are missing, removing
└ @ Main /Users/ksb/repos/lab_repos/echo_analysis/bin/simple_scrub.jl:56
┌ Info: All entries for row 926 are missing, removing
└ @ Main /Users/ksb/repos/lab_repos/echo_analysis/bin/simple_scrub.jl:56
┌ Info: All entries for row 932 are missing, removing
└ @ Main /Users/ksb/repos/lab_repos/echo_analysis/bin/simple_scrub.jl:56
┌ Info: All entries for row 938 are missing, removing
└ @ Main /Users/ksb/repos/lab_repos/echo_analysis/bin/simple_scrub.jl:56
┌ Info: All entries for row 939 are missing, removing
└ @ Main /Users/ksb/repos/lab_repos/echo_analysis/bin/simple_scrub.jl:56
┌ Info: All entries for row 942 are missing, removing
└ @ Main /Users/ksb/repos/lab_repos/echo_analysis/bin/simple_scrub.jl:56
┌ Info: All entries for row 943 are missing, removing
└ @ Main /Users/ksb/repos/lab_repos/echo_analysis/bin/simple_scrub.jl:56
┌ Info: All entries for row 944 are missing, removing
└ @ Main /Users/ksb/repos/lab_repos/echo_analysis/bin/simple_scrub.jl:56
┌ Info: All entries for row 946 are missing, removing
└ @ Main /Users/ksb/repos/lab_repos/echo_analysis/bin/simple_scrub.jl:56
┌ Info: All entries for row 948 are missing, removing
└ @ Main /Users/ksb/repos/lab_repos/echo_analysis/bin/simple_scrub.jl:56
┌ Info: All entries for row 949 are missing, removing
└ @ Main /Users/ksb/repos/lab_repos/echo_analysis/bin/simple_scrub.jl:56
┌ Info: All entries for row 950 are missing, removing
└ @ Main /Users/ksb/repos/lab_repos/echo_analysis/bin/simple_scrub.jl:56
┌ Info: All entries for row 952 are missing, removing
└ @ Main /Users/ksb/repos/lab_repos/echo_analysis/bin/simple_scrub.jl:56
┌ Info: All entries for row 953 are missing, removing
└ @ Main /Users/ksb/repos/lab_repos/echo_analysis/bin/simple_scrub.jl:56
┌ Info: All entries for row 954 are missing, removing
└ @ Main /Users/ksb/repos/lab_repos/echo_analysis/bin/simple_scrub.jl:56
┌ Info: All entries for row 962 are missing, removing
└ @ Main /Users/ksb/repos/lab_repos/echo_analysis/bin/simple_scrub.jl:56
┌ Info: All entries for row 963 are missing, removing
└ @ Main /Users/ksb/repos/lab_repos/echo_analysis/bin/simple_scrub.jl:56
┌ Info: All entries for row 965 are missing, removing
└ @ Main /Users/ksb/repos/lab_repos/echo_analysis/bin/simple_scrub.jl:56
┌ Info: All entries for row 967 are missing, removing
└ @ Main /Users/ksb/repos/lab_repos/echo_analysis/bin/simple_scrub.jl:56
┌ Info: All entries for row 969 are missing, removing
└ @ Main /Users/ksb/repos/lab_repos/echo_analysis/bin/simple_scrub.jl:56
┌ Info: All entries for row 972 are missing, removing
└ @ Main /Users/ksb/repos/lab_repos/echo_analysis/bin/simple_scrub.jl:56
┌ Info: All entries for row 973 are missing, removing
└ @ Main /Users/ksb/repos/lab_repos/echo_analysis/bin/simple_scrub.jl:56
┌ Info: All entries for row 975 are missing, removing
└ @ Main /Users/ksb/repos/lab_repos/echo_analysis/bin/simple_scrub.jl:56
┌ Info: All entries for row 980 are missing, removing
└ @ Main /Users/ksb/repos/lab_repos/echo_analysis/bin/simple_scrub.jl:56
┌ Info: All entries for row 983 are missing, removing
└ @ Main /Users/ksb/repos/lab_repos/echo_analysis/bin/simple_scrub.jl:56
┌ Info: All entries for row 986 are missing, removing
└ @ Main /Users/ksb/repos/lab_repos/echo_analysis/bin/simple_scrub.jl:56
┌ Info: All entries for row 987 are missing, removing
└ @ Main /Users/ksb/repos/lab_repos/echo_analysis/bin/simple_scrub.jl:56
┌ Info: All entries for row 988 are missing, removing
└ @ Main /Users/ksb/repos/lab_repos/echo_analysis/bin/simple_scrub.jl:56
┌ Info: All entries for row 989 are missing, removing
└ @ Main /Users/ksb/repos/lab_repos/echo_analysis/bin/simple_scrub.jl:56
┌ Info: All entries for row 990 are missing, removing
└ @ Main /Users/ksb/repos/lab_repos/echo_analysis/bin/simple_scrub.jl:56
┌ Info: All entries for row 991 are missing, removing
└ @ Main /Users/ksb/repos/lab_repos/echo_analysis/bin/simple_scrub.jl:56
┌ Info: All entries for row 992 are missing, removing
└ @ Main /Users/ksb/repos/lab_repos/echo_analysis/bin/simple_scrub.jl:56
┌ Info: All entries for row 995 are missing, removing
└ @ Main /Users/ksb/repos/lab_repos/echo_analysis/bin/simple_scrub.jl:56
┌ Info: All entries for row 1002 are missing, removing
└ @ Main /Users/ksb/repos/lab_repos/echo_analysis/bin/simple_scrub.jl:56
┌ Info: All entries for row 1003 are missing, removing
└ @ Main /Users/ksb/repos/lab_repos/echo_analysis/bin/simple_scrub.jl:56
┌ Info: All entries for row 1004 are missing, removing
└ @ Main /Users/ksb/repos/lab_repos/echo_analysis/bin/simple_scrub.jl:56
┌ Info: All entries for row 1005 are missing, removing
└ @ Main /Users/ksb/repos/lab_repos/echo_analysis/bin/simple_scrub.jl:56
┌ Info: All entries for row 1008 are missing, removing
└ @ Main /Users/ksb/repos/lab_repos/echo_analysis/bin/simple_scrub.jl:56
┌ Info: All entries for row 1011 are missing, removing
└ @ Main /Users/ksb/repos/lab_repos/echo_analysis/bin/simple_scrub.jl:56
┌ Info: All entries for row 1012 are missing, removing
└ @ Main /Users/ksb/repos/lab_repos/echo_analysis/bin/simple_scrub.jl:56
┌ Info: All entries for row 1013 are missing, removing
└ @ Main /Users/ksb/repos/lab_repos/echo_analysis/bin/simple_scrub.jl:56
┌ Info: All entries for row 1014 are missing, removing
└ @ Main /Users/ksb/repos/lab_repos/echo_analysis/bin/simple_scrub.jl:56
┌ Info: All entries for row 1016 are missing, removing
└ @ Main /Users/ksb/repos/lab_repos/echo_analysis/bin/simple_scrub.jl:56
┌ Info: All entries for row 1018 are missing, removing
└ @ Main /Users/ksb/repos/lab_repos/echo_analysis/bin/simple_scrub.jl:56
┌ Info: All entries for row 1020 are missing, removing
└ @ Main /Users/ksb/repos/lab_repos/echo_analysis/bin/simple_scrub.jl:56
┌ Info: All entries for row 1022 are missing, removing
└ @ Main /Users/ksb/repos/lab_repos/echo_analysis/bin/simple_scrub.jl:56
┌ Info: All entries for row 1023 are missing, removing
└ @ Main /Users/ksb/repos/lab_repos/echo_analysis/bin/simple_scrub.jl:56
┌ Info: All entries for row 1025 are missing, removing
└ @ Main /Users/ksb/repos/lab_repos/echo_analysis/bin/simple_scrub.jl:56
┌ Info: All entries for row 1026 are missing, removing
└ @ Main /Users/ksb/repos/lab_repos/echo_analysis/bin/simple_scrub.jl:56
┌ Info: All entries for row 1030 are missing, removing
└ @ Main /Users/ksb/repos/lab_repos/echo_analysis/bin/simple_scrub.jl:56
┌ Info: All entries for row 1032 are missing, removing
└ @ Main /Users/ksb/repos/lab_repos/echo_analysis/bin/simple_scrub.jl:56
┌ Info: All entries for row 1033 are missing, removing
└ @ Main /Users/ksb/repos/lab_repos/echo_analysis/bin/simple_scrub.jl:56
┌ Info: All entries for row 1035 are missing, removing
└ @ Main /Users/ksb/repos/lab_repos/echo_analysis/bin/simple_scrub.jl:56
┌ Info: All entries for row 1036 are missing, removing
└ @ Main /Users/ksb/repos/lab_repos/echo_analysis/bin/simple_scrub.jl:56
┌ Info: All entries for row 1037 are missing, removing
└ @ Main /Users/ksb/repos/lab_repos/echo_analysis/bin/simple_scrub.jl:56
┌ Info: All entries for row 1038 are missing, removing
└ @ Main /Users/ksb/repos/lab_repos/echo_analysis/bin/simple_scrub.jl:56
┌ Info: All entries for row 1039 are missing, removing
└ @ Main /Users/ksb/repos/lab_repos/echo_analysis/bin/simple_scrub.jl:56
┌ Info: All entries for row 1041 are missing, removing
└ @ Main /Users/ksb/repos/lab_repos/echo_analysis/bin/simple_scrub.jl:56
┌ Info: All entries for row 1042 are missing, removing
└ @ Main /Users/ksb/repos/lab_repos/echo_analysis/bin/simple_scrub.jl:56
┌ Info: All entries for row 1043 are missing, removing
└ @ Main /Users/ksb/repos/lab_repos/echo_analysis/bin/simple_scrub.jl:56
┌ Info: All entries for row 1044 are missing, removing
└ @ Main /Users/ksb/repos/lab_repos/echo_analysis/bin/simple_scrub.jl:56
┌ Info: All entries for row 1045 are missing, removing
└ @ Main /Users/ksb/repos/lab_repos/echo_analysis/bin/simple_scrub.jl:56
┌ Info: All entries for row 1046 are missing, removing
└ @ Main /Users/ksb/repos/lab_repos/echo_analysis/bin/simple_scrub.jl:56
┌ Info: All entries for row 1047 are missing, removing
└ @ Main /Users/ksb/repos/lab_repos/echo_analysis/bin/simple_scrub.jl:56
┌ Info: All entries for row 1048 are missing, removing
└ @ Main /Users/ksb/repos/lab_repos/echo_analysis/bin/simple_scrub.jl:56
┌ Info: All entries for row 1049 are missing, removing
└ @ Main /Users/ksb/repos/lab_repos/echo_analysis/bin/simple_scrub.jl:56
┌ Info: All entries for row 1050 are missing, removing
└ @ Main /Users/ksb/repos/lab_repos/echo_analysis/bin/simple_scrub.jl:56
┌ Info: All entries for row 1051 are missing, removing
└ @ Main /Users/ksb/repos/lab_repos/echo_analysis/bin/simple_scrub.jl:56
┌ Info: All entries for row 1052 are missing, removing
└ @ Main /Users/ksb/repos/lab_repos/echo_analysis/bin/simple_scrub.jl:56
┌ Info: All entries for row 1053 are missing, removing
└ @ Main /Users/ksb/repos/lab_repos/echo_analysis/bin/simple_scrub.jl:56
┌ Info: All entries for row 1054 are missing, removing
└ @ Main /Users/ksb/repos/lab_repos/echo_analysis/bin/simple_scrub.jl:56
┌ Info: All entries for row 1055 are missing, removing
└ @ Main /Users/ksb/repos/lab_repos/echo_analysis/bin/simple_scrub.jl:56
┌ Info: All entries for row 1056 are missing, removing
└ @ Main /Users/ksb/repos/lab_repos/echo_analysis/bin/simple_scrub.jl:56
┌ Info: All entries for row 1057 are missing, removing
└ @ Main /Users/ksb/repos/lab_repos/echo_analysis/bin/simple_scrub.jl:56
┌ Info: All entries for row 1058 are missing, removing
└ @ Main /Users/ksb/repos/lab_repos/echo_analysis/bin/simple_scrub.jl:56
┌ Info: All entries for row 1059 are missing, removing
└ @ Main /Users/ksb/repos/lab_repos/echo_analysis/bin/simple_scrub.jl:56
┌ Info: All entries for row 1060 are missing, removing
└ @ Main /Users/ksb/repos/lab_repos/echo_analysis/bin/simple_scrub.jl:56
┌ Info: Changing column FecalSampleCollection::studyID to FecalSampleCollection__studyID
└ @ Main /Users/ksb/repos/lab_repos/echo_analysis/bin/simple_scrub.jl:95
┌ Info: Changing column FecalSampleCollection::collectionDate to FecalSampleCollection__collectionDate
└ @ Main /Users/ksb/repos/lab_repos/echo_analysis/bin/simple_scrub.jl:95
┌ Info: Changing column FecalSampleCollection::collectionInitials to FecalSampleCollection__collectionInitials
└ @ Main /Users/ksb/repos/lab_repos/echo_analysis/bin/simple_scrub.jl:95
┌ Info: Changing column FecalSampleCollection::collectionNum to FecalSampleCollection__collectionNum
└ @ Main /Users/ksb/repos/lab_repos/echo_analysis/bin/simple_scrub.jl:95
┌ Info: Changing column FecalSampleCollection::date80freezer to FecalSampleCollection__date80freezer
└ @ Main /Users/ksb/repos/lab_repos/echo_analysis/bin/simple_scrub.jl:95
┌ Info: Changing column FecalSampleCollection::dateShipped to FecalSampleCollection__dateShipped
└ @ Main /Users/ksb/repos/lab_repos/echo_analysis/bin/simple_scrub.jl:95
┌ Info: Changing column FecalSampleCollection::initials80freezer to FecalSampleCollection__initials80freezer
└ @ Main /Users/ksb/repos/lab_repos/echo_analysis/bin/simple_scrub.jl:95
┌ Info: Changing column FecalSampleCollection::initialsDateShipped to FecalSampleCollection__initialsDateShipped
└ @ Main /Users/ksb/repos/lab_repos/echo_analysis/bin/simple_scrub.jl:95
┌ Info: Changing column FecalSampleCollection::numSamples to FecalSampleCollection__numSamples
└ @ Main /Users/ksb/repos/lab_repos/echo_analysis/bin/simple_scrub.jl:95
┌ Info: Changing column FecalSampleCollection::timestampAcct to FecalSampleCollection__timestampAcct
└ @ Main /Users/ksb/repos/lab_repos/echo_analysis/bin/simple_scrub.jl:95
┌ Info: Changing column Fecal with Ethanol::studyID to Fecal_with_Ethanol__studyID
└ @ Main /Users/ksb/repos/lab_repos/echo_analysis/bin/simple_scrub.jl:95
┌ Info: Changing column Fecal with Ethanol::Collection# to Fecal_with_Ethanol__Collection#
└ @ Main /Users/ksb/repos/lab_repos/echo_analysis/bin/simple_scrub.jl:95
┌ Info: Changing column Fecal with Ethanol::timestamp to Fecal_with_Ethanol__timestamp
└ @ Main /Users/ksb/repos/lab_repos/echo_analysis/bin/simple_scrub.jl:95
┌ Info: Changing column Fecal with Ethanol::Fecalwethanol#ofsamples to Fecal_with_Ethanol__Fecalwethanol#ofsamples
└ @ Main /Users/ksb/repos/lab_repos/echo_analysis/bin/simple_scrub.jl:95
┌ Info: Changing column Fecal with Ethanol::Fecalwethanol80Freezerdate to Fecal_with_Ethanol__Fecalwethanol80Freezerdate
└ @ Main /Users/ksb/repos/lab_repos/echo_analysis/bin/simple_scrub.jl:95
┌ Info: Changing column Fecal with Ethanol::Fecalwethanol80FreezerInitials to Fecal_with_Ethanol__Fecalwethanol80FreezerInitials
└ @ Main /Users/ksb/repos/lab_repos/echo_analysis/bin/simple_scrub.jl:95
┌ Info: Changing column Fecal with Ethanol::FecalwethanolCollectionDate to Fecal_with_Ethanol__FecalwethanolCollectionDate
└ @ Main /Users/ksb/repos/lab_repos/echo_analysis/bin/simple_scrub.jl:95
┌ Info: Changing column Fecal with Ethanol::FecalwethanolCollectionInitials to Fecal_with_Ethanol__FecalwethanolCollectionInitials
└ @ Main /Users/ksb/repos/lab_repos/echo_analysis/bin/simple_scrub.jl:95
┌ Info: Changing column Fecal with Ethanol::FecalwethanolDateShipped to Fecal_with_Ethanol__FecalwethanolDateShipped
└ @ Main /Users/ksb/repos/lab_repos/echo_analysis/bin/simple_scrub.jl:95
┌ Info: Changing column Fecal with Ethanol::FecalwethanolShippedInitials to Fecal_with_Ethanol__FecalwethanolShippedInitials
└ @ Main /Users/ksb/repos/lab_repos/echo_analysis/bin/simple_scrub.jl:95
┌ Info: Changing column Fecal with Ethanol::timestampAcct to Fecal_with_Ethanol__timestampAcct
└ @ Main /Users/ksb/repos/lab_repos/echo_analysis/bin/simple_scrub.jl:95
┌ Info: Writing scrubbed file to /Users/ksb/repos/lab_repos/echo_analysis/data/metadata/fecal_samples.csv
└ @ Main /Users/ksb/repos/lab_repos/echo_analysis/bin/simple_scrub.jl:105
