┌ Info: Reading file from /Users/ksb/Desktop/echo_stuff/exports/all.xlsx
└ @ Main /Users/ksb/repos/lab_repos/echo_analysis/bin/metascrub.jl:234
┌ Info: Processing parent tables
│   parents = ["Allergies", "AntibioticsPrescriptions", "BasicFamilyAndChild", "Bayley's", "BeforePregnancy", "Blood_Pressure", "BreastfeedingDone", "BreastfeedingStill", "ChildBodyComposition", "Delivery", "FamilyInformation", "Fecal_with_Ethanol", "FecalSampleCollection", "HouseholdComposition", "immunizationHistory", "LeadHemoglobin", "MedicalHistory", "MOM_WASI-II", "MomBodyComposition", "Mullen", "NewbornInfo", "Parent_Demographics", "Pets", "Postnatal", "PrebioticsProbiotics", "Pregnancy", "PregnancyProbioticsVitamins", "Prenatal", "TimepointInfo", "WISC_IV", "Wisc_V", "WPPSI_III", "Wppsi_IV"]
└ @ Main /Users/ksb/repos/lab_repos/echo_analysis/bin/metascrub.jl:240
┌ Info: Table Name: Allergies
└ @ Main /Users/ksb/repos/lab_repos/echo_analysis/bin/metascrub.jl:250
┌ Warning: No timpoint column detected for Allergies, treating as all-timepoint variable
└ @ Main /Users/ksb/repos/lab_repos/echo_analysis/bin/metascrub.jl:275
┌ Info: Table Name: AntibioticsPrescriptions
└ @ Main /Users/ksb/repos/lab_repos/echo_analysis/bin/metascrub.jl:250
┌ Info: Table Name: BasicFamilyAndChild
└ @ Main /Users/ksb/repos/lab_repos/echo_analysis/bin/metascrub.jl:250
┌ Info: All entries for subtable BasicFamilyAndChild column ChildDemDateCompleted are missing, removing
└ @ Main /Users/ksb/repos/lab_repos/echo_analysis/bin/metascrub.jl:255
┌ Info: All entries for subtable BasicFamilyAndChild column ChildDemLifestage are missing, removing
└ @ Main /Users/ksb/repos/lab_repos/echo_analysis/bin/metascrub.jl:255
┌ Info: All entries for subtable BasicFamilyAndChild column ChildDemMode are missing, removing
└ @ Main /Users/ksb/repos/lab_repos/echo_analysis/bin/metascrub.jl:255
┌ Info: All entries for subtable BasicFamilyAndChild column ChildDemQ1 are missing, removing
└ @ Main /Users/ksb/repos/lab_repos/echo_analysis/bin/metascrub.jl:255
┌ Info: All entries for subtable BasicFamilyAndChild column ChildDemQ3check are missing, removing
└ @ Main /Users/ksb/repos/lab_repos/echo_analysis/bin/metascrub.jl:255
┌ Info: All entries for subtable BasicFamilyAndChild column ChildDemQ3other are missing, removing
└ @ Main /Users/ksb/repos/lab_repos/echo_analysis/bin/metascrub.jl:255
┌ Info: All entries for subtable BasicFamilyAndChild column ChildDemQ4 are missing, removing
└ @ Main /Users/ksb/repos/lab_repos/echo_analysis/bin/metascrub.jl:255
┌ Info: All entries for subtable BasicFamilyAndChild column ChildDemQ4Native are missing, removing
└ @ Main /Users/ksb/repos/lab_repos/echo_analysis/bin/metascrub.jl:255
┌ Info: All entries for subtable BasicFamilyAndChild column ChildDemQ4NativeOther are missing, removing
└ @ Main /Users/ksb/repos/lab_repos/echo_analysis/bin/metascrub.jl:255
┌ Info: All entries for subtable BasicFamilyAndChild column ChildDemQ4OtherAsian are missing, removing
└ @ Main /Users/ksb/repos/lab_repos/echo_analysis/bin/metascrub.jl:255
┌ Info: All entries for subtable BasicFamilyAndChild column ChildDemQ4otherAsianOther are missing, removing
└ @ Main /Users/ksb/repos/lab_repos/echo_analysis/bin/metascrub.jl:255
┌ Info: All entries for subtable BasicFamilyAndChild column ChildDemQ4OtherRace are missing, removing
└ @ Main /Users/ksb/repos/lab_repos/echo_analysis/bin/metascrub.jl:255
┌ Info: All entries for subtable BasicFamilyAndChild column ChildDemQ4Tribe are missing, removing
└ @ Main /Users/ksb/repos/lab_repos/echo_analysis/bin/metascrub.jl:255
┌ Info: All entries for subtable BasicFamilyAndChild column ChildDemQ5 are missing, removing
└ @ Main /Users/ksb/repos/lab_repos/echo_analysis/bin/metascrub.jl:255
┌ Info: All entries for subtable BasicFamilyAndChild column ChildDemQ5a are missing, removing
└ @ Main /Users/ksb/repos/lab_repos/echo_analysis/bin/metascrub.jl:255
┌ Info: All entries for subtable BasicFamilyAndChild column ChildDemQ5aOther are missing, removing
└ @ Main /Users/ksb/repos/lab_repos/echo_analysis/bin/metascrub.jl:255
┌ Info: All entries for subtable BasicFamilyAndChild column ChildDemQ5b are missing, removing
└ @ Main /Users/ksb/repos/lab_repos/echo_analysis/bin/metascrub.jl:255
┌ Info: All entries for subtable BasicFamilyAndChild column ChildDemQ5bCheck are missing, removing
└ @ Main /Users/ksb/repos/lab_repos/echo_analysis/bin/metascrub.jl:255
┌ Info: All entries for subtable BasicFamilyAndChild column ChildDemRespondent are missing, removing
└ @ Main /Users/ksb/repos/lab_repos/echo_analysis/bin/metascrub.jl:255
┌ Info: All entries for subtable BasicFamilyAndChild column ChildDemSetting are missing, removing
└ @ Main /Users/ksb/repos/lab_repos/echo_analysis/bin/metascrub.jl:255
┌ Info: All entries for subtable BasicFamilyAndChild column DemographicsAQ4Native are missing, removing
└ @ Main /Users/ksb/repos/lab_repos/echo_analysis/bin/metascrub.jl:255
┌ Info: All entries for subtable BasicFamilyAndChild column DemographicsAQ4NativeOther are missing, removing
└ @ Main /Users/ksb/repos/lab_repos/echo_analysis/bin/metascrub.jl:255
┌ Info: All entries for subtable BasicFamilyAndChild column DemographicsBQ4AsianOther are missing, removing
└ @ Main /Users/ksb/repos/lab_repos/echo_analysis/bin/metascrub.jl:255
┌ Info: All entries for subtable BasicFamilyAndChild column DemographicsBQ4Native are missing, removing
└ @ Main /Users/ksb/repos/lab_repos/echo_analysis/bin/metascrub.jl:255
┌ Info: All entries for subtable BasicFamilyAndChild column DemographicsBQ7cm are missing, removing
└ @ Main /Users/ksb/repos/lab_repos/echo_analysis/bin/metascrub.jl:255
┌ Info: All entries for subtable BasicFamilyAndChild column DemographicsBQ8kg are missing, removing
└ @ Main /Users/ksb/repos/lab_repos/echo_analysis/bin/metascrub.jl:255
┌ Info: All entries for subtable BasicFamilyAndChild column DemographicsQB4NativeOther are missing, removing
└ @ Main /Users/ksb/repos/lab_repos/echo_analysis/bin/metascrub.jl:255
┌ Info: All entries for subtable BasicFamilyAndChild column HCDaysPerMonth are missing, removing
└ @ Main /Users/ksb/repos/lab_repos/echo_analysis/bin/metascrub.jl:255
┌ Info: All entries for subtable BasicFamilyAndChild column studyName are missing, removing
└ @ Main /Users/ksb/repos/lab_repos/echo_analysis/bin/metascrub.jl:255
┌ Info: All entries for subtable BasicFamilyAndChild column timestamp are missing, removing
└ @ Main /Users/ksb/repos/lab_repos/echo_analysis/bin/metascrub.jl:255
┌ Warning: No timpoint column detected for BasicFamilyAndChild, treating as all-timepoint variable
└ @ Main /Users/ksb/repos/lab_repos/echo_analysis/bin/metascrub.jl:275
┌ Info: Table Name: Bayley's
└ @ Main /Users/ksb/repos/lab_repos/echo_analysis/bin/metascrub.jl:250
┌ Info: All entries for subtable Bayley's column cuRaw are missing, removing
└ @ Main /Users/ksb/repos/lab_repos/echo_analysis/bin/metascrub.jl:255
┌ Info: All entries for subtable Bayley's column cuScaled are missing, removing
└ @ Main /Users/ksb/repos/lab_repos/echo_analysis/bin/metascrub.jl:255
┌ Info: All entries for subtable Bayley's column faRaw are missing, removing
└ @ Main /Users/ksb/repos/lab_repos/echo_analysis/bin/metascrub.jl:255
┌ Info: All entries for subtable Bayley's column faScaled are missing, removing
└ @ Main /Users/ksb/repos/lab_repos/echo_analysis/bin/metascrub.jl:255
┌ Info: All entries for subtable Bayley's column hlRaw are missing, removing
└ @ Main /Users/ksb/repos/lab_repos/echo_analysis/bin/metascrub.jl:255
┌ Info: All entries for subtable Bayley's column hlScaled are missing, removing
└ @ Main /Users/ksb/repos/lab_repos/echo_analysis/bin/metascrub.jl:255
┌ Info: All entries for subtable Bayley's column timestamp are missing, removing
└ @ Main /Users/ksb/repos/lab_repos/echo_analysis/bin/metascrub.jl:255
┌ Info: Table Name: BeforePregnancy
└ @ Main /Users/ksb/repos/lab_repos/echo_analysis/bin/metascrub.jl:250
┌ Info: All entries for subtable BeforePregnancy column drinkFrequency are missing, removing
└ @ Main /Users/ksb/repos/lab_repos/echo_analysis/bin/metascrub.jl:255
┌ Info: All entries for subtable BeforePregnancy column smokeFrequency are missing, removing
└ @ Main /Users/ksb/repos/lab_repos/echo_analysis/bin/metascrub.jl:255
┌ Info: All entries for subtable BeforePregnancy column timestamp are missing, removing
└ @ Main /Users/ksb/repos/lab_repos/echo_analysis/bin/metascrub.jl:255
┌ Warning: No timpoint column detected for BeforePregnancy, treating as all-timepoint variable
└ @ Main /Users/ksb/repos/lab_repos/echo_analysis/bin/metascrub.jl:275
┌ Info: Table Name: Blood_Pressure
└ @ Main /Users/ksb/repos/lab_repos/echo_analysis/bin/metascrub.jl:250
┌ Info: Table Name: BreastfeedingDone
└ @ Main /Users/ksb/repos/lab_repos/echo_analysis/bin/metascrub.jl:250
┌ Info: All entries for subtable BreastfeedingDone column timestamp are missing, removing
└ @ Main /Users/ksb/repos/lab_repos/echo_analysis/bin/metascrub.jl:255
┌ Warning: No timpoint column detected for BreastfeedingDone, treating as all-timepoint variable
└ @ Main /Users/ksb/repos/lab_repos/echo_analysis/bin/metascrub.jl:275
┌ Info: Table Name: BreastfeedingStill
└ @ Main /Users/ksb/repos/lab_repos/echo_analysis/bin/metascrub.jl:250
┌ Info: All entries for subtable BreastfeedingStill column babyHaveSolidFood are missing, removing
└ @ Main /Users/ksb/repos/lab_repos/echo_analysis/bin/metascrub.jl:255
┌ Info: All entries for subtable BreastfeedingStill column babyHaveSolidFoodTimesPerDay are missing, removing
└ @ Main /Users/ksb/repos/lab_repos/echo_analysis/bin/metascrub.jl:255
┌ Info: All entries for subtable BreastfeedingStill column timestamp are missing, removing
└ @ Main /Users/ksb/repos/lab_repos/echo_analysis/bin/metascrub.jl:255
┌ Info: Table Name: ChildBodyComposition
└ @ Main /Users/ksb/repos/lab_repos/echo_analysis/bin/metascrub.jl:250
┌ Info: All entries for subtable ChildBodyComposition column timestamp are missing, removing
└ @ Main /Users/ksb/repos/lab_repos/echo_analysis/bin/metascrub.jl:255
┌ Info: Table Name: Delivery
└ @ Main /Users/ksb/repos/lab_repos/echo_analysis/bin/metascrub.jl:250
┌ Info: All entries for subtable Delivery column timestamp are missing, removing
└ @ Main /Users/ksb/repos/lab_repos/echo_analysis/bin/metascrub.jl:255
┌ Info: All entries for subtable Delivery column whyLaborInducedOtherSpecify are missing, removing
└ @ Main /Users/ksb/repos/lab_repos/echo_analysis/bin/metascrub.jl:255
┌ Warning: No timpoint column detected for Delivery, treating as all-timepoint variable
└ @ Main /Users/ksb/repos/lab_repos/echo_analysis/bin/metascrub.jl:275
┌ Info: Table Name: FamilyInformation
└ @ Main /Users/ksb/repos/lab_repos/echo_analysis/bin/metascrub.jl:250
┌ Info: All entries for subtable FamilyInformation column overallhealth are missing, removing
└ @ Main /Users/ksb/repos/lab_repos/echo_analysis/bin/metascrub.jl:255
┌ Info: All entries for subtable FamilyInformation column timestamp are missing, removing
└ @ Main /Users/ksb/repos/lab_repos/echo_analysis/bin/metascrub.jl:255
┌ Info: Table Name: Fecal_with_Ethanol
└ @ Main /Users/ksb/repos/lab_repos/echo_analysis/bin/metascrub.jl:250
┌ Info: All entries for subtable Fecal_with_Ethanol column Fecalwethanol-30Freezerdate are missing, removing
└ @ Main /Users/ksb/repos/lab_repos/echo_analysis/bin/metascrub.jl:255
┌ Info: All entries for subtable Fecal_with_Ethanol column Fecalwethanol30Freezerdate are missing, removing
└ @ Main /Users/ksb/repos/lab_repos/echo_analysis/bin/metascrub.jl:255
┌ Info: All entries for subtable Fecal_with_Ethanol column Fecalwethanol30FreezerInitials are missing, removing
└ @ Main /Users/ksb/repos/lab_repos/echo_analysis/bin/metascrub.jl:255
┌ Info: Table Name: FecalSampleCollection
└ @ Main /Users/ksb/repos/lab_repos/echo_analysis/bin/metascrub.jl:250
┌ Info: All entries for subtable FecalSampleCollection column date30freezer are missing, removing
└ @ Main /Users/ksb/repos/lab_repos/echo_analysis/bin/metascrub.jl:255
┌ Info: All entries for subtable FecalSampleCollection column initials30freezer are missing, removing
└ @ Main /Users/ksb/repos/lab_repos/echo_analysis/bin/metascrub.jl:255
┌ Info: All entries for subtable FecalSampleCollection column timestamp are missing, removing
└ @ Main /Users/ksb/repos/lab_repos/echo_analysis/bin/metascrub.jl:255
┌ Info: Table Name: HouseholdComposition
└ @ Main /Users/ksb/repos/lab_repos/echo_analysis/bin/metascrub.jl:250
┌ Info: All entries for subtable HouseholdComposition column ChildQ1cOther are missing, removing
└ @ Main /Users/ksb/repos/lab_repos/echo_analysis/bin/metascrub.jl:255
┌ Info: All entries for subtable HouseholdComposition column ChildQ1dDaysperMonth are missing, removing
└ @ Main /Users/ksb/repos/lab_repos/echo_analysis/bin/metascrub.jl:255
┌ Info: All entries for subtable HouseholdComposition column Q3Date are missing, removing
└ @ Main /Users/ksb/repos/lab_repos/echo_analysis/bin/metascrub.jl:255
┌ Info: Table Name: immunizationHistory
└ @ Main /Users/ksb/repos/lab_repos/echo_analysis/bin/metascrub.jl:250
┌ Info: All entries for subtable immunizationHistory column diptheria6 are missing, removing
└ @ Main /Users/ksb/repos/lab_repos/echo_analysis/bin/metascrub.jl:255
┌ Info: All entries for subtable immunizationHistory column HaemophilusInfluenzae5 are missing, removing
└ @ Main /Users/ksb/repos/lab_repos/echo_analysis/bin/metascrub.jl:255
┌ Info: All entries for subtable immunizationHistory column HaemophilusInfluenzae6 are missing, removing
└ @ Main /Users/ksb/repos/lab_repos/echo_analysis/bin/metascrub.jl:255
┌ Info: All entries for subtable immunizationHistory column HepA4 are missing, removing
└ @ Main /Users/ksb/repos/lab_repos/echo_analysis/bin/metascrub.jl:255
┌ Info: All entries for subtable immunizationHistory column HepA5 are missing, removing
└ @ Main /Users/ksb/repos/lab_repos/echo_analysis/bin/metascrub.jl:255
┌ Info: All entries for subtable immunizationHistory column HepA6 are missing, removing
└ @ Main /Users/ksb/repos/lab_repos/echo_analysis/bin/metascrub.jl:255
┌ Info: All entries for subtable immunizationHistory column HepB5 are missing, removing
└ @ Main /Users/ksb/repos/lab_repos/echo_analysis/bin/metascrub.jl:255
┌ Info: All entries for subtable immunizationHistory column HepB6 are missing, removing
└ @ Main /Users/ksb/repos/lab_repos/echo_analysis/bin/metascrub.jl:255
┌ Info: All entries for subtable immunizationHistory column HPV2 are missing, removing
└ @ Main /Users/ksb/repos/lab_repos/echo_analysis/bin/metascrub.jl:255
┌ Info: All entries for subtable immunizationHistory column HPV5 are missing, removing
└ @ Main /Users/ksb/repos/lab_repos/echo_analysis/bin/metascrub.jl:255
┌ Info: All entries for subtable immunizationHistory column HPV6 are missing, removing
└ @ Main /Users/ksb/repos/lab_repos/echo_analysis/bin/metascrub.jl:255
┌ Info: All entries for subtable immunizationHistory column Meningitis5 are missing, removing
└ @ Main /Users/ksb/repos/lab_repos/echo_analysis/bin/metascrub.jl:255
┌ Info: All entries for subtable immunizationHistory column Meningitis6 are missing, removing
└ @ Main /Users/ksb/repos/lab_repos/echo_analysis/bin/metascrub.jl:255
┌ Info: All entries for subtable immunizationHistory column MMR4 are missing, removing
└ @ Main /Users/ksb/repos/lab_repos/echo_analysis/bin/metascrub.jl:255
┌ Info: All entries for subtable immunizationHistory column MMR5 are missing, removing
└ @ Main /Users/ksb/repos/lab_repos/echo_analysis/bin/metascrub.jl:255
┌ Info: All entries for subtable immunizationHistory column MMR6 are missing, removing
└ @ Main /Users/ksb/repos/lab_repos/echo_analysis/bin/metascrub.jl:255
┌ Info: All entries for subtable immunizationHistory column Pneumonia5 are missing, removing
└ @ Main /Users/ksb/repos/lab_repos/echo_analysis/bin/metascrub.jl:255
┌ Info: All entries for subtable immunizationHistory column Pneumonia6 are missing, removing
└ @ Main /Users/ksb/repos/lab_repos/echo_analysis/bin/metascrub.jl:255
┌ Info: All entries for subtable immunizationHistory column Polio5 are missing, removing
└ @ Main /Users/ksb/repos/lab_repos/echo_analysis/bin/metascrub.jl:255
┌ Info: All entries for subtable immunizationHistory column Polio6 are missing, removing
└ @ Main /Users/ksb/repos/lab_repos/echo_analysis/bin/metascrub.jl:255
┌ Info: All entries for subtable immunizationHistory column Rotavirus4 are missing, removing
└ @ Main /Users/ksb/repos/lab_repos/echo_analysis/bin/metascrub.jl:255
┌ Info: All entries for subtable immunizationHistory column Rotavirus5 are missing, removing
└ @ Main /Users/ksb/repos/lab_repos/echo_analysis/bin/metascrub.jl:255
┌ Info: All entries for subtable immunizationHistory column Rotavirus6 are missing, removing
└ @ Main /Users/ksb/repos/lab_repos/echo_analysis/bin/metascrub.jl:255
┌ Info: All entries for subtable immunizationHistory column TB1 are missing, removing
└ @ Main /Users/ksb/repos/lab_repos/echo_analysis/bin/metascrub.jl:255
┌ Info: All entries for subtable immunizationHistory column TB2 are missing, removing
└ @ Main /Users/ksb/repos/lab_repos/echo_analysis/bin/metascrub.jl:255
┌ Info: All entries for subtable immunizationHistory column TB3 are missing, removing
└ @ Main /Users/ksb/repos/lab_repos/echo_analysis/bin/metascrub.jl:255
┌ Info: All entries for subtable immunizationHistory column TB4 are missing, removing
└ @ Main /Users/ksb/repos/lab_repos/echo_analysis/bin/metascrub.jl:255
┌ Info: All entries for subtable immunizationHistory column TB5 are missing, removing
└ @ Main /Users/ksb/repos/lab_repos/echo_analysis/bin/metascrub.jl:255
┌ Info: All entries for subtable immunizationHistory column TB6 are missing, removing
└ @ Main /Users/ksb/repos/lab_repos/echo_analysis/bin/metascrub.jl:255
┌ Info: All entries for subtable immunizationHistory column Tetanus6 are missing, removing
└ @ Main /Users/ksb/repos/lab_repos/echo_analysis/bin/metascrub.jl:255
┌ Info: All entries for subtable immunizationHistory column Varicella3 are missing, removing
└ @ Main /Users/ksb/repos/lab_repos/echo_analysis/bin/metascrub.jl:255
┌ Info: All entries for subtable immunizationHistory column Varicella4 are missing, removing
└ @ Main /Users/ksb/repos/lab_repos/echo_analysis/bin/metascrub.jl:255
┌ Info: All entries for subtable immunizationHistory column Varicella5 are missing, removing
└ @ Main /Users/ksb/repos/lab_repos/echo_analysis/bin/metascrub.jl:255
┌ Info: All entries for subtable immunizationHistory column Varicella6 are missing, removing
└ @ Main /Users/ksb/repos/lab_repos/echo_analysis/bin/metascrub.jl:255
┌ Info: All entries for subtable immunizationHistory column whoopingCough6 are missing, removing
└ @ Main /Users/ksb/repos/lab_repos/echo_analysis/bin/metascrub.jl:255
┌ Warning: No timpoint column detected for immunizationHistory, treating as all-timepoint variable
└ @ Main /Users/ksb/repos/lab_repos/echo_analysis/bin/metascrub.jl:275
┌ Info: Table Name: LeadHemoglobin
└ @ Main /Users/ksb/repos/lab_repos/echo_analysis/bin/metascrub.jl:250
┌ Info: All entries for subtable LeadHemoglobin column timestamp are missing, removing
└ @ Main /Users/ksb/repos/lab_repos/echo_analysis/bin/metascrub.jl:255
┌ Warning: No timpoint column detected for LeadHemoglobin, treating as all-timepoint variable
└ @ Main /Users/ksb/repos/lab_repos/echo_analysis/bin/metascrub.jl:275
┌ Info: Table Name: MedicalHistory
└ @ Main /Users/ksb/repos/lab_repos/echo_analysis/bin/metascrub.jl:250
┌ Info: All entries for subtable MedicalHistory column dizzinessAgeStartYears are missing, removing
└ @ Main /Users/ksb/repos/lab_repos/echo_analysis/bin/metascrub.jl:255
┌ Info: All entries for subtable MedicalHistory column dizzinessAgeStoppedMonths are missing, removing
└ @ Main /Users/ksb/repos/lab_repos/echo_analysis/bin/metascrub.jl:255
┌ Info: All entries for subtable MedicalHistory column frequentFallsAgeStartYears are missing, removing
└ @ Main /Users/ksb/repos/lab_repos/echo_analysis/bin/metascrub.jl:255
┌ Info: All entries for subtable MedicalHistory column frequentFallsAgeStoppedMonths are missing, removing
└ @ Main /Users/ksb/repos/lab_repos/echo_analysis/bin/metascrub.jl:255
┌ Info: All entries for subtable MedicalHistory column measlesAgeStartMonths are missing, removing
└ @ Main /Users/ksb/repos/lab_repos/echo_analysis/bin/metascrub.jl:255
┌ Info: All entries for subtable MedicalHistory column measlesAgeStartYears are missing, removing
└ @ Main /Users/ksb/repos/lab_repos/echo_analysis/bin/metascrub.jl:255
┌ Info: All entries for subtable MedicalHistory column mumpsAgeStartMonths are missing, removing
└ @ Main /Users/ksb/repos/lab_repos/echo_analysis/bin/metascrub.jl:255
┌ Info: All entries for subtable MedicalHistory column mumpsAgeStartYears are missing, removing
└ @ Main /Users/ksb/repos/lab_repos/echo_analysis/bin/metascrub.jl:255
┌ Info: All entries for subtable MedicalHistory column specialEquiptment are missing, removing
└ @ Main /Users/ksb/repos/lab_repos/echo_analysis/bin/metascrub.jl:255
┌ Info: All entries for subtable MedicalHistory column specialEquiptmentSpecify are missing, removing
└ @ Main /Users/ksb/repos/lab_repos/echo_analysis/bin/metascrub.jl:255
┌ Info: All entries for subtable MedicalHistory column timestamp are missing, removing
└ @ Main /Users/ksb/repos/lab_repos/echo_analysis/bin/metascrub.jl:255
┌ Warning: No timpoint column detected for MedicalHistory, treating as all-timepoint variable
└ @ Main /Users/ksb/repos/lab_repos/echo_analysis/bin/metascrub.jl:275
┌ Info: Table Name: MOM_WASI-II
└ @ Main /Users/ksb/repos/lab_repos/echo_analysis/bin/metascrub.jl:250
┌ Info: Table Name: MomBodyComposition
└ @ Main /Users/ksb/repos/lab_repos/echo_analysis/bin/metascrub.jl:250
┌ Info: All entries for subtable MomBodyComposition column timestamp are missing, removing
└ @ Main /Users/ksb/repos/lab_repos/echo_analysis/bin/metascrub.jl:255
┌ Info: Table Name: Mullen
└ @ Main /Users/ksb/repos/lab_repos/echo_analysis/bin/metascrub.jl:250
┌ Info: All entries for subtable Mullen column timestamp are missing, removing
└ @ Main /Users/ksb/repos/lab_repos/echo_analysis/bin/metascrub.jl:255
┌ Info: Table Name: NewbornInfo
└ @ Main /Users/ksb/repos/lab_repos/echo_analysis/bin/metascrub.jl:250
┌ Info: All entries for subtable NewbornInfo column birthlengthCM are missing, removing
└ @ Main /Users/ksb/repos/lab_repos/echo_analysis/bin/metascrub.jl:255
┌ Info: All entries for subtable NewbornInfo column birthlengthDontKnow are missing, removing
└ @ Main /Users/ksb/repos/lab_repos/echo_analysis/bin/metascrub.jl:255
┌ Info: All entries for subtable NewbornInfo column birthweightDontKnow are missing, removing
└ @ Main /Users/ksb/repos/lab_repos/echo_analysis/bin/metascrub.jl:255
┌ Info: All entries for subtable NewbornInfo column birthweightGrams are missing, removing
└ @ Main /Users/ksb/repos/lab_repos/echo_analysis/bin/metascrub.jl:255
┌ Info: All entries for subtable NewbornInfo column DateCompleted are missing, removing
└ @ Main /Users/ksb/repos/lab_repos/echo_analysis/bin/metascrub.jl:255
┌ Info: All entries for subtable NewbornInfo column geneticDisordersSpecify are missing, removing
└ @ Main /Users/ksb/repos/lab_repos/echo_analysis/bin/metascrub.jl:255
┌ Info: All entries for subtable NewbornInfo column GestationalAgeDontKnow are missing, removing
└ @ Main /Users/ksb/repos/lab_repos/echo_analysis/bin/metascrub.jl:255
┌ Info: All entries for subtable NewbornInfo column incubatorOtherSpecify are missing, removing
└ @ Main /Users/ksb/repos/lab_repos/echo_analysis/bin/metascrub.jl:255
┌ Info: All entries for subtable NewbornInfo column Lifestage are missing, removing
└ @ Main /Users/ksb/repos/lab_repos/echo_analysis/bin/metascrub.jl:255
┌ Info: All entries for subtable NewbornInfo column Mode are missing, removing
└ @ Main /Users/ksb/repos/lab_repos/echo_analysis/bin/metascrub.jl:255
┌ Info: All entries for subtable NewbornInfo column Premature are missing, removing
└ @ Main /Users/ksb/repos/lab_repos/echo_analysis/bin/metascrub.jl:255
┌ Info: All entries for subtable NewbornInfo column Q4a are missing, removing
└ @ Main /Users/ksb/repos/lab_repos/echo_analysis/bin/metascrub.jl:255
┌ Info: All entries for subtable NewbornInfo column Q4b are missing, removing
└ @ Main /Users/ksb/repos/lab_repos/echo_analysis/bin/metascrub.jl:255
┌ Info: All entries for subtable NewbornInfo column Q4c are missing, removing
└ @ Main /Users/ksb/repos/lab_repos/echo_analysis/bin/metascrub.jl:255
┌ Info: All entries for subtable NewbornInfo column Q4cOther are missing, removing
└ @ Main /Users/ksb/repos/lab_repos/echo_analysis/bin/metascrub.jl:255
┌ Info: All entries for subtable NewbornInfo column Q5AddressCheck are missing, removing
└ @ Main /Users/ksb/repos/lab_repos/echo_analysis/bin/metascrub.jl:255
┌ Info: All entries for subtable NewbornInfo column Q5AddressCity are missing, removing
└ @ Main /Users/ksb/repos/lab_repos/echo_analysis/bin/metascrub.jl:255
┌ Info: All entries for subtable NewbornInfo column Q5AddressNumberandStreet are missing, removing
└ @ Main /Users/ksb/repos/lab_repos/echo_analysis/bin/metascrub.jl:255
┌ Info: All entries for subtable NewbornInfo column Q5AddressSpecifyCountry are missing, removing
└ @ Main /Users/ksb/repos/lab_repos/echo_analysis/bin/metascrub.jl:255
┌ Info: All entries for subtable NewbornInfo column Q5AddressState are missing, removing
└ @ Main /Users/ksb/repos/lab_repos/echo_analysis/bin/metascrub.jl:255
┌ Info: All entries for subtable NewbornInfo column Q5AddressZipCode are missing, removing
└ @ Main /Users/ksb/repos/lab_repos/echo_analysis/bin/metascrub.jl:255
┌ Info: All entries for subtable NewbornInfo column Q5Other are missing, removing
└ @ Main /Users/ksb/repos/lab_repos/echo_analysis/bin/metascrub.jl:255
┌ Info: All entries for subtable NewbornInfo column Q6 are missing, removing
└ @ Main /Users/ksb/repos/lab_repos/echo_analysis/bin/metascrub.jl:255
┌ Info: All entries for subtable NewbornInfo column Q8 are missing, removing
└ @ Main /Users/ksb/repos/lab_repos/echo_analysis/bin/metascrub.jl:255
┌ Info: All entries for subtable NewbornInfo column Q8Other are missing, removing
└ @ Main /Users/ksb/repos/lab_repos/echo_analysis/bin/metascrub.jl:255
┌ Info: All entries for subtable NewbornInfo column Q8OtherChromosomal are missing, removing
└ @ Main /Users/ksb/repos/lab_repos/echo_analysis/bin/metascrub.jl:255
┌ Info: All entries for subtable NewbornInfo column Q8OtherCongenital are missing, removing
└ @ Main /Users/ksb/repos/lab_repos/echo_analysis/bin/metascrub.jl:255
┌ Info: All entries for subtable NewbornInfo column Respondent are missing, removing
└ @ Main /Users/ksb/repos/lab_repos/echo_analysis/bin/metascrub.jl:255
┌ Info: All entries for subtable NewbornInfo column Setting are missing, removing
└ @ Main /Users/ksb/repos/lab_repos/echo_analysis/bin/metascrub.jl:255
┌ Info: All entries for subtable NewbornInfo column timestamp are missing, removing
└ @ Main /Users/ksb/repos/lab_repos/echo_analysis/bin/metascrub.jl:255
┌ Warning: No timpoint column detected for NewbornInfo, treating as all-timepoint variable
└ @ Main /Users/ksb/repos/lab_repos/echo_analysis/bin/metascrub.jl:275
┌ Info: Table Name: Parent_Demographics
└ @ Main /Users/ksb/repos/lab_repos/echo_analysis/bin/metascrub.jl:250
┌ Info: All entries for subtable Parent_Demographics column timestamp are missing, removing
└ @ Main /Users/ksb/repos/lab_repos/echo_analysis/bin/metascrub.jl:255
┌ Warning: No timpoint column detected for Parent_Demographics, treating as all-timepoint variable
└ @ Main /Users/ksb/repos/lab_repos/echo_analysis/bin/metascrub.jl:275
┌ Info: Table Name: Pets
└ @ Main /Users/ksb/repos/lab_repos/echo_analysis/bin/metascrub.jl:250
┌ Info: All entries for subtable Pets column timestamp are missing, removing
└ @ Main /Users/ksb/repos/lab_repos/echo_analysis/bin/metascrub.jl:255
┌ Warning: No timpoint column detected for Pets, treating as all-timepoint variable
└ @ Main /Users/ksb/repos/lab_repos/echo_analysis/bin/metascrub.jl:275
┌ Info: Table Name: Postnatal
└ @ Main /Users/ksb/repos/lab_repos/echo_analysis/bin/metascrub.jl:250
┌ Info: All entries for subtable Postnatal column drinkFrequency are missing, removing
└ @ Main /Users/ksb/repos/lab_repos/echo_analysis/bin/metascrub.jl:255
┌ Info: All entries for subtable Postnatal column otherDrugSpecify are missing, removing
└ @ Main /Users/ksb/repos/lab_repos/echo_analysis/bin/metascrub.jl:255
┌ Info: All entries for subtable Postnatal column smokeFrequency are missing, removing
└ @ Main /Users/ksb/repos/lab_repos/echo_analysis/bin/metascrub.jl:255
┌ Info: All entries for subtable Postnatal column timestamp are missing, removing
└ @ Main /Users/ksb/repos/lab_repos/echo_analysis/bin/metascrub.jl:255
┌ Warning: No timpoint column detected for Postnatal, treating as all-timepoint variable
└ @ Main /Users/ksb/repos/lab_repos/echo_analysis/bin/metascrub.jl:275
┌ Info: Table Name: PrebioticsProbiotics
└ @ Main /Users/ksb/repos/lab_repos/echo_analysis/bin/metascrub.jl:250
┌ Info: All entries for subtable PrebioticsProbiotics column timestamp are missing, removing
└ @ Main /Users/ksb/repos/lab_repos/echo_analysis/bin/metascrub.jl:255
┌ Info: Table Name: Pregnancy
└ @ Main /Users/ksb/repos/lab_repos/echo_analysis/bin/metascrub.jl:250
┌ Info: All entries for subtable Pregnancy column drinkFrequency are missing, removing
└ @ Main /Users/ksb/repos/lab_repos/echo_analysis/bin/metascrub.jl:255
┌ Info: All entries for subtable Pregnancy column smokeFrequency are missing, removing
└ @ Main /Users/ksb/repos/lab_repos/echo_analysis/bin/metascrub.jl:255
┌ Info: All entries for subtable Pregnancy column timestamp are missing, removing
└ @ Main /Users/ksb/repos/lab_repos/echo_analysis/bin/metascrub.jl:255
┌ Info: All entries for subtable Pregnancy column timestamp_1 are missing, removing
└ @ Main /Users/ksb/repos/lab_repos/echo_analysis/bin/metascrub.jl:255
┌ Info: All entries for subtable Pregnancy column timestamp_2 are missing, removing
└ @ Main /Users/ksb/repos/lab_repos/echo_analysis/bin/metascrub.jl:255
┌ Warning: No timpoint column detected for Pregnancy, treating as all-timepoint variable
└ @ Main /Users/ksb/repos/lab_repos/echo_analysis/bin/metascrub.jl:275
┌ Info: Table Name: PregnancyProbioticsVitamins
└ @ Main /Users/ksb/repos/lab_repos/echo_analysis/bin/metascrub.jl:250
┌ Info: All entries for subtable PregnancyProbioticsVitamins column timestamp are missing, removing
└ @ Main /Users/ksb/repos/lab_repos/echo_analysis/bin/metascrub.jl:255
┌ Warning: No timpoint column detected for PregnancyProbioticsVitamins, treating as all-timepoint variable
└ @ Main /Users/ksb/repos/lab_repos/echo_analysis/bin/metascrub.jl:275
┌ Info: Table Name: Prenatal
└ @ Main /Users/ksb/repos/lab_repos/echo_analysis/bin/metascrub.jl:250
┌ Info: All entries for subtable Prenatal column timestamp are missing, removing
└ @ Main /Users/ksb/repos/lab_repos/echo_analysis/bin/metascrub.jl:255
┌ Warning: No timpoint column detected for Prenatal, treating as all-timepoint variable
└ @ Main /Users/ksb/repos/lab_repos/echo_analysis/bin/metascrub.jl:275
┌ Info: Table Name: TimepointInfo
└ @ Main /Users/ksb/repos/lab_repos/echo_analysis/bin/metascrub.jl:250
┌ Info: All entries for subtable TimepointInfo column importVarDummy are missing, removing
└ @ Main /Users/ksb/repos/lab_repos/echo_analysis/bin/metascrub.jl:255
┌ Info: All entries for subtable TimepointInfo column timestamp are missing, removing
└ @ Main /Users/ksb/repos/lab_repos/echo_analysis/bin/metascrub.jl:255
┌ Warning: Removing timepoint 2.5
└ @ Main /Users/ksb/repos/lab_repos/echo_analysis/bin/metascrub.jl:284
┌ Info: Table Name: WISC_IV
└ @ Main /Users/ksb/repos/lab_repos/echo_analysis/bin/metascrub.jl:250
┌ Info: All entries for subtable WISC_IV column timestamp are missing, removing
└ @ Main /Users/ksb/repos/lab_repos/echo_analysis/bin/metascrub.jl:255
┌ Info: All entries for subtable WISC_IV column timestampAcct are missing, removing
└ @ Main /Users/ksb/repos/lab_repos/echo_analysis/bin/metascrub.jl:255
┌ Info: Table Name: Wisc_V
└ @ Main /Users/ksb/repos/lab_repos/echo_analysis/bin/metascrub.jl:250
┌ Info: All entries for subtable Wisc_V column timestamp are missing, removing
└ @ Main /Users/ksb/repos/lab_repos/echo_analysis/bin/metascrub.jl:255
┌ Info: Table Name: WPPSI_III
└ @ Main /Users/ksb/repos/lab_repos/echo_analysis/bin/metascrub.jl:250
┌ Info: All entries for subtable WPPSI_III column FSIQ are missing, removing
└ @ Main /Users/ksb/repos/lab_repos/echo_analysis/bin/metascrub.jl:255
┌ Info: All entries for subtable WPPSI_III column timestamp are missing, removing
└ @ Main /Users/ksb/repos/lab_repos/echo_analysis/bin/metascrub.jl:255
┌ Info: All entries for subtable WPPSI_III column timestampAcct are missing, removing
└ @ Main /Users/ksb/repos/lab_repos/echo_analysis/bin/metascrub.jl:255
┌ Info: Table Name: Wppsi_IV
└ @ Main /Users/ksb/repos/lab_repos/echo_analysis/bin/metascrub.jl:250
┌ Info: All entries for subtable Wppsi_IV column timestamp are missing, removing
└ @ Main /Users/ksb/repos/lab_repos/echo_analysis/bin/metascrub.jl:255
┌ Info: Writing scrubbed file to /Users/ksb/repos/lab_repos/echo_analysis/data/metadata/filemakerdb.csv
└ @ Main /Users/ksb/repos/lab_repos/echo_analysis/bin/metascrub.jl:304
