┌ Info: Table Name: LeadHemoglobin
└ @ Main /Users/ksb/repos/lab_repos/echo_analysis/bin/simple_scrub.jl:99
┌ Info: All entries for column timestamp are missing, removing
└ @ Main /Users/ksb/repos/lab_repos/echo_analysis/bin/simple_scrub.jl:111
┌ Info: All entries for row 2 are missing, removing
└ @ Main /Users/ksb/repos/lab_repos/echo_analysis/bin/simple_scrub.jl:57
┌ Info: All entries for row 3 are missing, removing
└ @ Main /Users/ksb/repos/lab_repos/echo_analysis/bin/simple_scrub.jl:57
┌ Info: All entries for row 32 are missing, removing
└ @ Main /Users/ksb/repos/lab_repos/echo_analysis/bin/simple_scrub.jl:57
┌ Info: All entries for row 50 are missing, removing
└ @ Main /Users/ksb/repos/lab_repos/echo_analysis/bin/simple_scrub.jl:57
┌ Info: All entries for row 55 are missing, removing
└ @ Main /Users/ksb/repos/lab_repos/echo_analysis/bin/simple_scrub.jl:57
┌ Info: All entries for row 86 are missing, removing
└ @ Main /Users/ksb/repos/lab_repos/echo_analysis/bin/simple_scrub.jl:57
┌ Info: All entries for row 112 are missing, removing
└ @ Main /Users/ksb/repos/lab_repos/echo_analysis/bin/simple_scrub.jl:57
┌ Info: All entries for row 135 are missing, removing
└ @ Main /Users/ksb/repos/lab_repos/echo_analysis/bin/simple_scrub.jl:57
┌ Info: All entries for row 185 are missing, removing
└ @ Main /Users/ksb/repos/lab_repos/echo_analysis/bin/simple_scrub.jl:57
┌ Info: All entries for row 250 are missing, removing
└ @ Main /Users/ksb/repos/lab_repos/echo_analysis/bin/simple_scrub.jl:57
┌ Info: All entries for row 298 are missing, removing
└ @ Main /Users/ksb/repos/lab_repos/echo_analysis/bin/simple_scrub.jl:57
┌ Info: All entries for row 304 are missing, removing
└ @ Main /Users/ksb/repos/lab_repos/echo_analysis/bin/simple_scrub.jl:57
┌ Info: All entries for row 327 are missing, removing
└ @ Main /Users/ksb/repos/lab_repos/echo_analysis/bin/simple_scrub.jl:57
┌ Info: All entries for row 328 are missing, removing
└ @ Main /Users/ksb/repos/lab_repos/echo_analysis/bin/simple_scrub.jl:57
┌ Info: All entries for row 502 are missing, removing
└ @ Main /Users/ksb/repos/lab_repos/echo_analysis/bin/simple_scrub.jl:57
┌ Info: All entries for row 503 are missing, removing
└ @ Main /Users/ksb/repos/lab_repos/echo_analysis/bin/simple_scrub.jl:57
┌ Info: All entries for row 537 are missing, removing
└ @ Main /Users/ksb/repos/lab_repos/echo_analysis/bin/simple_scrub.jl:57
┌ Info: All entries for row 559 are missing, removing
└ @ Main /Users/ksb/repos/lab_repos/echo_analysis/bin/simple_scrub.jl:57
┌ Info: All entries for row 588 are missing, removing
└ @ Main /Users/ksb/repos/lab_repos/echo_analysis/bin/simple_scrub.jl:57
┌ Info: All entries for row 589 are missing, removing
└ @ Main /Users/ksb/repos/lab_repos/echo_analysis/bin/simple_scrub.jl:57
┌ Info: All entries for row 590 are missing, removing
└ @ Main /Users/ksb/repos/lab_repos/echo_analysis/bin/simple_scrub.jl:57
┌ Info: All entries for row 635 are missing, removing
└ @ Main /Users/ksb/repos/lab_repos/echo_analysis/bin/simple_scrub.jl:57
┌ Info: All entries for row 636 are missing, removing
└ @ Main /Users/ksb/repos/lab_repos/echo_analysis/bin/simple_scrub.jl:57
┌ Info: All entries for row 693 are missing, removing
└ @ Main /Users/ksb/repos/lab_repos/echo_analysis/bin/simple_scrub.jl:57
┌ Info: All entries for row 694 are missing, removing
└ @ Main /Users/ksb/repos/lab_repos/echo_analysis/bin/simple_scrub.jl:57
┌ Info: All entries for row 703 are missing, removing
└ @ Main /Users/ksb/repos/lab_repos/echo_analysis/bin/simple_scrub.jl:57
┌ Info: All entries for row 755 are missing, removing
└ @ Main /Users/ksb/repos/lab_repos/echo_analysis/bin/simple_scrub.jl:57
┌ Info: All entries for row 756 are missing, removing
└ @ Main /Users/ksb/repos/lab_repos/echo_analysis/bin/simple_scrub.jl:57
┌ Info: All entries for row 792 are missing, removing
└ @ Main /Users/ksb/repos/lab_repos/echo_analysis/bin/simple_scrub.jl:57
┌ Info: All entries for row 802 are missing, removing
└ @ Main /Users/ksb/repos/lab_repos/echo_analysis/bin/simple_scrub.jl:57
┌ Info: All entries for row 852 are missing, removing
└ @ Main /Users/ksb/repos/lab_repos/echo_analysis/bin/simple_scrub.jl:57
┌ Info: All entries for row 855 are missing, removing
└ @ Main /Users/ksb/repos/lab_repos/echo_analysis/bin/simple_scrub.jl:57
┌ Info: All entries for row 856 are missing, removing
└ @ Main /Users/ksb/repos/lab_repos/echo_analysis/bin/simple_scrub.jl:57
┌ Info: All entries for row 857 are missing, removing
└ @ Main /Users/ksb/repos/lab_repos/echo_analysis/bin/simple_scrub.jl:57
┌ Info: All entries for row 923 are missing, removing
└ @ Main /Users/ksb/repos/lab_repos/echo_analysis/bin/simple_scrub.jl:57
┌ Info: All entries for row 947 are missing, removing
└ @ Main /Users/ksb/repos/lab_repos/echo_analysis/bin/simple_scrub.jl:57
┌ Info: All entries for row 948 are missing, removing
└ @ Main /Users/ksb/repos/lab_repos/echo_analysis/bin/simple_scrub.jl:57
┌ Info: All entries for row 987 are missing, removing
└ @ Main /Users/ksb/repos/lab_repos/echo_analysis/bin/simple_scrub.jl:57
┌ Info: All entries for row 988 are missing, removing
└ @ Main /Users/ksb/repos/lab_repos/echo_analysis/bin/simple_scrub.jl:57
┌ Info: All entries for row 989 are missing, removing
└ @ Main /Users/ksb/repos/lab_repos/echo_analysis/bin/simple_scrub.jl:57
┌ Info: All entries for row 990 are missing, removing
└ @ Main /Users/ksb/repos/lab_repos/echo_analysis/bin/simple_scrub.jl:57
┌ Info: All entries for row 1045 are missing, removing
└ @ Main /Users/ksb/repos/lab_repos/echo_analysis/bin/simple_scrub.jl:57
┌ Info: All entries for row 1046 are missing, removing
└ @ Main /Users/ksb/repos/lab_repos/echo_analysis/bin/simple_scrub.jl:57
┌ Info: All entries for row 1069 are missing, removing
└ @ Main /Users/ksb/repos/lab_repos/echo_analysis/bin/simple_scrub.jl:57
┌ Info: All entries for row 1101 are missing, removing
└ @ Main /Users/ksb/repos/lab_repos/echo_analysis/bin/simple_scrub.jl:57
┌ Info: All entries for row 1111 are missing, removing
└ @ Main /Users/ksb/repos/lab_repos/echo_analysis/bin/simple_scrub.jl:57
┌ Info: All entries for row 1115 are missing, removing
└ @ Main /Users/ksb/repos/lab_repos/echo_analysis/bin/simple_scrub.jl:57
┌ Info: All entries for row 1173 are missing, removing
└ @ Main /Users/ksb/repos/lab_repos/echo_analysis/bin/simple_scrub.jl:57
┌ Info: All entries for row 1189 are missing, removing
└ @ Main /Users/ksb/repos/lab_repos/echo_analysis/bin/simple_scrub.jl:57
┌ Info: All entries for row 1194 are missing, removing
└ @ Main /Users/ksb/repos/lab_repos/echo_analysis/bin/simple_scrub.jl:57
┌ Info: All entries for row 1198 are missing, removing
└ @ Main /Users/ksb/repos/lab_repos/echo_analysis/bin/simple_scrub.jl:57
┌ Info: All entries for row 1218 are missing, removing
└ @ Main /Users/ksb/repos/lab_repos/echo_analysis/bin/simple_scrub.jl:57
┌ Info: All entries for row 1223 are missing, removing
└ @ Main /Users/ksb/repos/lab_repos/echo_analysis/bin/simple_scrub.jl:57
┌ Info: All entries for row 1246 are missing, removing
└ @ Main /Users/ksb/repos/lab_repos/echo_analysis/bin/simple_scrub.jl:57
┌ Info: All entries for row 1248 are missing, removing
└ @ Main /Users/ksb/repos/lab_repos/echo_analysis/bin/simple_scrub.jl:57
┌ Info: All entries for row 1269 are missing, removing
└ @ Main /Users/ksb/repos/lab_repos/echo_analysis/bin/simple_scrub.jl:57
┌ Info: All entries for row 1270 are missing, removing
└ @ Main /Users/ksb/repos/lab_repos/echo_analysis/bin/simple_scrub.jl:57
┌ Info: All entries for row 1271 are missing, removing
└ @ Main /Users/ksb/repos/lab_repos/echo_analysis/bin/simple_scrub.jl:57
┌ Info: All entries for row 1272 are missing, removing
└ @ Main /Users/ksb/repos/lab_repos/echo_analysis/bin/simple_scrub.jl:57
┌ Info: All entries for row 1273 are missing, removing
└ @ Main /Users/ksb/repos/lab_repos/echo_analysis/bin/simple_scrub.jl:57
┌ Info: All entries for row 1274 are missing, removing
└ @ Main /Users/ksb/repos/lab_repos/echo_analysis/bin/simple_scrub.jl:57
┌ Info: All entries for row 1276 are missing, removing
└ @ Main /Users/ksb/repos/lab_repos/echo_analysis/bin/simple_scrub.jl:57
┌ Info: All entries for row 1280 are missing, removing
└ @ Main /Users/ksb/repos/lab_repos/echo_analysis/bin/simple_scrub.jl:57
┌ Info: All entries for row 1281 are missing, removing
└ @ Main /Users/ksb/repos/lab_repos/echo_analysis/bin/simple_scrub.jl:57
┌ Info: All entries for row 1282 are missing, removing
└ @ Main /Users/ksb/repos/lab_repos/echo_analysis/bin/simple_scrub.jl:57
┌ Info: All entries for row 1286 are missing, removing
└ @ Main /Users/ksb/repos/lab_repos/echo_analysis/bin/simple_scrub.jl:57
┌ Info: All entries for row 1295 are missing, removing
└ @ Main /Users/ksb/repos/lab_repos/echo_analysis/bin/simple_scrub.jl:57
┌ Info: All entries for row 1296 are missing, removing
└ @ Main /Users/ksb/repos/lab_repos/echo_analysis/bin/simple_scrub.jl:57
┌ Info: All entries for row 1297 are missing, removing
└ @ Main /Users/ksb/repos/lab_repos/echo_analysis/bin/simple_scrub.jl:57
┌ Info: All entries for row 1306 are missing, removing
└ @ Main /Users/ksb/repos/lab_repos/echo_analysis/bin/simple_scrub.jl:57
┌ Info: All entries for row 1312 are missing, removing
└ @ Main /Users/ksb/repos/lab_repos/echo_analysis/bin/simple_scrub.jl:57
┌ Info: All entries for row 1313 are missing, removing
└ @ Main /Users/ksb/repos/lab_repos/echo_analysis/bin/simple_scrub.jl:57
┌ Info: All entries for row 1314 are missing, removing
└ @ Main /Users/ksb/repos/lab_repos/echo_analysis/bin/simple_scrub.jl:57
┌ Info: All entries for row 1324 are missing, removing
└ @ Main /Users/ksb/repos/lab_repos/echo_analysis/bin/simple_scrub.jl:57
┌ Info: All entries for row 1329 are missing, removing
└ @ Main /Users/ksb/repos/lab_repos/echo_analysis/bin/simple_scrub.jl:57
┌ Info: All entries for row 1341 are missing, removing
└ @ Main /Users/ksb/repos/lab_repos/echo_analysis/bin/simple_scrub.jl:57
┌ Info: All entries for row 1342 are missing, removing
└ @ Main /Users/ksb/repos/lab_repos/echo_analysis/bin/simple_scrub.jl:57
┌ Info: All entries for row 1348 are missing, removing
└ @ Main /Users/ksb/repos/lab_repos/echo_analysis/bin/simple_scrub.jl:57
┌ Info: All entries for row 1350 are missing, removing
└ @ Main /Users/ksb/repos/lab_repos/echo_analysis/bin/simple_scrub.jl:57
┌ Info: All entries for row 1351 are missing, removing
└ @ Main /Users/ksb/repos/lab_repos/echo_analysis/bin/simple_scrub.jl:57
┌ Info: All entries for row 1352 are missing, removing
└ @ Main /Users/ksb/repos/lab_repos/echo_analysis/bin/simple_scrub.jl:57
┌ Info: All entries for row 1354 are missing, removing
└ @ Main /Users/ksb/repos/lab_repos/echo_analysis/bin/simple_scrub.jl:57
┌ Info: All entries for row 1357 are missing, removing
└ @ Main /Users/ksb/repos/lab_repos/echo_analysis/bin/simple_scrub.jl:57
┌ Info: All entries for row 1358 are missing, removing
└ @ Main /Users/ksb/repos/lab_repos/echo_analysis/bin/simple_scrub.jl:57
┌ Info: All entries for row 1360 are missing, removing
└ @ Main /Users/ksb/repos/lab_repos/echo_analysis/bin/simple_scrub.jl:57
┌ Info: All entries for row 1361 are missing, removing
└ @ Main /Users/ksb/repos/lab_repos/echo_analysis/bin/simple_scrub.jl:57
┌ Info: All entries for row 1362 are missing, removing
└ @ Main /Users/ksb/repos/lab_repos/echo_analysis/bin/simple_scrub.jl:57
┌ Info: All entries for row 1363 are missing, removing
└ @ Main /Users/ksb/repos/lab_repos/echo_analysis/bin/simple_scrub.jl:57
┌ Info: All entries for row 1368 are missing, removing
└ @ Main /Users/ksb/repos/lab_repos/echo_analysis/bin/simple_scrub.jl:57
┌ Info: All entries for row 1370 are missing, removing
└ @ Main /Users/ksb/repos/lab_repos/echo_analysis/bin/simple_scrub.jl:57
┌ Info: All entries for row 1377 are missing, removing
└ @ Main /Users/ksb/repos/lab_repos/echo_analysis/bin/simple_scrub.jl:57
┌ Info: All entries for row 1384 are missing, removing
└ @ Main /Users/ksb/repos/lab_repos/echo_analysis/bin/simple_scrub.jl:57
┌ Info: All entries for row 1387 are missing, removing
└ @ Main /Users/ksb/repos/lab_repos/echo_analysis/bin/simple_scrub.jl:57
┌ Info: All entries for row 1388 are missing, removing
└ @ Main /Users/ksb/repos/lab_repos/echo_analysis/bin/simple_scrub.jl:57
┌ Info: All entries for row 1397 are missing, removing
└ @ Main /Users/ksb/repos/lab_repos/echo_analysis/bin/simple_scrub.jl:57
┌ Info: All entries for row 1401 are missing, removing
└ @ Main /Users/ksb/repos/lab_repos/echo_analysis/bin/simple_scrub.jl:57
┌ Info: All entries for row 1402 are missing, removing
└ @ Main /Users/ksb/repos/lab_repos/echo_analysis/bin/simple_scrub.jl:57
┌ Info: All entries for row 1407 are missing, removing
└ @ Main /Users/ksb/repos/lab_repos/echo_analysis/bin/simple_scrub.jl:57
┌ Info: All entries for row 1413 are missing, removing
└ @ Main /Users/ksb/repos/lab_repos/echo_analysis/bin/simple_scrub.jl:57
┌ Info: All entries for row 1414 are missing, removing
└ @ Main /Users/ksb/repos/lab_repos/echo_analysis/bin/simple_scrub.jl:57
┌ Info: All entries for row 1415 are missing, removing
└ @ Main /Users/ksb/repos/lab_repos/echo_analysis/bin/simple_scrub.jl:57
┌ Info: All entries for row 1419 are missing, removing
└ @ Main /Users/ksb/repos/lab_repos/echo_analysis/bin/simple_scrub.jl:57
┌ Info: All entries for row 1427 are missing, removing
└ @ Main /Users/ksb/repos/lab_repos/echo_analysis/bin/simple_scrub.jl:57
┌ Info: All entries for row 1428 are missing, removing
└ @ Main /Users/ksb/repos/lab_repos/echo_analysis/bin/simple_scrub.jl:57
┌ Info: All entries for row 1431 are missing, removing
└ @ Main /Users/ksb/repos/lab_repos/echo_analysis/bin/simple_scrub.jl:57
┌ Info: All entries for row 1436 are missing, removing
└ @ Main /Users/ksb/repos/lab_repos/echo_analysis/bin/simple_scrub.jl:57
┌ Info: All entries for row 1437 are missing, removing
└ @ Main /Users/ksb/repos/lab_repos/echo_analysis/bin/simple_scrub.jl:57
┌ Info: All entries for row 1438 are missing, removing
└ @ Main /Users/ksb/repos/lab_repos/echo_analysis/bin/simple_scrub.jl:57
┌ Info: All entries for row 1440 are missing, removing
└ @ Main /Users/ksb/repos/lab_repos/echo_analysis/bin/simple_scrub.jl:57
┌ Info: All entries for row 1441 are missing, removing
└ @ Main /Users/ksb/repos/lab_repos/echo_analysis/bin/simple_scrub.jl:57
┌ Info: All entries for row 1443 are missing, removing
└ @ Main /Users/ksb/repos/lab_repos/echo_analysis/bin/simple_scrub.jl:57
┌ Info: All entries for row 1444 are missing, removing
└ @ Main /Users/ksb/repos/lab_repos/echo_analysis/bin/simple_scrub.jl:57
┌ Info: All entries for row 1445 are missing, removing
└ @ Main /Users/ksb/repos/lab_repos/echo_analysis/bin/simple_scrub.jl:57
┌ Info: All entries for row 1464 are missing, removing
└ @ Main /Users/ksb/repos/lab_repos/echo_analysis/bin/simple_scrub.jl:57
┌ Info: All entries for row 1465 are missing, removing
└ @ Main /Users/ksb/repos/lab_repos/echo_analysis/bin/simple_scrub.jl:57
┌ Info: All entries for row 1467 are missing, removing
└ @ Main /Users/ksb/repos/lab_repos/echo_analysis/bin/simple_scrub.jl:57
┌ Info: All entries for row 1473 are missing, removing
└ @ Main /Users/ksb/repos/lab_repos/echo_analysis/bin/simple_scrub.jl:57
┌ Info: All entries for row 1477 are missing, removing
└ @ Main /Users/ksb/repos/lab_repos/echo_analysis/bin/simple_scrub.jl:57
┌ Info: All entries for row 1478 are missing, removing
└ @ Main /Users/ksb/repos/lab_repos/echo_analysis/bin/simple_scrub.jl:57
┌ Info: All entries for row 1479 are missing, removing
└ @ Main /Users/ksb/repos/lab_repos/echo_analysis/bin/simple_scrub.jl:57
┌ Info: All entries for row 1484 are missing, removing
└ @ Main /Users/ksb/repos/lab_repos/echo_analysis/bin/simple_scrub.jl:57
┌ Info: All entries for row 1488 are missing, removing
└ @ Main /Users/ksb/repos/lab_repos/echo_analysis/bin/simple_scrub.jl:57
┌ Info: All entries for row 1489 are missing, removing
└ @ Main /Users/ksb/repos/lab_repos/echo_analysis/bin/simple_scrub.jl:57
┌ Info: All entries for row 1490 are missing, removing
└ @ Main /Users/ksb/repos/lab_repos/echo_analysis/bin/simple_scrub.jl:57
┌ Info: All entries for row 1495 are missing, removing
└ @ Main /Users/ksb/repos/lab_repos/echo_analysis/bin/simple_scrub.jl:57
┌ Info: All entries for row 1496 are missing, removing
└ @ Main /Users/ksb/repos/lab_repos/echo_analysis/bin/simple_scrub.jl:57
┌ Info: All entries for row 1497 are missing, removing
└ @ Main /Users/ksb/repos/lab_repos/echo_analysis/bin/simple_scrub.jl:57
┌ Info: All entries for row 1502 are missing, removing
└ @ Main /Users/ksb/repos/lab_repos/echo_analysis/bin/simple_scrub.jl:57
┌ Info: All entries for row 1503 are missing, removing
└ @ Main /Users/ksb/repos/lab_repos/echo_analysis/bin/simple_scrub.jl:57
┌ Info: All entries for row 1504 are missing, removing
└ @ Main /Users/ksb/repos/lab_repos/echo_analysis/bin/simple_scrub.jl:57
┌ Info: All entries for row 1505 are missing, removing
└ @ Main /Users/ksb/repos/lab_repos/echo_analysis/bin/simple_scrub.jl:57
┌ Info: All entries for row 1506 are missing, removing
└ @ Main /Users/ksb/repos/lab_repos/echo_analysis/bin/simple_scrub.jl:57
┌ Info: All entries for row 1507 are missing, removing
└ @ Main /Users/ksb/repos/lab_repos/echo_analysis/bin/simple_scrub.jl:57
┌ Info: All entries for row 1508 are missing, removing
└ @ Main /Users/ksb/repos/lab_repos/echo_analysis/bin/simple_scrub.jl:57
┌ Info: All entries for row 1509 are missing, removing
└ @ Main /Users/ksb/repos/lab_repos/echo_analysis/bin/simple_scrub.jl:57
┌ Info: All entries for row 1510 are missing, removing
└ @ Main /Users/ksb/repos/lab_repos/echo_analysis/bin/simple_scrub.jl:57
┌ Info: All entries for row 1512 are missing, removing
└ @ Main /Users/ksb/repos/lab_repos/echo_analysis/bin/simple_scrub.jl:57
┌ Info: All entries for row 1513 are missing, removing
└ @ Main /Users/ksb/repos/lab_repos/echo_analysis/bin/simple_scrub.jl:57
┌ Info: All entries for row 1514 are missing, removing
└ @ Main /Users/ksb/repos/lab_repos/echo_analysis/bin/simple_scrub.jl:57
┌ Info: All entries for row 1515 are missing, removing
└ @ Main /Users/ksb/repos/lab_repos/echo_analysis/bin/simple_scrub.jl:57
┌ Info: All entries for row 1517 are missing, removing
└ @ Main /Users/ksb/repos/lab_repos/echo_analysis/bin/simple_scrub.jl:57
┌ Info: All entries for row 1518 are missing, removing
└ @ Main /Users/ksb/repos/lab_repos/echo_analysis/bin/simple_scrub.jl:57
┌ Info: All entries for row 1519 are missing, removing
└ @ Main /Users/ksb/repos/lab_repos/echo_analysis/bin/simple_scrub.jl:57
┌ Info: All entries for row 1520 are missing, removing
└ @ Main /Users/ksb/repos/lab_repos/echo_analysis/bin/simple_scrub.jl:57
┌ Info: All entries for row 1521 are missing, removing
└ @ Main /Users/ksb/repos/lab_repos/echo_analysis/bin/simple_scrub.jl:57
┌ Info: All entries for row 1522 are missing, removing
└ @ Main /Users/ksb/repos/lab_repos/echo_analysis/bin/simple_scrub.jl:57
┌ Info: All entries for row 1523 are missing, removing
└ @ Main /Users/ksb/repos/lab_repos/echo_analysis/bin/simple_scrub.jl:57
┌ Info: All entries for row 1524 are missing, removing
└ @ Main /Users/ksb/repos/lab_repos/echo_analysis/bin/simple_scrub.jl:57
┌ Info: All entries for row 1525 are missing, removing
└ @ Main /Users/ksb/repos/lab_repos/echo_analysis/bin/simple_scrub.jl:57
┌ Info: All entries for row 1526 are missing, removing
└ @ Main /Users/ksb/repos/lab_repos/echo_analysis/bin/simple_scrub.jl:57
┌ Info: All entries for row 1527 are missing, removing
└ @ Main /Users/ksb/repos/lab_repos/echo_analysis/bin/simple_scrub.jl:57
┌ Info: All entries for row 1528 are missing, removing
└ @ Main /Users/ksb/repos/lab_repos/echo_analysis/bin/simple_scrub.jl:57
┌ Info: All entries for row 1529 are missing, removing
└ @ Main /Users/ksb/repos/lab_repos/echo_analysis/bin/simple_scrub.jl:57
┌ Info: All entries for row 1530 are missing, removing
└ @ Main /Users/ksb/repos/lab_repos/echo_analysis/bin/simple_scrub.jl:57
┌ Info: All entries for row 1531 are missing, removing
└ @ Main /Users/ksb/repos/lab_repos/echo_analysis/bin/simple_scrub.jl:57
┌ Info: All entries for row 1532 are missing, removing
└ @ Main /Users/ksb/repos/lab_repos/echo_analysis/bin/simple_scrub.jl:57
┌ Info: All entries for row 1533 are missing, removing
└ @ Main /Users/ksb/repos/lab_repos/echo_analysis/bin/simple_scrub.jl:57
┌ Info: All entries for row 1534 are missing, removing
└ @ Main /Users/ksb/repos/lab_repos/echo_analysis/bin/simple_scrub.jl:57
┌ Info: All entries for row 1535 are missing, removing
└ @ Main /Users/ksb/repos/lab_repos/echo_analysis/bin/simple_scrub.jl:57
┌ Info: All entries for row 1536 are missing, removing
└ @ Main /Users/ksb/repos/lab_repos/echo_analysis/bin/simple_scrub.jl:57
┌ Info: All entries for row 1537 are missing, removing
└ @ Main /Users/ksb/repos/lab_repos/echo_analysis/bin/simple_scrub.jl:57
┌ Info: All entries for row 1538 are missing, removing
└ @ Main /Users/ksb/repos/lab_repos/echo_analysis/bin/simple_scrub.jl:57
┌ Info: All entries for row 1539 are missing, removing
└ @ Main /Users/ksb/repos/lab_repos/echo_analysis/bin/simple_scrub.jl:57
┌ Info: All entries for row 1543 are missing, removing
└ @ Main /Users/ksb/repos/lab_repos/echo_analysis/bin/simple_scrub.jl:57
┌ Info: All entries for row 1544 are missing, removing
└ @ Main /Users/ksb/repos/lab_repos/echo_analysis/bin/simple_scrub.jl:57
┌ Info: All entries for row 1545 are missing, removing
└ @ Main /Users/ksb/repos/lab_repos/echo_analysis/bin/simple_scrub.jl:57
┌ Info: All entries for row 1546 are missing, removing
└ @ Main /Users/ksb/repos/lab_repos/echo_analysis/bin/simple_scrub.jl:57
┌ Info: All entries for row 1547 are missing, removing
└ @ Main /Users/ksb/repos/lab_repos/echo_analysis/bin/simple_scrub.jl:57
┌ Info: All entries for row 1548 are missing, removing
└ @ Main /Users/ksb/repos/lab_repos/echo_analysis/bin/simple_scrub.jl:57
┌ Info: All entries for row 1549 are missing, removing
└ @ Main /Users/ksb/repos/lab_repos/echo_analysis/bin/simple_scrub.jl:57
┌ Info: All entries for row 1550 are missing, removing
└ @ Main /Users/ksb/repos/lab_repos/echo_analysis/bin/simple_scrub.jl:57
┌ Info: All entries for row 1556 are missing, removing
└ @ Main /Users/ksb/repos/lab_repos/echo_analysis/bin/simple_scrub.jl:57
┌ Info: All entries for row 1557 are missing, removing
└ @ Main /Users/ksb/repos/lab_repos/echo_analysis/bin/simple_scrub.jl:57
┌ Info: All entries for row 1558 are missing, removing
└ @ Main /Users/ksb/repos/lab_repos/echo_analysis/bin/simple_scrub.jl:57
┌ Info: All entries for row 1559 are missing, removing
└ @ Main /Users/ksb/repos/lab_repos/echo_analysis/bin/simple_scrub.jl:57
┌ Info: All entries for row 1560 are missing, removing
└ @ Main /Users/ksb/repos/lab_repos/echo_analysis/bin/simple_scrub.jl:57
┌ Info: All entries for row 1561 are missing, removing
└ @ Main /Users/ksb/repos/lab_repos/echo_analysis/bin/simple_scrub.jl:57
┌ Info: All entries for row 1562 are missing, removing
└ @ Main /Users/ksb/repos/lab_repos/echo_analysis/bin/simple_scrub.jl:57
┌ Info: All entries for row 1563 are missing, removing
└ @ Main /Users/ksb/repos/lab_repos/echo_analysis/bin/simple_scrub.jl:57
┌ Info: All entries for row 1564 are missing, removing
└ @ Main /Users/ksb/repos/lab_repos/echo_analysis/bin/simple_scrub.jl:57
┌ Info: All entries for row 1565 are missing, removing
└ @ Main /Users/ksb/repos/lab_repos/echo_analysis/bin/simple_scrub.jl:57
┌ Info: All entries for row 1566 are missing, removing
└ @ Main /Users/ksb/repos/lab_repos/echo_analysis/bin/simple_scrub.jl:57
┌ Info: All entries for row 1567 are missing, removing
└ @ Main /Users/ksb/repos/lab_repos/echo_analysis/bin/simple_scrub.jl:57
┌ Info: All entries for row 1568 are missing, removing
└ @ Main /Users/ksb/repos/lab_repos/echo_analysis/bin/simple_scrub.jl:57
┌ Info: All entries for row 1569 are missing, removing
└ @ Main /Users/ksb/repos/lab_repos/echo_analysis/bin/simple_scrub.jl:57
┌ Info: All entries for row 1570 are missing, removing
└ @ Main /Users/ksb/repos/lab_repos/echo_analysis/bin/simple_scrub.jl:57
┌ Info: All entries for row 1571 are missing, removing
└ @ Main /Users/ksb/repos/lab_repos/echo_analysis/bin/simple_scrub.jl:57
┌ Info: All entries for row 1572 are missing, removing
└ @ Main /Users/ksb/repos/lab_repos/echo_analysis/bin/simple_scrub.jl:57
┌ Info: All entries for row 1573 are missing, removing
└ @ Main /Users/ksb/repos/lab_repos/echo_analysis/bin/simple_scrub.jl:57
┌ Info: All entries for row 1574 are missing, removing
└ @ Main /Users/ksb/repos/lab_repos/echo_analysis/bin/simple_scrub.jl:57
┌ Info: All entries for row 1575 are missing, removing
└ @ Main /Users/ksb/repos/lab_repos/echo_analysis/bin/simple_scrub.jl:57
┌ Info: All entries for row 1576 are missing, removing
└ @ Main /Users/ksb/repos/lab_repos/echo_analysis/bin/simple_scrub.jl:57
┌ Info: All entries for row 1577 are missing, removing
└ @ Main /Users/ksb/repos/lab_repos/echo_analysis/bin/simple_scrub.jl:57
┌ Info: All entries for row 1578 are missing, removing
└ @ Main /Users/ksb/repos/lab_repos/echo_analysis/bin/simple_scrub.jl:57
┌ Info: All entries for row 1579 are missing, removing
└ @ Main /Users/ksb/repos/lab_repos/echo_analysis/bin/simple_scrub.jl:57
┌ Info: All entries for row 1580 are missing, removing
└ @ Main /Users/ksb/repos/lab_repos/echo_analysis/bin/simple_scrub.jl:57
┌ Info: All entries for row 1581 are missing, removing
└ @ Main /Users/ksb/repos/lab_repos/echo_analysis/bin/simple_scrub.jl:57
┌ Info: All entries for row 1582 are missing, removing
└ @ Main /Users/ksb/repos/lab_repos/echo_analysis/bin/simple_scrub.jl:57
┌ Info: All entries for row 1583 are missing, removing
└ @ Main /Users/ksb/repos/lab_repos/echo_analysis/bin/simple_scrub.jl:57
┌ Info: All entries for row 1584 are missing, removing
└ @ Main /Users/ksb/repos/lab_repos/echo_analysis/bin/simple_scrub.jl:57
┌ Info: All entries for row 1585 are missing, removing
└ @ Main /Users/ksb/repos/lab_repos/echo_analysis/bin/simple_scrub.jl:57
┌ Info: All entries for row 1586 are missing, removing
└ @ Main /Users/ksb/repos/lab_repos/echo_analysis/bin/simple_scrub.jl:57
┌ Info: All entries for row 1587 are missing, removing
└ @ Main /Users/ksb/repos/lab_repos/echo_analysis/bin/simple_scrub.jl:57
┌ Info: All entries for row 1588 are missing, removing
└ @ Main /Users/ksb/repos/lab_repos/echo_analysis/bin/simple_scrub.jl:57
┌ Info: All entries for row 1589 are missing, removing
└ @ Main /Users/ksb/repos/lab_repos/echo_analysis/bin/simple_scrub.jl:57
┌ Info: All entries for row 1590 are missing, removing
└ @ Main /Users/ksb/repos/lab_repos/echo_analysis/bin/simple_scrub.jl:57
┌ Info: All entries for row 1591 are missing, removing
└ @ Main /Users/ksb/repos/lab_repos/echo_analysis/bin/simple_scrub.jl:57
┌ Info: All entries for row 1594 are missing, removing
└ @ Main /Users/ksb/repos/lab_repos/echo_analysis/bin/simple_scrub.jl:57
┌ Info: All entries for row 1595 are missing, removing
└ @ Main /Users/ksb/repos/lab_repos/echo_analysis/bin/simple_scrub.jl:57
┌ Info: All entries for row 1596 are missing, removing
└ @ Main /Users/ksb/repos/lab_repos/echo_analysis/bin/simple_scrub.jl:57
┌ Info: All entries for row 1597 are missing, removing
└ @ Main /Users/ksb/repos/lab_repos/echo_analysis/bin/simple_scrub.jl:57
┌ Info: All entries for row 1598 are missing, removing
└ @ Main /Users/ksb/repos/lab_repos/echo_analysis/bin/simple_scrub.jl:57
┌ Info: All entries for row 1599 are missing, removing
└ @ Main /Users/ksb/repos/lab_repos/echo_analysis/bin/simple_scrub.jl:57
┌ Info: All entries for row 1600 are missing, removing
└ @ Main /Users/ksb/repos/lab_repos/echo_analysis/bin/simple_scrub.jl:57
┌ Info: All entries for row 1601 are missing, removing
└ @ Main /Users/ksb/repos/lab_repos/echo_analysis/bin/simple_scrub.jl:57
┌ Info: All entries for row 1602 are missing, removing
└ @ Main /Users/ksb/repos/lab_repos/echo_analysis/bin/simple_scrub.jl:57
┌ Info: All entries for row 1606 are missing, removing
└ @ Main /Users/ksb/repos/lab_repos/echo_analysis/bin/simple_scrub.jl:57
┌ Info: All entries for row 1607 are missing, removing
└ @ Main /Users/ksb/repos/lab_repos/echo_analysis/bin/simple_scrub.jl:57
┌ Info: All entries for row 1608 are missing, removing
└ @ Main /Users/ksb/repos/lab_repos/echo_analysis/bin/simple_scrub.jl:57
┌ Info: All entries for row 1615 are missing, removing
└ @ Main /Users/ksb/repos/lab_repos/echo_analysis/bin/simple_scrub.jl:57
┌ Info: All entries for row 1616 are missing, removing
└ @ Main /Users/ksb/repos/lab_repos/echo_analysis/bin/simple_scrub.jl:57
┌ Info: All entries for row 1624 are missing, removing
└ @ Main /Users/ksb/repos/lab_repos/echo_analysis/bin/simple_scrub.jl:57
┌ Info: All entries for row 1625 are missing, removing
└ @ Main /Users/ksb/repos/lab_repos/echo_analysis/bin/simple_scrub.jl:57
┌ Info: All entries for row 1626 are missing, removing
└ @ Main /Users/ksb/repos/lab_repos/echo_analysis/bin/simple_scrub.jl:57
┌ Info: All entries for row 1627 are missing, removing
└ @ Main /Users/ksb/repos/lab_repos/echo_analysis/bin/simple_scrub.jl:57
┌ Info: All entries for row 1628 are missing, removing
└ @ Main /Users/ksb/repos/lab_repos/echo_analysis/bin/simple_scrub.jl:57
┌ Info: All entries for row 1629 are missing, removing
└ @ Main /Users/ksb/repos/lab_repos/echo_analysis/bin/simple_scrub.jl:57
┌ Info: All entries for row 1630 are missing, removing
└ @ Main /Users/ksb/repos/lab_repos/echo_analysis/bin/simple_scrub.jl:57
┌ Info: All entries for row 1631 are missing, removing
└ @ Main /Users/ksb/repos/lab_repos/echo_analysis/bin/simple_scrub.jl:57
┌ Info: All entries for row 1632 are missing, removing
└ @ Main /Users/ksb/repos/lab_repos/echo_analysis/bin/simple_scrub.jl:57
┌ Info: All entries for row 1633 are missing, removing
└ @ Main /Users/ksb/repos/lab_repos/echo_analysis/bin/simple_scrub.jl:57
┌ Info: All entries for row 1635 are missing, removing
└ @ Main /Users/ksb/repos/lab_repos/echo_analysis/bin/simple_scrub.jl:57
┌ Info: All entries for row 1636 are missing, removing
└ @ Main /Users/ksb/repos/lab_repos/echo_analysis/bin/simple_scrub.jl:57
┌ Info: All entries for row 1637 are missing, removing
└ @ Main /Users/ksb/repos/lab_repos/echo_analysis/bin/simple_scrub.jl:57
┌ Info: All entries for row 1638 are missing, removing
└ @ Main /Users/ksb/repos/lab_repos/echo_analysis/bin/simple_scrub.jl:57
┌ Info: All entries for row 1639 are missing, removing
└ @ Main /Users/ksb/repos/lab_repos/echo_analysis/bin/simple_scrub.jl:57
┌ Info: All entries for row 1640 are missing, removing
└ @ Main /Users/ksb/repos/lab_repos/echo_analysis/bin/simple_scrub.jl:57
┌ Info: All entries for row 1644 are missing, removing
└ @ Main /Users/ksb/repos/lab_repos/echo_analysis/bin/simple_scrub.jl:57
┌ Info: All entries for row 1647 are missing, removing
└ @ Main /Users/ksb/repos/lab_repos/echo_analysis/bin/simple_scrub.jl:57
┌ Info: All entries for row 1648 are missing, removing
└ @ Main /Users/ksb/repos/lab_repos/echo_analysis/bin/simple_scrub.jl:57
┌ Info: All entries for row 1649 are missing, removing
└ @ Main /Users/ksb/repos/lab_repos/echo_analysis/bin/simple_scrub.jl:57
┌ Info: All entries for row 1650 are missing, removing
└ @ Main /Users/ksb/repos/lab_repos/echo_analysis/bin/simple_scrub.jl:57
┌ Info: All entries for row 1651 are missing, removing
└ @ Main /Users/ksb/repos/lab_repos/echo_analysis/bin/simple_scrub.jl:57
┌ Info: All entries for row 1652 are missing, removing
└ @ Main /Users/ksb/repos/lab_repos/echo_analysis/bin/simple_scrub.jl:57
┌ Info: All entries for row 1653 are missing, removing
└ @ Main /Users/ksb/repos/lab_repos/echo_analysis/bin/simple_scrub.jl:57
┌ Info: All entries for row 1656 are missing, removing
└ @ Main /Users/ksb/repos/lab_repos/echo_analysis/bin/simple_scrub.jl:57
┌ Info: All entries for row 1659 are missing, removing
└ @ Main /Users/ksb/repos/lab_repos/echo_analysis/bin/simple_scrub.jl:57
┌ Info: All entries for row 1660 are missing, removing
└ @ Main /Users/ksb/repos/lab_repos/echo_analysis/bin/simple_scrub.jl:57
┌ Info: All entries for row 1661 are missing, removing
└ @ Main /Users/ksb/repos/lab_repos/echo_analysis/bin/simple_scrub.jl:57
┌ Info: All entries for row 1662 are missing, removing
└ @ Main /Users/ksb/repos/lab_repos/echo_analysis/bin/simple_scrub.jl:57
┌ Info: All entries for row 1663 are missing, removing
└ @ Main /Users/ksb/repos/lab_repos/echo_analysis/bin/simple_scrub.jl:57
┌ Info: All entries for row 1666 are missing, removing
└ @ Main /Users/ksb/repos/lab_repos/echo_analysis/bin/simple_scrub.jl:57
┌ Info: All entries for row 1667 are missing, removing
└ @ Main /Users/ksb/repos/lab_repos/echo_analysis/bin/simple_scrub.jl:57
┌ Info: All entries for row 1668 are missing, removing
└ @ Main /Users/ksb/repos/lab_repos/echo_analysis/bin/simple_scrub.jl:57
┌ Info: All entries for row 1669 are missing, removing
└ @ Main /Users/ksb/repos/lab_repos/echo_analysis/bin/simple_scrub.jl:57
┌ Info: All entries for row 1670 are missing, removing
└ @ Main /Users/ksb/repos/lab_repos/echo_analysis/bin/simple_scrub.jl:57
┌ Info: All entries for row 1671 are missing, removing
└ @ Main /Users/ksb/repos/lab_repos/echo_analysis/bin/simple_scrub.jl:57
┌ Info: All entries for row 1672 are missing, removing
└ @ Main /Users/ksb/repos/lab_repos/echo_analysis/bin/simple_scrub.jl:57
┌ Info: All entries for row 1673 are missing, removing
└ @ Main /Users/ksb/repos/lab_repos/echo_analysis/bin/simple_scrub.jl:57
┌ Info: All entries for row 1674 are missing, removing
└ @ Main /Users/ksb/repos/lab_repos/echo_analysis/bin/simple_scrub.jl:57
┌ Info: All entries for row 1675 are missing, removing
└ @ Main /Users/ksb/repos/lab_repos/echo_analysis/bin/simple_scrub.jl:57
┌ Info: All entries for row 1676 are missing, removing
└ @ Main /Users/ksb/repos/lab_repos/echo_analysis/bin/simple_scrub.jl:57
┌ Info: All entries for row 1677 are missing, removing
└ @ Main /Users/ksb/repos/lab_repos/echo_analysis/bin/simple_scrub.jl:57
┌ Info: All entries for row 1678 are missing, removing
└ @ Main /Users/ksb/repos/lab_repos/echo_analysis/bin/simple_scrub.jl:57
┌ Info: All entries for row 1679 are missing, removing
└ @ Main /Users/ksb/repos/lab_repos/echo_analysis/bin/simple_scrub.jl:57
┌ Info: All entries for row 1680 are missing, removing
└ @ Main /Users/ksb/repos/lab_repos/echo_analysis/bin/simple_scrub.jl:57
┌ Info: All entries for row 1681 are missing, removing
└ @ Main /Users/ksb/repos/lab_repos/echo_analysis/bin/simple_scrub.jl:57
┌ Info: All entries for row 1682 are missing, removing
└ @ Main /Users/ksb/repos/lab_repos/echo_analysis/bin/simple_scrub.jl:57
┌ Info: All entries for row 1683 are missing, removing
└ @ Main /Users/ksb/repos/lab_repos/echo_analysis/bin/simple_scrub.jl:57
┌ Info: All entries for row 1684 are missing, removing
└ @ Main /Users/ksb/repos/lab_repos/echo_analysis/bin/simple_scrub.jl:57
┌ Info: All entries for row 1685 are missing, removing
└ @ Main /Users/ksb/repos/lab_repos/echo_analysis/bin/simple_scrub.jl:57
┌ Info: All entries for row 1686 are missing, removing
└ @ Main /Users/ksb/repos/lab_repos/echo_analysis/bin/simple_scrub.jl:57
┌ Info: All entries for row 1687 are missing, removing
└ @ Main /Users/ksb/repos/lab_repos/echo_analysis/bin/simple_scrub.jl:57
┌ Info: All entries for row 1688 are missing, removing
└ @ Main /Users/ksb/repos/lab_repos/echo_analysis/bin/simple_scrub.jl:57
┌ Info: All entries for row 1689 are missing, removing
└ @ Main /Users/ksb/repos/lab_repos/echo_analysis/bin/simple_scrub.jl:57
┌ Info: All entries for row 1690 are missing, removing
└ @ Main /Users/ksb/repos/lab_repos/echo_analysis/bin/simple_scrub.jl:57
┌ Info: All entries for row 1691 are missing, removing
└ @ Main /Users/ksb/repos/lab_repos/echo_analysis/bin/simple_scrub.jl:57
┌ Info: All entries for row 1692 are missing, removing
└ @ Main /Users/ksb/repos/lab_repos/echo_analysis/bin/simple_scrub.jl:57
┌ Info: All entries for row 1693 are missing, removing
└ @ Main /Users/ksb/repos/lab_repos/echo_analysis/bin/simple_scrub.jl:57
┌ Info: All entries for row 1694 are missing, removing
└ @ Main /Users/ksb/repos/lab_repos/echo_analysis/bin/simple_scrub.jl:57
┌ Info: All entries for row 1695 are missing, removing
└ @ Main /Users/ksb/repos/lab_repos/echo_analysis/bin/simple_scrub.jl:57
┌ Info: All entries for row 1696 are missing, removing
└ @ Main /Users/ksb/repos/lab_repos/echo_analysis/bin/simple_scrub.jl:57
┌ Info: All entries for row 1697 are missing, removing
└ @ Main /Users/ksb/repos/lab_repos/echo_analysis/bin/simple_scrub.jl:57
┌ Info: All entries for row 1698 are missing, removing
└ @ Main /Users/ksb/repos/lab_repos/echo_analysis/bin/simple_scrub.jl:57
┌ Info: All entries for row 1699 are missing, removing
└ @ Main /Users/ksb/repos/lab_repos/echo_analysis/bin/simple_scrub.jl:57
┌ Info: All entries for row 1700 are missing, removing
└ @ Main /Users/ksb/repos/lab_repos/echo_analysis/bin/simple_scrub.jl:57
┌ Info: All entries for row 1701 are missing, removing
└ @ Main /Users/ksb/repos/lab_repos/echo_analysis/bin/simple_scrub.jl:57
┌ Info: All entries for row 1702 are missing, removing
└ @ Main /Users/ksb/repos/lab_repos/echo_analysis/bin/simple_scrub.jl:57
┌ Info: All entries for row 1703 are missing, removing
└ @ Main /Users/ksb/repos/lab_repos/echo_analysis/bin/simple_scrub.jl:57
┌ Info: All entries for row 1704 are missing, removing
└ @ Main /Users/ksb/repos/lab_repos/echo_analysis/bin/simple_scrub.jl:57
┌ Info: All entries for row 1705 are missing, removing
└ @ Main /Users/ksb/repos/lab_repos/echo_analysis/bin/simple_scrub.jl:57
┌ Info: All entries for row 1706 are missing, removing
└ @ Main /Users/ksb/repos/lab_repos/echo_analysis/bin/simple_scrub.jl:57
┌ Info: All entries for row 1707 are missing, removing
└ @ Main /Users/ksb/repos/lab_repos/echo_analysis/bin/simple_scrub.jl:57
┌ Info: All entries for row 1708 are missing, removing
└ @ Main /Users/ksb/repos/lab_repos/echo_analysis/bin/simple_scrub.jl:57
┌ Info: All entries for row 1709 are missing, removing
└ @ Main /Users/ksb/repos/lab_repos/echo_analysis/bin/simple_scrub.jl:57
┌ Info: All entries for row 1710 are missing, removing
└ @ Main /Users/ksb/repos/lab_repos/echo_analysis/bin/simple_scrub.jl:57
┌ Info: All entries for row 1711 are missing, removing
└ @ Main /Users/ksb/repos/lab_repos/echo_analysis/bin/simple_scrub.jl:57
┌ Info: All entries for row 1712 are missing, removing
└ @ Main /Users/ksb/repos/lab_repos/echo_analysis/bin/simple_scrub.jl:57
┌ Info: All entries for row 1713 are missing, removing
└ @ Main /Users/ksb/repos/lab_repos/echo_analysis/bin/simple_scrub.jl:57
┌ Info: All entries for row 1714 are missing, removing
└ @ Main /Users/ksb/repos/lab_repos/echo_analysis/bin/simple_scrub.jl:57
┌ Info: All entries for row 1715 are missing, removing
└ @ Main /Users/ksb/repos/lab_repos/echo_analysis/bin/simple_scrub.jl:57
┌ Info: All entries for row 1716 are missing, removing
└ @ Main /Users/ksb/repos/lab_repos/echo_analysis/bin/simple_scrub.jl:57
┌ Info: All entries for row 1717 are missing, removing
└ @ Main /Users/ksb/repos/lab_repos/echo_analysis/bin/simple_scrub.jl:57
┌ Info: All entries for row 1718 are missing, removing
└ @ Main /Users/ksb/repos/lab_repos/echo_analysis/bin/simple_scrub.jl:57
┌ Info: All entries for row 1719 are missing, removing
└ @ Main /Users/ksb/repos/lab_repos/echo_analysis/bin/simple_scrub.jl:57
┌ Info: All entries for row 1720 are missing, removing
└ @ Main /Users/ksb/repos/lab_repos/echo_analysis/bin/simple_scrub.jl:57
┌ Info: All entries for row 1721 are missing, removing
└ @ Main /Users/ksb/repos/lab_repos/echo_analysis/bin/simple_scrub.jl:57
┌ Info: All entries for row 1722 are missing, removing
└ @ Main /Users/ksb/repos/lab_repos/echo_analysis/bin/simple_scrub.jl:57
┌ Info: All entries for row 1723 are missing, removing
└ @ Main /Users/ksb/repos/lab_repos/echo_analysis/bin/simple_scrub.jl:57
┌ Info: All entries for row 1724 are missing, removing
└ @ Main /Users/ksb/repos/lab_repos/echo_analysis/bin/simple_scrub.jl:57
┌ Info: All entries for row 1725 are missing, removing
└ @ Main /Users/ksb/repos/lab_repos/echo_analysis/bin/simple_scrub.jl:57
┌ Info: All entries for row 1726 are missing, removing
└ @ Main /Users/ksb/repos/lab_repos/echo_analysis/bin/simple_scrub.jl:57
┌ Info: All entries for row 1727 are missing, removing
└ @ Main /Users/ksb/repos/lab_repos/echo_analysis/bin/simple_scrub.jl:57
┌ Info: All entries for row 1728 are missing, removing
└ @ Main /Users/ksb/repos/lab_repos/echo_analysis/bin/simple_scrub.jl:57
┌ Info: All entries for row 1729 are missing, removing
└ @ Main /Users/ksb/repos/lab_repos/echo_analysis/bin/simple_scrub.jl:57
┌ Info: All entries for row 1730 are missing, removing
└ @ Main /Users/ksb/repos/lab_repos/echo_analysis/bin/simple_scrub.jl:57
┌ Info: All entries for row 1731 are missing, removing
└ @ Main /Users/ksb/repos/lab_repos/echo_analysis/bin/simple_scrub.jl:57
┌ Info: All entries for row 1732 are missing, removing
└ @ Main /Users/ksb/repos/lab_repos/echo_analysis/bin/simple_scrub.jl:57
┌ Info: All entries for row 1733 are missing, removing
└ @ Main /Users/ksb/repos/lab_repos/echo_analysis/bin/simple_scrub.jl:57
┌ Info: All entries for row 1734 are missing, removing
└ @ Main /Users/ksb/repos/lab_repos/echo_analysis/bin/simple_scrub.jl:57
┌ Info: All entries for row 1735 are missing, removing
└ @ Main /Users/ksb/repos/lab_repos/echo_analysis/bin/simple_scrub.jl:57
┌ Info: All entries for row 1736 are missing, removing
└ @ Main /Users/ksb/repos/lab_repos/echo_analysis/bin/simple_scrub.jl:57
┌ Info: All entries for row 1737 are missing, removing
└ @ Main /Users/ksb/repos/lab_repos/echo_analysis/bin/simple_scrub.jl:57
┌ Info: All entries for row 1738 are missing, removing
└ @ Main /Users/ksb/repos/lab_repos/echo_analysis/bin/simple_scrub.jl:57
┌ Info: All entries for row 1739 are missing, removing
└ @ Main /Users/ksb/repos/lab_repos/echo_analysis/bin/simple_scrub.jl:57
┌ Info: All entries for row 1740 are missing, removing
└ @ Main /Users/ksb/repos/lab_repos/echo_analysis/bin/simple_scrub.jl:57
┌ Info: All entries for row 1741 are missing, removing
└ @ Main /Users/ksb/repos/lab_repos/echo_analysis/bin/simple_scrub.jl:57
┌ Info: All entries for row 1742 are missing, removing
└ @ Main /Users/ksb/repos/lab_repos/echo_analysis/bin/simple_scrub.jl:57
┌ Info: All entries for row 1743 are missing, removing
└ @ Main /Users/ksb/repos/lab_repos/echo_analysis/bin/simple_scrub.jl:57
┌ Info: All entries for row 1744 are missing, removing
└ @ Main /Users/ksb/repos/lab_repos/echo_analysis/bin/simple_scrub.jl:57
┌ Info: All entries for row 1745 are missing, removing
└ @ Main /Users/ksb/repos/lab_repos/echo_analysis/bin/simple_scrub.jl:57
┌ Info: All entries for row 1746 are missing, removing
└ @ Main /Users/ksb/repos/lab_repos/echo_analysis/bin/simple_scrub.jl:57
┌ Info: All entries for row 1747 are missing, removing
└ @ Main /Users/ksb/repos/lab_repos/echo_analysis/bin/simple_scrub.jl:57
┌ Info: All entries for row 1748 are missing, removing
└ @ Main /Users/ksb/repos/lab_repos/echo_analysis/bin/simple_scrub.jl:57
┌ Info: All entries for row 1749 are missing, removing
└ @ Main /Users/ksb/repos/lab_repos/echo_analysis/bin/simple_scrub.jl:57
┌ Info: All entries for row 1750 are missing, removing
└ @ Main /Users/ksb/repos/lab_repos/echo_analysis/bin/simple_scrub.jl:57
┌ Info: All entries for row 1751 are missing, removing
└ @ Main /Users/ksb/repos/lab_repos/echo_analysis/bin/simple_scrub.jl:57
┌ Info: All entries for row 1752 are missing, removing
└ @ Main /Users/ksb/repos/lab_repos/echo_analysis/bin/simple_scrub.jl:57
┌ Info: All entries for row 1753 are missing, removing
└ @ Main /Users/ksb/repos/lab_repos/echo_analysis/bin/simple_scrub.jl:57
┌ Info: All entries for row 1754 are missing, removing
└ @ Main /Users/ksb/repos/lab_repos/echo_analysis/bin/simple_scrub.jl:57
┌ Info: All entries for row 1755 are missing, removing
└ @ Main /Users/ksb/repos/lab_repos/echo_analysis/bin/simple_scrub.jl:57
┌ Info: All entries for row 1756 are missing, removing
└ @ Main /Users/ksb/repos/lab_repos/echo_analysis/bin/simple_scrub.jl:57
┌ Info: All entries for row 1757 are missing, removing
└ @ Main /Users/ksb/repos/lab_repos/echo_analysis/bin/simple_scrub.jl:57
┌ Info: All entries for row 1758 are missing, removing
└ @ Main /Users/ksb/repos/lab_repos/echo_analysis/bin/simple_scrub.jl:57
┌ Info: All entries for row 1759 are missing, removing
└ @ Main /Users/ksb/repos/lab_repos/echo_analysis/bin/simple_scrub.jl:57
┌ Info: All entries for row 1760 are missing, removing
└ @ Main /Users/ksb/repos/lab_repos/echo_analysis/bin/simple_scrub.jl:57
┌ Info: All entries for row 1761 are missing, removing
└ @ Main /Users/ksb/repos/lab_repos/echo_analysis/bin/simple_scrub.jl:57
┌ Info: All entries for row 1762 are missing, removing
└ @ Main /Users/ksb/repos/lab_repos/echo_analysis/bin/simple_scrub.jl:57
┌ Info: All entries for row 1763 are missing, removing
└ @ Main /Users/ksb/repos/lab_repos/echo_analysis/bin/simple_scrub.jl:57
┌ Info: All entries for row 1764 are missing, removing
└ @ Main /Users/ksb/repos/lab_repos/echo_analysis/bin/simple_scrub.jl:57
┌ Info: All entries for row 1765 are missing, removing
└ @ Main /Users/ksb/repos/lab_repos/echo_analysis/bin/simple_scrub.jl:57
┌ Info: All entries for row 1766 are missing, removing
└ @ Main /Users/ksb/repos/lab_repos/echo_analysis/bin/simple_scrub.jl:57
┌ Info: All entries for row 1767 are missing, removing
└ @ Main /Users/ksb/repos/lab_repos/echo_analysis/bin/simple_scrub.jl:57
┌ Info: All entries for row 1768 are missing, removing
└ @ Main /Users/ksb/repos/lab_repos/echo_analysis/bin/simple_scrub.jl:57
┌ Info: All entries for row 1769 are missing, removing
└ @ Main /Users/ksb/repos/lab_repos/echo_analysis/bin/simple_scrub.jl:57
┌ Info: All entries for row 1770 are missing, removing
└ @ Main /Users/ksb/repos/lab_repos/echo_analysis/bin/simple_scrub.jl:57
┌ Info: All entries for row 1771 are missing, removing
└ @ Main /Users/ksb/repos/lab_repos/echo_analysis/bin/simple_scrub.jl:57
┌ Info: All entries for row 1772 are missing, removing
└ @ Main /Users/ksb/repos/lab_repos/echo_analysis/bin/simple_scrub.jl:57
┌ Info: All entries for row 1773 are missing, removing
└ @ Main /Users/ksb/repos/lab_repos/echo_analysis/bin/simple_scrub.jl:57
┌ Info: All entries for row 1774 are missing, removing
└ @ Main /Users/ksb/repos/lab_repos/echo_analysis/bin/simple_scrub.jl:57
┌ Info: All entries for row 1775 are missing, removing
└ @ Main /Users/ksb/repos/lab_repos/echo_analysis/bin/simple_scrub.jl:57
┌ Info: All entries for row 1776 are missing, removing
└ @ Main /Users/ksb/repos/lab_repos/echo_analysis/bin/simple_scrub.jl:57
┌ Info: All entries for row 1777 are missing, removing
└ @ Main /Users/ksb/repos/lab_repos/echo_analysis/bin/simple_scrub.jl:57
┌ Info: All entries for row 1778 are missing, removing
└ @ Main /Users/ksb/repos/lab_repos/echo_analysis/bin/simple_scrub.jl:57
┌ Info: All entries for row 1779 are missing, removing
└ @ Main /Users/ksb/repos/lab_repos/echo_analysis/bin/simple_scrub.jl:57
┌ Info: All entries for row 1780 are missing, removing
└ @ Main /Users/ksb/repos/lab_repos/echo_analysis/bin/simple_scrub.jl:57
┌ Info: All entries for row 1781 are missing, removing
└ @ Main /Users/ksb/repos/lab_repos/echo_analysis/bin/simple_scrub.jl:57
┌ Info: All entries for row 1782 are missing, removing
└ @ Main /Users/ksb/repos/lab_repos/echo_analysis/bin/simple_scrub.jl:57
┌ Info: All entries for row 1783 are missing, removing
└ @ Main /Users/ksb/repos/lab_repos/echo_analysis/bin/simple_scrub.jl:57
┌ Info: All entries for row 1784 are missing, removing
└ @ Main /Users/ksb/repos/lab_repos/echo_analysis/bin/simple_scrub.jl:57
┌ Info: All entries for row 1785 are missing, removing
└ @ Main /Users/ksb/repos/lab_repos/echo_analysis/bin/simple_scrub.jl:57
┌ Info: All entries for row 1786 are missing, removing
└ @ Main /Users/ksb/repos/lab_repos/echo_analysis/bin/simple_scrub.jl:57
┌ Info: All entries for row 1787 are missing, removing
└ @ Main /Users/ksb/repos/lab_repos/echo_analysis/bin/simple_scrub.jl:57
┌ Info: All entries for row 1788 are missing, removing
└ @ Main /Users/ksb/repos/lab_repos/echo_analysis/bin/simple_scrub.jl:57
┌ Info: All entries for row 1789 are missing, removing
└ @ Main /Users/ksb/repos/lab_repos/echo_analysis/bin/simple_scrub.jl:57
┌ Info: All entries for row 1790 are missing, removing
└ @ Main /Users/ksb/repos/lab_repos/echo_analysis/bin/simple_scrub.jl:57
┌ Info: All entries for row 1791 are missing, removing
└ @ Main /Users/ksb/repos/lab_repos/echo_analysis/bin/simple_scrub.jl:57
┌ Info: All entries for row 1792 are missing, removing
└ @ Main /Users/ksb/repos/lab_repos/echo_analysis/bin/simple_scrub.jl:57
┌ Info: All entries for row 1793 are missing, removing
└ @ Main /Users/ksb/repos/lab_repos/echo_analysis/bin/simple_scrub.jl:57
┌ Info: All entries for row 1794 are missing, removing
└ @ Main /Users/ksb/repos/lab_repos/echo_analysis/bin/simple_scrub.jl:57
┌ Info: All entries for row 1795 are missing, removing
└ @ Main /Users/ksb/repos/lab_repos/echo_analysis/bin/simple_scrub.jl:57
┌ Info: All entries for row 1796 are missing, removing
└ @ Main /Users/ksb/repos/lab_repos/echo_analysis/bin/simple_scrub.jl:57
┌ Info: All entries for row 1797 are missing, removing
└ @ Main /Users/ksb/repos/lab_repos/echo_analysis/bin/simple_scrub.jl:57
┌ Info: All entries for row 1798 are missing, removing
└ @ Main /Users/ksb/repos/lab_repos/echo_analysis/bin/simple_scrub.jl:57
┌ Info: All entries for row 1799 are missing, removing
└ @ Main /Users/ksb/repos/lab_repos/echo_analysis/bin/simple_scrub.jl:57
┌ Info: All entries for row 1800 are missing, removing
└ @ Main /Users/ksb/repos/lab_repos/echo_analysis/bin/simple_scrub.jl:57
┌ Info: All entries for row 1801 are missing, removing
└ @ Main /Users/ksb/repos/lab_repos/echo_analysis/bin/simple_scrub.jl:57
┌ Info: All entries for row 1802 are missing, removing
└ @ Main /Users/ksb/repos/lab_repos/echo_analysis/bin/simple_scrub.jl:57
┌ Info: All entries for row 1803 are missing, removing
└ @ Main /Users/ksb/repos/lab_repos/echo_analysis/bin/simple_scrub.jl:57
┌ Info: All entries for row 1805 are missing, removing
└ @ Main /Users/ksb/repos/lab_repos/echo_analysis/bin/simple_scrub.jl:57
┌ Info: All entries for row 1806 are missing, removing
└ @ Main /Users/ksb/repos/lab_repos/echo_analysis/bin/simple_scrub.jl:57
┌ Info: All entries for row 1807 are missing, removing
└ @ Main /Users/ksb/repos/lab_repos/echo_analysis/bin/simple_scrub.jl:57
┌ Info: All entries for row 1808 are missing, removing
└ @ Main /Users/ksb/repos/lab_repos/echo_analysis/bin/simple_scrub.jl:57
┌ Info: All entries for row 1809 are missing, removing
└ @ Main /Users/ksb/repos/lab_repos/echo_analysis/bin/simple_scrub.jl:57
┌ Info: All entries for row 1810 are missing, removing
└ @ Main /Users/ksb/repos/lab_repos/echo_analysis/bin/simple_scrub.jl:57
┌ Info: All entries for row 1811 are missing, removing
└ @ Main /Users/ksb/repos/lab_repos/echo_analysis/bin/simple_scrub.jl:57
┌ Info: All entries for row 1812 are missing, removing
└ @ Main /Users/ksb/repos/lab_repos/echo_analysis/bin/simple_scrub.jl:57
┌ Info: All entries for row 1813 are missing, removing
└ @ Main /Users/ksb/repos/lab_repos/echo_analysis/bin/simple_scrub.jl:57
┌ Info: All entries for row 1814 are missing, removing
└ @ Main /Users/ksb/repos/lab_repos/echo_analysis/bin/simple_scrub.jl:57
┌ Info: All entries for row 1815 are missing, removing
└ @ Main /Users/ksb/repos/lab_repos/echo_analysis/bin/simple_scrub.jl:57
┌ Info: All entries for row 1816 are missing, removing
└ @ Main /Users/ksb/repos/lab_repos/echo_analysis/bin/simple_scrub.jl:57
┌ Info: All entries for row 1817 are missing, removing
└ @ Main /Users/ksb/repos/lab_repos/echo_analysis/bin/simple_scrub.jl:57
┌ Info: All entries for row 1818 are missing, removing
└ @ Main /Users/ksb/repos/lab_repos/echo_analysis/bin/simple_scrub.jl:57
┌ Info: All entries for row 1819 are missing, removing
└ @ Main /Users/ksb/repos/lab_repos/echo_analysis/bin/simple_scrub.jl:57
┌ Info: All entries for row 1820 are missing, removing
└ @ Main /Users/ksb/repos/lab_repos/echo_analysis/bin/simple_scrub.jl:57
┌ Info: All entries for row 1821 are missing, removing
└ @ Main /Users/ksb/repos/lab_repos/echo_analysis/bin/simple_scrub.jl:57
┌ Info: All entries for row 1822 are missing, removing
└ @ Main /Users/ksb/repos/lab_repos/echo_analysis/bin/simple_scrub.jl:57
┌ Info: All entries for row 1823 are missing, removing
└ @ Main /Users/ksb/repos/lab_repos/echo_analysis/bin/simple_scrub.jl:57
┌ Info: All entries for row 1824 are missing, removing
└ @ Main /Users/ksb/repos/lab_repos/echo_analysis/bin/simple_scrub.jl:57
┌ Info: All entries for row 1825 are missing, removing
└ @ Main /Users/ksb/repos/lab_repos/echo_analysis/bin/simple_scrub.jl:57
┌ Info: All entries for row 1826 are missing, removing
└ @ Main /Users/ksb/repos/lab_repos/echo_analysis/bin/simple_scrub.jl:57
┌ Info: All entries for row 1827 are missing, removing
└ @ Main /Users/ksb/repos/lab_repos/echo_analysis/bin/simple_scrub.jl:57
┌ Info: All entries for row 1828 are missing, removing
└ @ Main /Users/ksb/repos/lab_repos/echo_analysis/bin/simple_scrub.jl:57
┌ Info: All entries for row 1829 are missing, removing
└ @ Main /Users/ksb/repos/lab_repos/echo_analysis/bin/simple_scrub.jl:57
┌ Info: All entries for row 1830 are missing, removing
└ @ Main /Users/ksb/repos/lab_repos/echo_analysis/bin/simple_scrub.jl:57
┌ Info: All entries for row 1831 are missing, removing
└ @ Main /Users/ksb/repos/lab_repos/echo_analysis/bin/simple_scrub.jl:57
┌ Info: All entries for row 1832 are missing, removing
└ @ Main /Users/ksb/repos/lab_repos/echo_analysis/bin/simple_scrub.jl:57
┌ Info: All entries for row 1833 are missing, removing
└ @ Main /Users/ksb/repos/lab_repos/echo_analysis/bin/simple_scrub.jl:57
┌ Info: All entries for row 1834 are missing, removing
└ @ Main /Users/ksb/repos/lab_repos/echo_analysis/bin/simple_scrub.jl:57
┌ Info: All entries for row 1835 are missing, removing
└ @ Main /Users/ksb/repos/lab_repos/echo_analysis/bin/simple_scrub.jl:57
┌ Info: All entries for row 1836 are missing, removing
└ @ Main /Users/ksb/repos/lab_repos/echo_analysis/bin/simple_scrub.jl:57
┌ Info: All entries for row 1837 are missing, removing
└ @ Main /Users/ksb/repos/lab_repos/echo_analysis/bin/simple_scrub.jl:57
┌ Info: All entries for row 1838 are missing, removing
└ @ Main /Users/ksb/repos/lab_repos/echo_analysis/bin/simple_scrub.jl:57
┌ Info: All entries for row 1839 are missing, removing
└ @ Main /Users/ksb/repos/lab_repos/echo_analysis/bin/simple_scrub.jl:57
┌ Info: All entries for row 1840 are missing, removing
└ @ Main /Users/ksb/repos/lab_repos/echo_analysis/bin/simple_scrub.jl:57
┌ Info: All entries for row 1841 are missing, removing
└ @ Main /Users/ksb/repos/lab_repos/echo_analysis/bin/simple_scrub.jl:57
┌ Info: All entries for row 1842 are missing, removing
└ @ Main /Users/ksb/repos/lab_repos/echo_analysis/bin/simple_scrub.jl:57
┌ Info: All entries for row 1843 are missing, removing
└ @ Main /Users/ksb/repos/lab_repos/echo_analysis/bin/simple_scrub.jl:57
┌ Info: All entries for row 1844 are missing, removing
└ @ Main /Users/ksb/repos/lab_repos/echo_analysis/bin/simple_scrub.jl:57
┌ Info: All entries for row 1845 are missing, removing
└ @ Main /Users/ksb/repos/lab_repos/echo_analysis/bin/simple_scrub.jl:57
┌ Info: All entries for row 1846 are missing, removing
└ @ Main /Users/ksb/repos/lab_repos/echo_analysis/bin/simple_scrub.jl:57
┌ Info: All entries for row 1847 are missing, removing
└ @ Main /Users/ksb/repos/lab_repos/echo_analysis/bin/simple_scrub.jl:57
┌ Info: All entries for row 1848 are missing, removing
└ @ Main /Users/ksb/repos/lab_repos/echo_analysis/bin/simple_scrub.jl:57
┌ Info: All entries for row 1849 are missing, removing
└ @ Main /Users/ksb/repos/lab_repos/echo_analysis/bin/simple_scrub.jl:57
┌ Info: All entries for row 1850 are missing, removing
└ @ Main /Users/ksb/repos/lab_repos/echo_analysis/bin/simple_scrub.jl:57
┌ Info: All entries for row 1851 are missing, removing
└ @ Main /Users/ksb/repos/lab_repos/echo_analysis/bin/simple_scrub.jl:57
┌ Info: All entries for row 1852 are missing, removing
└ @ Main /Users/ksb/repos/lab_repos/echo_analysis/bin/simple_scrub.jl:57
┌ Info: All entries for row 1853 are missing, removing
└ @ Main /Users/ksb/repos/lab_repos/echo_analysis/bin/simple_scrub.jl:57
┌ Info: All entries for row 1854 are missing, removing
└ @ Main /Users/ksb/repos/lab_repos/echo_analysis/bin/simple_scrub.jl:57
┌ Info: All entries for row 1855 are missing, removing
└ @ Main /Users/ksb/repos/lab_repos/echo_analysis/bin/simple_scrub.jl:57
┌ Info: All entries for row 1856 are missing, removing
└ @ Main /Users/ksb/repos/lab_repos/echo_analysis/bin/simple_scrub.jl:57
┌ Info: All entries for row 1857 are missing, removing
└ @ Main /Users/ksb/repos/lab_repos/echo_analysis/bin/simple_scrub.jl:57
┌ Info: Writing scrubbed file to /Users/ksb/repos/lab_repos/echo_analysis/data/metadata/LeadHemoglobin.csv
└ @ Main /Users/ksb/repos/lab_repos/echo_analysis/bin/simple_scrub.jl:136
