┌ Info: Reading file from /Users/ksb/Desktop/echo_stuff/all.xlsx
└ @ Main /Users/ksb/repos/lab_repos/echo_analysis/bin/metascrub.jl:234
┌ Info: Processing parent tables
│   parents = ["BasicFamilyAndChild", "AntibioticsPrescriptions", "Bayley's", "Mullen", "WISC_IV", "Wisc_V", "TimepointInfo", "BreastfeedingDone", "BreastfeedingStill", "Delivery", "Fecal_with_Ethanol", "FecalSampleCollection"]
└ @ Main /Users/ksb/repos/lab_repos/echo_analysis/bin/metascrub.jl:240
┌ Info: Table Name: BasicFamilyAndChild
└ @ Main /Users/ksb/repos/lab_repos/echo_analysis/bin/metascrub.jl:250
┌ Info: All entries for subtable BasicFamilyAndChild column ChildDemDateCompleted are missing, removing
└ @ Main /Users/ksb/repos/lab_repos/echo_analysis/bin/metascrub.jl:255
┌ Info: All entries for subtable BasicFamilyAndChild column ChildDemLifestage are missing, removing
└ @ Main /Users/ksb/repos/lab_repos/echo_analysis/bin/metascrub.jl:255
┌ Info: All entries for subtable BasicFamilyAndChild column ChildDemMode are missing, removing
└ @ Main /Users/ksb/repos/lab_repos/echo_analysis/bin/metascrub.jl:255
┌ Info: All entries for subtable BasicFamilyAndChild column ChildDemQ1 are missing, removing
└ @ Main /Users/ksb/repos/lab_repos/echo_analysis/bin/metascrub.jl:255
┌ Info: All entries for subtable BasicFamilyAndChild column ChildDemQ3check are missing, removing
└ @ Main /Users/ksb/repos/lab_repos/echo_analysis/bin/metascrub.jl:255
┌ Info: All entries for subtable BasicFamilyAndChild column ChildDemQ3other are missing, removing
└ @ Main /Users/ksb/repos/lab_repos/echo_analysis/bin/metascrub.jl:255
┌ Info: All entries for subtable BasicFamilyAndChild column ChildDemQ4 are missing, removing
└ @ Main /Users/ksb/repos/lab_repos/echo_analysis/bin/metascrub.jl:255
┌ Info: All entries for subtable BasicFamilyAndChild column ChildDemQ4Native are missing, removing
└ @ Main /Users/ksb/repos/lab_repos/echo_analysis/bin/metascrub.jl:255
┌ Info: All entries for subtable BasicFamilyAndChild column ChildDemQ4NativeOther are missing, removing
└ @ Main /Users/ksb/repos/lab_repos/echo_analysis/bin/metascrub.jl:255
┌ Info: All entries for subtable BasicFamilyAndChild column ChildDemQ4OtherAsian are missing, removing
└ @ Main /Users/ksb/repos/lab_repos/echo_analysis/bin/metascrub.jl:255
┌ Info: All entries for subtable BasicFamilyAndChild column ChildDemQ4otherAsianOther are missing, removing
└ @ Main /Users/ksb/repos/lab_repos/echo_analysis/bin/metascrub.jl:255
┌ Info: All entries for subtable BasicFamilyAndChild column ChildDemQ4OtherRace are missing, removing
└ @ Main /Users/ksb/repos/lab_repos/echo_analysis/bin/metascrub.jl:255
┌ Info: All entries for subtable BasicFamilyAndChild column ChildDemQ4Tribe are missing, removing
└ @ Main /Users/ksb/repos/lab_repos/echo_analysis/bin/metascrub.jl:255
┌ Info: All entries for subtable BasicFamilyAndChild column ChildDemQ5 are missing, removing
└ @ Main /Users/ksb/repos/lab_repos/echo_analysis/bin/metascrub.jl:255
┌ Info: All entries for subtable BasicFamilyAndChild column ChildDemQ5a are missing, removing
└ @ Main /Users/ksb/repos/lab_repos/echo_analysis/bin/metascrub.jl:255
┌ Info: All entries for subtable BasicFamilyAndChild column ChildDemQ5aOther are missing, removing
└ @ Main /Users/ksb/repos/lab_repos/echo_analysis/bin/metascrub.jl:255
┌ Info: All entries for subtable BasicFamilyAndChild column ChildDemQ5b are missing, removing
└ @ Main /Users/ksb/repos/lab_repos/echo_analysis/bin/metascrub.jl:255
┌ Info: All entries for subtable BasicFamilyAndChild column ChildDemQ5bCheck are missing, removing
└ @ Main /Users/ksb/repos/lab_repos/echo_analysis/bin/metascrub.jl:255
┌ Info: All entries for subtable BasicFamilyAndChild column ChildDemRespondent are missing, removing
└ @ Main /Users/ksb/repos/lab_repos/echo_analysis/bin/metascrub.jl:255
┌ Info: All entries for subtable BasicFamilyAndChild column ChildDemSetting are missing, removing
└ @ Main /Users/ksb/repos/lab_repos/echo_analysis/bin/metascrub.jl:255
┌ Info: All entries for subtable BasicFamilyAndChild column DemographicsAQ4Native are missing, removing
└ @ Main /Users/ksb/repos/lab_repos/echo_analysis/bin/metascrub.jl:255
┌ Info: All entries for subtable BasicFamilyAndChild column DemographicsAQ4NativeOther are missing, removing
└ @ Main /Users/ksb/repos/lab_repos/echo_analysis/bin/metascrub.jl:255
┌ Info: All entries for subtable BasicFamilyAndChild column DemographicsBQ4AsianOther are missing, removing
└ @ Main /Users/ksb/repos/lab_repos/echo_analysis/bin/metascrub.jl:255
┌ Info: All entries for subtable BasicFamilyAndChild column DemographicsBQ4Native are missing, removing
└ @ Main /Users/ksb/repos/lab_repos/echo_analysis/bin/metascrub.jl:255
┌ Info: All entries for subtable BasicFamilyAndChild column DemographicsBQ7cm are missing, removing
└ @ Main /Users/ksb/repos/lab_repos/echo_analysis/bin/metascrub.jl:255
┌ Info: All entries for subtable BasicFamilyAndChild column DemographicsBQ8kg are missing, removing
└ @ Main /Users/ksb/repos/lab_repos/echo_analysis/bin/metascrub.jl:255
┌ Info: All entries for subtable BasicFamilyAndChild column DemographicsQB4NativeOther are missing, removing
└ @ Main /Users/ksb/repos/lab_repos/echo_analysis/bin/metascrub.jl:255
┌ Info: All entries for subtable BasicFamilyAndChild column HCDaysPerMonth are missing, removing
└ @ Main /Users/ksb/repos/lab_repos/echo_analysis/bin/metascrub.jl:255
┌ Info: All entries for subtable BasicFamilyAndChild column studyName are missing, removing
└ @ Main /Users/ksb/repos/lab_repos/echo_analysis/bin/metascrub.jl:255
┌ Info: All entries for subtable BasicFamilyAndChild column timestamp are missing, removing
└ @ Main /Users/ksb/repos/lab_repos/echo_analysis/bin/metascrub.jl:255
┌ Warning: No timpoint column detected for BasicFamilyAndChild, treating as all-timepoint variable
└ @ Main /Users/ksb/repos/lab_repos/echo_analysis/bin/metascrub.jl:275
┌ Info: Table Name: AntibioticsPrescriptions
└ @ Main /Users/ksb/repos/lab_repos/echo_analysis/bin/metascrub.jl:250
┌ Info: Table Name: Bayley's
└ @ Main /Users/ksb/repos/lab_repos/echo_analysis/bin/metascrub.jl:250
┌ Info: All entries for subtable Bayley's column cuRaw are missing, removing
└ @ Main /Users/ksb/repos/lab_repos/echo_analysis/bin/metascrub.jl:255
┌ Info: All entries for subtable Bayley's column cuScaled are missing, removing
└ @ Main /Users/ksb/repos/lab_repos/echo_analysis/bin/metascrub.jl:255
┌ Info: All entries for subtable Bayley's column faRaw are missing, removing
└ @ Main /Users/ksb/repos/lab_repos/echo_analysis/bin/metascrub.jl:255
┌ Info: All entries for subtable Bayley's column faScaled are missing, removing
└ @ Main /Users/ksb/repos/lab_repos/echo_analysis/bin/metascrub.jl:255
┌ Info: All entries for subtable Bayley's column hlRaw are missing, removing
└ @ Main /Users/ksb/repos/lab_repos/echo_analysis/bin/metascrub.jl:255
┌ Info: All entries for subtable Bayley's column hlScaled are missing, removing
└ @ Main /Users/ksb/repos/lab_repos/echo_analysis/bin/metascrub.jl:255
┌ Info: All entries for subtable Bayley's column timestamp are missing, removing
└ @ Main /Users/ksb/repos/lab_repos/echo_analysis/bin/metascrub.jl:255
┌ Info: Table Name: Mullen
└ @ Main /Users/ksb/repos/lab_repos/echo_analysis/bin/metascrub.jl:250
┌ Info: All entries for subtable Mullen column timestamp are missing, removing
└ @ Main /Users/ksb/repos/lab_repos/echo_analysis/bin/metascrub.jl:255
┌ Info: Table Name: WISC_IV
└ @ Main /Users/ksb/repos/lab_repos/echo_analysis/bin/metascrub.jl:250
┌ Info: All entries for subtable WISC_IV column timestamp are missing, removing
└ @ Main /Users/ksb/repos/lab_repos/echo_analysis/bin/metascrub.jl:255
┌ Info: All entries for subtable WISC_IV column timestampAcct are missing, removing
└ @ Main /Users/ksb/repos/lab_repos/echo_analysis/bin/metascrub.jl:255
┌ Info: Table Name: Wisc_V
└ @ Main /Users/ksb/repos/lab_repos/echo_analysis/bin/metascrub.jl:250
┌ Info: All entries for subtable Wisc_V column timestamp are missing, removing
└ @ Main /Users/ksb/repos/lab_repos/echo_analysis/bin/metascrub.jl:255
┌ Info: Table Name: TimepointInfo
└ @ Main /Users/ksb/repos/lab_repos/echo_analysis/bin/metascrub.jl:250
┌ Info: All entries for subtable TimepointInfo column importVarDummy are missing, removing
└ @ Main /Users/ksb/repos/lab_repos/echo_analysis/bin/metascrub.jl:255
┌ Info: All entries for subtable TimepointInfo column timestamp are missing, removing
└ @ Main /Users/ksb/repos/lab_repos/echo_analysis/bin/metascrub.jl:255
┌ Warning: Removing timepoint 2.5
└ @ Main /Users/ksb/repos/lab_repos/echo_analysis/bin/metascrub.jl:284
┌ Info: Table Name: BreastfeedingDone
└ @ Main /Users/ksb/repos/lab_repos/echo_analysis/bin/metascrub.jl:250
┌ Info: All entries for subtable BreastfeedingDone column timestamp are missing, removing
└ @ Main /Users/ksb/repos/lab_repos/echo_analysis/bin/metascrub.jl:255
┌ Warning: No timpoint column detected for BreastfeedingDone, treating as all-timepoint variable
└ @ Main /Users/ksb/repos/lab_repos/echo_analysis/bin/metascrub.jl:275
┌ Info: Table Name: BreastfeedingStill
└ @ Main /Users/ksb/repos/lab_repos/echo_analysis/bin/metascrub.jl:250
┌ Info: All entries for subtable BreastfeedingStill column babyHaveSolidFood are missing, removing
└ @ Main /Users/ksb/repos/lab_repos/echo_analysis/bin/metascrub.jl:255
┌ Info: All entries for subtable BreastfeedingStill column babyHaveSolidFoodTimesPerDay are missing, removing
└ @ Main /Users/ksb/repos/lab_repos/echo_analysis/bin/metascrub.jl:255
┌ Info: All entries for subtable BreastfeedingStill column timestamp are missing, removing
└ @ Main /Users/ksb/repos/lab_repos/echo_analysis/bin/metascrub.jl:255
┌ Info: Table Name: Delivery
└ @ Main /Users/ksb/repos/lab_repos/echo_analysis/bin/metascrub.jl:250
┌ Info: All entries for subtable Delivery column timestamp are missing, removing
└ @ Main /Users/ksb/repos/lab_repos/echo_analysis/bin/metascrub.jl:255
┌ Info: All entries for subtable Delivery column whyLaborInducedOtherSpecify are missing, removing
└ @ Main /Users/ksb/repos/lab_repos/echo_analysis/bin/metascrub.jl:255
┌ Warning: No timpoint column detected for Delivery, treating as all-timepoint variable
└ @ Main /Users/ksb/repos/lab_repos/echo_analysis/bin/metascrub.jl:275
┌ Info: Table Name: Fecal_with_Ethanol
└ @ Main /Users/ksb/repos/lab_repos/echo_analysis/bin/metascrub.jl:250
┌ Info: All entries for subtable Fecal_with_Ethanol column Fecalwethanol-30Freezerdate are missing, removing
└ @ Main /Users/ksb/repos/lab_repos/echo_analysis/bin/metascrub.jl:255
┌ Info: All entries for subtable Fecal_with_Ethanol column Fecalwethanol30Freezerdate are missing, removing
└ @ Main /Users/ksb/repos/lab_repos/echo_analysis/bin/metascrub.jl:255
┌ Info: All entries for subtable Fecal_with_Ethanol column Fecalwethanol30FreezerInitials are missing, removing
└ @ Main /Users/ksb/repos/lab_repos/echo_analysis/bin/metascrub.jl:255
┌ Info: Table Name: FecalSampleCollection
└ @ Main /Users/ksb/repos/lab_repos/echo_analysis/bin/metascrub.jl:250
┌ Info: All entries for subtable FecalSampleCollection column date30freezer are missing, removing
└ @ Main /Users/ksb/repos/lab_repos/echo_analysis/bin/metascrub.jl:255
┌ Info: All entries for subtable FecalSampleCollection column initials30freezer are missing, removing
└ @ Main /Users/ksb/repos/lab_repos/echo_analysis/bin/metascrub.jl:255
┌ Info: All entries for subtable FecalSampleCollection column timestamp are missing, removing
└ @ Main /Users/ksb/repos/lab_repos/echo_analysis/bin/metascrub.jl:255
┌ Info: Writing scrubbed file to /Users/ksb/repos/lab_repos/echo_analysis/data/metadata/selectedtables.csv
└ @ Main /Users/ksb/repos/lab_repos/echo_analysis/bin/metascrub.jl:304
