┌ Info: All entries for column TimepointInfo::finishassessment are missing, removing
└ @ Main /Users/ksb/repos/lab_repos/echo_analysis/bin/simple_scrub.jl:82
┌ Warning: `delete!(df::AbstractDataFrame, cols::Any)` is deprecated, use `deletecols!(df, cols)` instead.
│   caller = main() at simple_scrub.jl:83
└ @ Main /Users/ksb/repos/lab_repos/echo_analysis/bin/simple_scrub.jl:83
┌ Info: All entries for column TimepointInfo::importVarDummy are missing, removing
└ @ Main /Users/ksb/repos/lab_repos/echo_analysis/bin/simple_scrub.jl:82
┌ Info: All entries for column TimepointInfo::timestamp are missing, removing
└ @ Main /Users/ksb/repos/lab_repos/echo_analysis/bin/simple_scrub.jl:82
┌ Info: All entries for row 225 are missing, removing
└ @ Main /Users/ksb/repos/lab_repos/echo_analysis/bin/simple_scrub.jl:56
┌ Info: All entries for row 1320 are missing, removing
└ @ Main /Users/ksb/repos/lab_repos/echo_analysis/bin/simple_scrub.jl:56
┌ Info: All entries for row 1325 are missing, removing
└ @ Main /Users/ksb/repos/lab_repos/echo_analysis/bin/simple_scrub.jl:56
┌ Info: All entries for row 1331 are missing, removing
└ @ Main /Users/ksb/repos/lab_repos/echo_analysis/bin/simple_scrub.jl:56
┌ Info: All entries for row 1338 are missing, removing
└ @ Main /Users/ksb/repos/lab_repos/echo_analysis/bin/simple_scrub.jl:56
┌ Info: All entries for row 1343 are missing, removing
└ @ Main /Users/ksb/repos/lab_repos/echo_analysis/bin/simple_scrub.jl:56
┌ Info: All entries for row 1351 are missing, removing
└ @ Main /Users/ksb/repos/lab_repos/echo_analysis/bin/simple_scrub.jl:56
┌ Info: All entries for row 1381 are missing, removing
└ @ Main /Users/ksb/repos/lab_repos/echo_analysis/bin/simple_scrub.jl:56
┌ Info: All entries for row 1383 are missing, removing
└ @ Main /Users/ksb/repos/lab_repos/echo_analysis/bin/simple_scrub.jl:56
┌ Info: All entries for row 1391 are missing, removing
└ @ Main /Users/ksb/repos/lab_repos/echo_analysis/bin/simple_scrub.jl:56
┌ Info: All entries for row 1406 are missing, removing
└ @ Main /Users/ksb/repos/lab_repos/echo_analysis/bin/simple_scrub.jl:56
┌ Info: All entries for row 1413 are missing, removing
└ @ Main /Users/ksb/repos/lab_repos/echo_analysis/bin/simple_scrub.jl:56
┌ Info: All entries for row 1414 are missing, removing
└ @ Main /Users/ksb/repos/lab_repos/echo_analysis/bin/simple_scrub.jl:56
┌ Info: All entries for row 1433 are missing, removing
└ @ Main /Users/ksb/repos/lab_repos/echo_analysis/bin/simple_scrub.jl:56
┌ Info: All entries for row 1455 are missing, removing
└ @ Main /Users/ksb/repos/lab_repos/echo_analysis/bin/simple_scrub.jl:56
┌ Info: All entries for row 1471 are missing, removing
└ @ Main /Users/ksb/repos/lab_repos/echo_analysis/bin/simple_scrub.jl:56
┌ Info: All entries for row 1585 are missing, removing
└ @ Main /Users/ksb/repos/lab_repos/echo_analysis/bin/simple_scrub.jl:56
┌ Info: All entries for row 1586 are missing, removing
└ @ Main /Users/ksb/repos/lab_repos/echo_analysis/bin/simple_scrub.jl:56
┌ Info: All entries for row 1589 are missing, removing
└ @ Main /Users/ksb/repos/lab_repos/echo_analysis/bin/simple_scrub.jl:56
┌ Info: All entries for row 1607 are missing, removing
└ @ Main /Users/ksb/repos/lab_repos/echo_analysis/bin/simple_scrub.jl:56
┌ Info: All entries for row 1613 are missing, removing
└ @ Main /Users/ksb/repos/lab_repos/echo_analysis/bin/simple_scrub.jl:56
┌ Info: All entries for row 1614 are missing, removing
└ @ Main /Users/ksb/repos/lab_repos/echo_analysis/bin/simple_scrub.jl:56
┌ Info: All entries for row 1615 are missing, removing
└ @ Main /Users/ksb/repos/lab_repos/echo_analysis/bin/simple_scrub.jl:56
┌ Info: All entries for row 1643 are missing, removing
└ @ Main /Users/ksb/repos/lab_repos/echo_analysis/bin/simple_scrub.jl:56
┌ Info: All entries for row 1703 are missing, removing
└ @ Main /Users/ksb/repos/lab_repos/echo_analysis/bin/simple_scrub.jl:56
┌ Info: All entries for row 1713 are missing, removing
└ @ Main /Users/ksb/repos/lab_repos/echo_analysis/bin/simple_scrub.jl:56
┌ Info: All entries for row 1714 are missing, removing
└ @ Main /Users/ksb/repos/lab_repos/echo_analysis/bin/simple_scrub.jl:56
┌ Info: All entries for row 1715 are missing, removing
└ @ Main /Users/ksb/repos/lab_repos/echo_analysis/bin/simple_scrub.jl:56
┌ Info: All entries for row 1722 are missing, removing
└ @ Main /Users/ksb/repos/lab_repos/echo_analysis/bin/simple_scrub.jl:56
┌ Info: All entries for row 1755 are missing, removing
└ @ Main /Users/ksb/repos/lab_repos/echo_analysis/bin/simple_scrub.jl:56
┌ Info: All entries for row 1763 are missing, removing
└ @ Main /Users/ksb/repos/lab_repos/echo_analysis/bin/simple_scrub.jl:56
┌ Info: All entries for row 1800 are missing, removing
└ @ Main /Users/ksb/repos/lab_repos/echo_analysis/bin/simple_scrub.jl:56
┌ Info: All entries for row 1923 are missing, removing
└ @ Main /Users/ksb/repos/lab_repos/echo_analysis/bin/simple_scrub.jl:56
┌ Info: All entries for row 1924 are missing, removing
└ @ Main /Users/ksb/repos/lab_repos/echo_analysis/bin/simple_scrub.jl:56
┌ Info: All entries for row 1944 are missing, removing
└ @ Main /Users/ksb/repos/lab_repos/echo_analysis/bin/simple_scrub.jl:56
┌ Info: All entries for row 1945 are missing, removing
└ @ Main /Users/ksb/repos/lab_repos/echo_analysis/bin/simple_scrub.jl:56
┌ Info: All entries for row 2017 are missing, removing
└ @ Main /Users/ksb/repos/lab_repos/echo_analysis/bin/simple_scrub.jl:56
┌ Info: All entries for row 2032 are missing, removing
└ @ Main /Users/ksb/repos/lab_repos/echo_analysis/bin/simple_scrub.jl:56
┌ Info: Changing column TimepointInfo::studyID to TimepointInfo__studyID
└ @ Main /Users/ksb/repos/lab_repos/echo_analysis/bin/simple_scrub.jl:95
┌ Info: Changing column TimepointInfo::timepoint to TimepointInfo__timepoint
└ @ Main /Users/ksb/repos/lab_repos/echo_analysis/bin/simple_scrub.jl:95
┌ Info: Changing column TimepointInfo::scanDate to TimepointInfo__scanDate
└ @ Main /Users/ksb/repos/lab_repos/echo_analysis/bin/simple_scrub.jl:95
┌ Info: Changing column TimepointInfo::AC to TimepointInfo__AC
└ @ Main /Users/ksb/repos/lab_repos/echo_analysis/bin/simple_scrub.jl:95
┌ Info: Changing column TimepointInfo::AFI to TimepointInfo__AFI
└ @ Main /Users/ksb/repos/lab_repos/echo_analysis/bin/simple_scrub.jl:95
┌ Info: Changing column TimepointInfo::awakeAsleep to TimepointInfo__awakeAsleep
└ @ Main /Users/ksb/repos/lab_repos/echo_analysis/bin/simple_scrub.jl:95
┌ Info: Changing column TimepointInfo::BPD to TimepointInfo__BPD
└ @ Main /Users/ksb/repos/lab_repos/echo_analysis/bin/simple_scrub.jl:95
┌ Info: Changing column TimepointInfo::Cereb to TimepointInfo__Cereb
└ @ Main /Users/ksb/repos/lab_repos/echo_analysis/bin/simple_scrub.jl:95
┌ Info: Changing column TimepointInfo::childHeadCircumference to TimepointInfo__childHeadCircumference
└ @ Main /Users/ksb/repos/lab_repos/echo_analysis/bin/simple_scrub.jl:95
┌ Info: Changing column TimepointInfo::childHeight to TimepointInfo__childHeight
└ @ Main /Users/ksb/repos/lab_repos/echo_analysis/bin/simple_scrub.jl:95
┌ Info: Changing column TimepointInfo::childWeight to TimepointInfo__childWeight
└ @ Main /Users/ksb/repos/lab_repos/echo_analysis/bin/simple_scrub.jl:95
┌ Info: Changing column TimepointInfo::CM to TimepointInfo__CM
└ @ Main /Users/ksb/repos/lab_repos/echo_analysis/bin/simple_scrub.jl:95
┌ Info: Changing column TimepointInfo::ConversionCentimeters to TimepointInfo__ConversionCentimeters
└ @ Main /Users/ksb/repos/lab_repos/echo_analysis/bin/simple_scrub.jl:95
┌ Info: Changing column TimepointInfo::ConversionInches to TimepointInfo__ConversionInches
└ @ Main /Users/ksb/repos/lab_repos/echo_analysis/bin/simple_scrub.jl:95
┌ Info: Changing column TimepointInfo::ConversionKilograms to TimepointInfo__ConversionKilograms
└ @ Main /Users/ksb/repos/lab_repos/echo_analysis/bin/simple_scrub.jl:95
┌ Info: Changing column TimepointInfo::ConversionPounds to TimepointInfo__ConversionPounds
└ @ Main /Users/ksb/repos/lab_repos/echo_analysis/bin/simple_scrub.jl:95
┌ Info: Changing column TimepointInfo::dateLetterSent to TimepointInfo__dateLetterSent
└ @ Main /Users/ksb/repos/lab_repos/echo_analysis/bin/simple_scrub.jl:95
┌ Info: Changing column TimepointInfo::dvdSent to TimepointInfo__dvdSent
└ @ Main /Users/ksb/repos/lab_repos/echo_analysis/bin/simple_scrub.jl:95
┌ Info: Changing column TimepointInfo::EDD to TimepointInfo__EDD
└ @ Main /Users/ksb/repos/lab_repos/echo_analysis/bin/simple_scrub.jl:95
┌ Info: Changing column TimepointInfo::fatherHeadCircumference to TimepointInfo__fatherHeadCircumference
└ @ Main /Users/ksb/repos/lab_repos/echo_analysis/bin/simple_scrub.jl:95
┌ Info: Changing column TimepointInfo::FHR to TimepointInfo__FHR
└ @ Main /Users/ksb/repos/lab_repos/echo_analysis/bin/simple_scrub.jl:95
┌ Info: Changing column TimepointInfo::FL to TimepointInfo__FL
└ @ Main /Users/ksb/repos/lab_repos/echo_analysis/bin/simple_scrub.jl:95
┌ Info: Changing column TimepointInfo::gender to TimepointInfo__gender
└ @ Main /Users/ksb/repos/lab_repos/echo_analysis/bin/simple_scrub.jl:95
┌ Info: Changing column TimepointInfo::HC to TimepointInfo__HC
└ @ Main /Users/ksb/repos/lab_repos/echo_analysis/bin/simple_scrub.jl:95
┌ Info: Changing column TimepointInfo::HL to TimepointInfo__HL
└ @ Main /Users/ksb/repos/lab_repos/echo_analysis/bin/simple_scrub.jl:95
┌ Info: Changing column TimepointInfo::letterSent to TimepointInfo__letterSent
└ @ Main /Users/ksb/repos/lab_repos/echo_analysis/bin/simple_scrub.jl:95
┌ Info: Changing column TimepointInfo::momDate to TimepointInfo__momDate
└ @ Main /Users/ksb/repos/lab_repos/echo_analysis/bin/simple_scrub.jl:95
┌ Info: Changing column TimepointInfo::motherHeadCircumference to TimepointInfo__motherHeadCircumference
└ @ Main /Users/ksb/repos/lab_repos/echo_analysis/bin/simple_scrub.jl:95
┌ Info: Changing column TimepointInfo::notes to TimepointInfo__notes
└ @ Main /Users/ksb/repos/lab_repos/echo_analysis/bin/simple_scrub.jl:95
┌ Info: Changing column TimepointInfo::OFD to TimepointInfo__OFD
└ @ Main /Users/ksb/repos/lab_repos/echo_analysis/bin/simple_scrub.jl:95
┌ Info: Changing column TimepointInfo::Placenta to TimepointInfo__Placenta
└ @ Main /Users/ksb/repos/lab_repos/echo_analysis/bin/simple_scrub.jl:95
┌ Info: Changing column TimepointInfo::raterInitials to TimepointInfo__raterInitials
└ @ Main /Users/ksb/repos/lab_repos/echo_analysis/bin/simple_scrub.jl:95
┌ Info: Changing column TimepointInfo::scanTime to TimepointInfo__scanTime
└ @ Main /Users/ksb/repos/lab_repos/echo_analysis/bin/simple_scrub.jl:95
┌ Info: Changing column TimepointInfo::timestampAcct to TimepointInfo__timestampAcct
└ @ Main /Users/ksb/repos/lab_repos/echo_analysis/bin/simple_scrub.jl:95
┌ Info: Changing column TimepointInfo::uniqueValidation to TimepointInfo__uniqueValidation
└ @ Main /Users/ksb/repos/lab_repos/echo_analysis/bin/simple_scrub.jl:95
┌ Info: Writing scrubbed file to /Users/ksb/repos/lab_repos/echo_analysis/data/metadata/timepointinfo.csv
└ @ Main /Users/ksb/repos/lab_repos/echo_analysis/bin/simple_scrub.jl:105
